# JRE version: OpenJDK Runtime Environment Temurin-21.0.7+6 (21.0.7+6) (build 21.0.7+6-LTS)
# Java VM: OpenJDK 64-Bit Server VM Temurin-21.0.7+6 (21.0.7+6-LTS, mixed mode, sharing, tiered, compressed oops, compressed class ptrs, parallel gc, windows-amd64)
GC Precious Log:
 CardTable entry size: 512
 CPUs: 4 total, 4 available
 Memory: 8101M
 Large Page Support: Disabled
 NUMA Support: Disabled
 Compressed Oops: Enabled (32-bit)
 Alignments: Space 512K, Generation 512K, Heap 2M
 Heap Min Capacity: 100M
 Heap Initial Capacity: 100M
 Heap Max Capacity: 2G
 Pre-touch: Disabled
 Parallel Workers: 4
Heap:
 PSYoungGen      total 9216K, used 1094K [0x00000000d5580000, 0x00000000d6200000, 0x0000000100000000)
  eden space 8704K, 10% used [0x00000000d5580000,0x00000000d5659b60,0x00000000d5e00000)
  from space 512K, 43% used [0x00000000d6180000,0x00000000d61b8000,0x00000000d6200000)
  to   space 512K, 0% used [0x00000000d6100000,0x00000000d6100000,0x00000000d6180000)
 ParOldGen       total 856576K, used 448309K [0x0000000080000000, 0x00000000b4480000, 0x00000000d5580000)
  object space 856576K, 52% used [0x0000000080000000,0x000000009b5cd600,0x00000000b4480000)
 Metaspace       used 83304K, committed 84992K, reserved 1179648K
  class space    used 8347K, committed 9152K, reserved 1048576K
GC Heap History (20 events):
Event: 3357.604 GC heap before
{Heap before GC invocations=1845 (full 4):
 PSYoungGen      total 10752K, used 10372K [0x00000000d5580000, 0x00000000d6280000, 0x0000000100000000)
  eden space 9216K, 100% used [0x00000000d5580000,0x00000000d5e80000,0x00000000d5e80000)
  from space 1536K, 75% used [0x00000000d6100000,0x00000000d6221210,0x00000000d6280000)
  to   space 2048K, 0% used [0x00000000d5e80000,0x00000000d5e80000,0x00000000d6080000)
 ParOldGen       total 856576K, used 442172K [0x0000000080000000, 0x00000000b4480000, 0x00000000d5580000)
  object space 856576K, 51% used [0x0000000080000000,0x000000009afcf2f8,0x00000000b4480000)
 Metaspace       used 83273K, committed 84992K, reserved 1179648K
  class space    used 8347K, committed 9152K, reserved 1048576K
}
Event: 3357.612 GC heap after
{Heap after GC invocations=1845 (full 4):
 PSYoungGen      total 11264K, used 173K [0x00000000d5580000, 0x00000000d6180000, 0x0000000100000000)
  eden space 9216K, 0% used [0x00000000d5580000,0x00000000d5580000,0x00000000d5e80000)
  from space 2048K, 8% used [0x00000000d5e80000,0x00000000d5eab528,0x00000000d6080000)
  to   space 1024K, 0% used [0x00000000d6080000,0x00000000d6080000,0x00000000d6180000)
 ParOldGen       total 856576K, used 443165K [0x0000000080000000, 0x00000000b4480000, 0x00000000d5580000)
  object space 856576K, 51% used [0x0000000080000000,0x000000009b0c7428,0x00000000b4480000)
 Metaspace       used 83273K, committed 84992K, reserved 1179648K
  class space    used 8347K, committed 9152K, reserved 1048576K
}
Event: 3357.737 GC heap before
{Heap before GC invocations=1846 (full 4):
 PSYoungGen      total 11264K, used 9389K [0x00000000d5580000, 0x00000000d6180000, 0x0000000100000000)
  eden space 9216K, 100% used [0x00000000d5580000,0x00000000d5e80000,0x00000000d5e80000)
  from space 2048K, 8% used [0x00000000d5e80000,0x00000000d5eab528,0x00000000d6080000)
  to   space 1024K, 0% used [0x00000000d6080000,0x00000000d6080000,0x00000000d6180000)
 ParOldGen       total 856576K, used 443165K [0x0000000080000000, 0x00000000b4480000, 0x00000000d5580000)
  object space 856576K, 51% used [0x0000000080000000,0x000000009b0c7428,0x00000000b4480000)
 Metaspace       used 83278K, committed 84992K, reserved 1179648K
  class space    used 8347K, committed 9152K, reserved 1048576K
}
Event: 3357.754 GC heap after
{Heap after GC invocations=1846 (full 4):
 PSYoungGen      total 9728K, used 1003K [0x00000000d5580000, 0x00000000d6380000, 0x0000000100000000)
  eden space 8704K, 0% used [0x00000000d5580000,0x00000000d5580000,0x00000000d5e00000)
  from space 1024K, 98% used [0x00000000d6080000,0x00000000d617af50,0x00000000d6180000)
  to   space 2560K, 0% used [0x00000000d5e00000,0x00000000d5e00000,0x00000000d6080000)
 ParOldGen       total 856576K, used 444314K [0x0000000080000000, 0x00000000b4480000, 0x00000000d5580000)
  object space 856576K, 51% used [0x0000000080000000,0x000000009b1e6a10,0x00000000b4480000)
 Metaspace       used 83278K, committed 84992K, reserved 1179648K
  class space    used 8347K, committed 9152K, reserved 1048576K
}
Event: 3357.834 GC heap before
{Heap before GC invocations=1847 (full 4):
 PSYoungGen      total 9728K, used 9707K [0x00000000d5580000, 0x00000000d6380000, 0x0000000100000000)
  eden space 8704K, 100% used [0x00000000d5580000,0x00000000d5e00000,0x00000000d5e00000)
  from space 1024K, 98% used [0x00000000d6080000,0x00000000d617af50,0x00000000d6180000)
  to   space 2560K, 0% used [0x00000000d5e00000,0x00000000d5e00000,0x00000000d6080000)
 ParOldGen       total 856576K, used 444314K [0x0000000080000000, 0x00000000b4480000, 0x00000000d5580000)
  object space 856576K, 51% used [0x0000000080000000,0x000000009b1e6a10,0x00000000b4480000)
 Metaspace       used 83283K, committed 84992K, reserved 1179648K
  class space    used 8347K, committed 9152K, reserved 1048576K
}
Event: 3357.842 GC heap after
{Heap after GC invocations=1847 (full 4):
 PSYoungGen      total 9216K, used 160K [0x00000000d5580000, 0x00000000d6100000, 0x0000000100000000)
  eden space 8704K, 0% used [0x00000000d5580000,0x00000000d5580000,0x00000000d5e00000)
  from space 512K, 31% used [0x00000000d5e00000,0x00000000d5e28000,0x00000000d5e80000)
  to   space 1024K, 0% used [0x00000000d6000000,0x00000000d6000000,0x00000000d6100000)
 ParOldGen       total 856576K, used 445175K [0x0000000080000000, 0x00000000b4480000, 0x00000000d5580000)
  object space 856576K, 51% used [0x0000000080000000,0x000000009b2bdd68,0x00000000b4480000)
 Metaspace       used 83283K, committed 84992K, reserved 1179648K
  class space    used 8347K, committed 9152K, reserved 1048576K
}
Event: 3358.812 GC heap before
{Heap before GC invocations=1848 (full 4):
 PSYoungGen      total 9216K, used 8864K [0x00000000d5580000, 0x00000000d6100000, 0x0000000100000000)
  eden space 8704K, 100% used [0x00000000d5580000,0x00000000d5e00000,0x00000000d5e00000)
  from space 512K, 31% used [0x00000000d5e00000,0x00000000d5e28000,0x00000000d5e80000)
  to   space 1024K, 0% used [0x00000000d6000000,0x00000000d6000000,0x00000000d6100000)
 ParOldGen       total 856576K, used 445175K [0x0000000080000000, 0x00000000b4480000, 0x00000000d5580000)
  object space 856576K, 51% used [0x0000000080000000,0x000000009b2bdd68,0x00000000b4480000)
 Metaspace       used 83284K, committed 84992K, reserved 1179648K
  class space    used 8347K, committed 9152K, reserved 1048576K
}
Event: 3358.817 GC heap after
{Heap after GC invocations=1848 (full 4):
 PSYoungGen      total 9728K, used 532K [0x00000000d5580000, 0x00000000d6100000, 0x0000000100000000)
  eden space 8704K, 0% used [0x00000000d5580000,0x00000000d5580000,0x00000000d5e00000)
  from space 1024K, 52% used [0x00000000d6000000,0x00000000d6085200,0x00000000d6100000)
  to   space 1024K, 0% used [0x00000000d5f00000,0x00000000d5f00000,0x00000000d6000000)
 ParOldGen       total 856576K, used 445215K [0x0000000080000000, 0x00000000b4480000, 0x00000000d5580000)
  object space 856576K, 51% used [0x0000000080000000,0x000000009b2c7d68,0x00000000b4480000)
 Metaspace       used 83284K, committed 84992K, reserved 1179648K
  class space    used 8347K, committed 9152K, reserved 1048576K
}
Event: 3359.156 GC heap before
{Heap before GC invocations=1849 (full 4):
 PSYoungGen      total 9728K, used 9236K [0x00000000d5580000, 0x00000000d6100000, 0x0000000100000000)
  eden space 8704K, 100% used [0x00000000d5580000,0x00000000d5e00000,0x00000000d5e00000)
  from space 1024K, 52% used [0x00000000d6000000,0x00000000d6085200,0x00000000d6100000)
  to   space 1024K, 0% used [0x00000000d5f00000,0x00000000d5f00000,0x00000000d6000000)
 ParOldGen       total 856576K, used 445215K [0x0000000080000000, 0x00000000b4480000, 0x00000000d5580000)
  object space 856576K, 51% used [0x0000000080000000,0x000000009b2c7d68,0x00000000b4480000)
 Metaspace       used 83284K, committed 84992K, reserved 1179648K
  class space    used 8347K, committed 9152K, reserved 1048576K
}
Event: 3359.163 GC heap after
{Heap after GC invocations=1849 (full 4):
 PSYoungGen      total 9728K, used 1011K [0x00000000d5580000, 0x00000000d6200000, 0x0000000100000000)
  eden space 8704K, 0% used [0x00000000d5580000,0x00000000d5580000,0x00000000d5e00000)
  from space 1024K, 98% used [0x00000000d5f00000,0x00000000d5ffcc28,0x00000000d6000000)
  to   space 2048K, 0% used [0x00000000d6000000,0x00000000d6000000,0x00000000d6200000)
 ParOldGen       total 856576K, used 445663K [0x0000000080000000, 0x00000000b4480000, 0x00000000d5580000)
  object space 856576K, 52% used [0x0000000080000000,0x000000009b337d98,0x00000000b4480000)
 Metaspace       used 83284K, committed 84992K, reserved 1179648K
  class space    used 8347K, committed 9152K, reserved 1048576K
}
Event: 3359.195 GC heap before
{Heap before GC invocations=1850 (full 4):
 PSYoungGen      total 9728K, used 9715K [0x00000000d5580000, 0x00000000d6200000, 0x0000000100000000)
  eden space 8704K, 100% used [0x00000000d5580000,0x00000000d5e00000,0x00000000d5e00000)
  from space 1024K, 98% used [0x00000000d5f00000,0x00000000d5ffcc28,0x00000000d6000000)
  to   space 2048K, 0% used [0x00000000d6000000,0x00000000d6000000,0x00000000d6200000)
 ParOldGen       total 856576K, used 445663K [0x0000000080000000, 0x00000000b4480000, 0x00000000d5580000)
  object space 856576K, 52% used [0x0000000080000000,0x000000009b337d98,0x00000000b4480000)
 Metaspace       used 83286K, committed 84992K, reserved 1179648K
  class space    used 8347K, committed 9152K, reserved 1048576K
}
Event: 3359.204 GC heap after
{Heap after GC invocations=1850 (full 4):
 PSYoungGen      total 10752K, used 1843K [0x00000000d5580000, 0x00000000d6200000, 0x0000000100000000)
  eden space 8704K, 0% used [0x00000000d5580000,0x00000000d5580000,0x00000000d5e00000)
  from space 2048K, 90% used [0x00000000d6000000,0x00000000d61ccd98,0x00000000d6200000)
  to   space 2048K, 0% used [0x00000000d5e00000,0x00000000d5e00000,0x00000000d6000000)
 ParOldGen       total 856576K, used 446628K [0x0000000080000000, 0x00000000b4480000, 0x00000000d5580000)
  object space 856576K, 52% used [0x0000000080000000,0x000000009b4292c0,0x00000000b4480000)
 Metaspace       used 83286K, committed 84992K, reserved 1179648K
  class space    used 8347K, committed 9152K, reserved 1048576K
}
Event: 3359.286 GC heap before
{Heap before GC invocations=1851 (full 4):
 PSYoungGen      total 10752K, used 10534K [0x00000000d5580000, 0x00000000d6200000, 0x0000000100000000)
  eden space 8704K, 99% used [0x00000000d5580000,0x00000000d5dfcd38,0x00000000d5e00000)
  from space 2048K, 90% used [0x00000000d6000000,0x00000000d61ccd98,0x00000000d6200000)
  to   space 2048K, 0% used [0x00000000d5e00000,0x00000000d5e00000,0x00000000d6000000)
 ParOldGen       total 856576K, used 446628K [0x0000000080000000, 0x00000000b4480000, 0x00000000d5580000)
  object space 856576K, 52% used [0x0000000080000000,0x000000009b4292c0,0x00000000b4480000)
 Metaspace       used 83291K, committed 84992K, reserved 1179648K
  class space    used 8347K, committed 9152K, reserved 1048576K
}
Event: 3359.296 GC heap after
{Heap after GC invocations=1851 (full 4):
 PSYoungGen      total 10752K, used 2040K [0x00000000d5580000, 0x00000000d6600000, 0x0000000100000000)
  eden space 8704K, 0% used [0x00000000d5580000,0x00000000d5580000,0x00000000d5e00000)
  from space 2048K, 99% used [0x00000000d5e00000,0x00000000d5ffe050,0x00000000d6000000)
  to   space 4096K, 0% used [0x00000000d6200000,0x00000000d6200000,0x00000000d6600000)
 ParOldGen       total 856576K, used 448125K [0x0000000080000000, 0x00000000b4480000, 0x00000000d5580000)
  object space 856576K, 52% used [0x0000000080000000,0x000000009b59f600,0x00000000b4480000)
 Metaspace       used 83291K, committed 84992K, reserved 1179648K
  class space    used 8347K, committed 9152K, reserved 1048576K
}
Event: 3359.522 GC heap before
{Heap before GC invocations=1852 (full 4):
 PSYoungGen      total 10752K, used 10744K [0x00000000d5580000, 0x00000000d6600000, 0x0000000100000000)
  eden space 8704K, 100% used [0x00000000d5580000,0x00000000d5e00000,0x00000000d5e00000)
  from space 2048K, 99% used [0x00000000d5e00000,0x00000000d5ffe050,0x00000000d6000000)
  to   space 4096K, 0% used [0x00000000d6200000,0x00000000d6200000,0x00000000d6600000)
 ParOldGen       total 856576K, used 448125K [0x0000000080000000, 0x00000000b4480000, 0x00000000d5580000)
  object space 856576K, 52% used [0x0000000080000000,0x000000009b59f600,0x00000000b4480000)
 Metaspace       used 83293K, committed 84992K, reserved 1179648K
  class space    used 8347K, committed 9152K, reserved 1048576K
}
Event: 3359.526 GC heap after
{Heap after GC invocations=1852 (full 4):
 PSYoungGen      total 10240K, used 1213K [0x00000000d5580000, 0x00000000d6380000, 0x0000000100000000)
  eden space 8704K, 0% used [0x00000000d5580000,0x00000000d5580000,0x00000000d5e00000)
  from space 1536K, 78% used [0x00000000d6200000,0x00000000d632f558,0x00000000d6380000)
  to   space 2560K, 0% used [0x00000000d5e80000,0x00000000d5e80000,0x00000000d6100000)
 ParOldGen       total 856576K, used 448189K [0x0000000080000000, 0x00000000b4480000, 0x00000000d5580000)
  object space 856576K, 52% used [0x0000000080000000,0x000000009b5af600,0x00000000b4480000)
 Metaspace       used 83293K, committed 84992K, reserved 1179648K
  class space    used 8347K, committed 9152K, reserved 1048576K
}
Event: 3360.243 GC heap before
{Heap before GC invocations=1853 (full 4):
 PSYoungGen      total 10240K, used 9917K [0x00000000d5580000, 0x00000000d6380000, 0x0000000100000000)
  eden space 8704K, 100% used [0x00000000d5580000,0x00000000d5e00000,0x00000000d5e00000)
  from space 1536K, 78% used [0x00000000d6200000,0x00000000d632f558,0x00000000d6380000)
  to   space 2560K, 0% used [0x00000000d5e80000,0x00000000d5e80000,0x00000000d6100000)
 ParOldGen       total 856576K, used 448189K [0x0000000080000000, 0x00000000b4480000, 0x00000000d5580000)
  object space 856576K, 52% used [0x0000000080000000,0x000000009b5af600,0x00000000b4480000)
 Metaspace       used 83303K, committed 84992K, reserved 1179648K
  class space    used 8347K, committed 9152K, reserved 1048576K
}
Event: 3360.247 GC heap after
{Heap after GC invocations=1853 (full 4):
 PSYoungGen      total 11264K, used 515K [0x00000000d5580000, 0x00000000d6280000, 0x0000000100000000)
  eden space 8704K, 0% used [0x00000000d5580000,0x00000000d5580000,0x00000000d5e00000)
  from space 2560K, 20% used [0x00000000d5e80000,0x00000000d5f00c38,0x00000000d6100000)
  to   space 1024K, 0% used [0x00000000d6180000,0x00000000d6180000,0x00000000d6280000)
 ParOldGen       total 856576K, used 448285K [0x0000000080000000, 0x00000000b4480000, 0x00000000d5580000)
  object space 856576K, 52% used [0x0000000080000000,0x000000009b5c7600,0x00000000b4480000)
 Metaspace       used 83303K, committed 84992K, reserved 1179648K
  class space    used 8347K, committed 9152K, reserved 1048576K
}
Event: 3360.401 GC heap before
{Heap before GC invocations=1854 (full 4):
 PSYoungGen      total 11264K, used 9219K [0x00000000d5580000, 0x00000000d6280000, 0x0000000100000000)
  eden space 8704K, 100% used [0x00000000d5580000,0x00000000d5e00000,0x00000000d5e00000)
  from space 2560K, 20% used [0x00000000d5e80000,0x00000000d5f00c38,0x00000000d6100000)
  to   space 1024K, 0% used [0x00000000d6180000,0x00000000d6180000,0x00000000d6280000)
 ParOldGen       total 856576K, used 448285K [0x0000000080000000, 0x00000000b4480000, 0x00000000d5580000)
  object space 856576K, 52% used [0x0000000080000000,0x000000009b5c7600,0x00000000b4480000)
 Metaspace       used 83303K, committed 84992K, reserved 1179648K
  class space    used 8347K, committed 9152K, reserved 1048576K
}
Event: 3360.402 GC heap after
{Heap after GC invocations=1854 (full 4):
 PSYoungGen      total 9216K, used 224K [0x00000000d5580000, 0x00000000d6200000, 0x0000000100000000)
  eden space 8704K, 0% used [0x00000000d5580000,0x00000000d5580000,0x00000000d5e00000)
  from space 512K, 43% used [0x00000000d6180000,0x00000000d61b8000,0x00000000d6200000)
  to   space 512K, 0% used [0x00000000d6100000,0x00000000d6100000,0x00000000d6180000)
 ParOldGen       total 856576K, used 448309K [0x0000000080000000, 0x00000000b4480000, 0x00000000d5580000)
  object space 856576K, 52% used [0x0000000080000000,0x000000009b5cd600,0x00000000b4480000)
 Metaspace       used 83303K, committed 84992K, reserved 1179648K
  class space    used 8347K, committed 9152K, reserved 1048576K
}

