# JRE version: OpenJDK Runtime Environment Temurin-21.0.7+6 (21.0.7+6) (build 21.0.7+6-LTS)
# Java VM: OpenJDK 64-Bit Server VM Temurin-21.0.7+6 (21.0.7+6-LTS, mixed mode, sharing, tiered, compressed oops, compressed class ptrs, parallel gc, windows-amd64)
GC Precious Log:
 CardTable entry size: 512
 CPUs: 4 total, 4 available
 Memory: 8101M
 Large Page Support: Disabled
 NUMA Support: Disabled
 Compressed Oops: Enabled (32-bit)
 Alignments: Space 512K, Generation 512K, Heap 2M
 Heap Min Capacity: 100M
 Heap Initial Capacity: 100M
 Heap Max Capacity: 2G
 Pre-touch: Disabled
 Parallel Workers: 4
Heap:
 PSYoungGen      total 2048K, used 448K [0x00000000d5580000, 0x00000000d5880000, 0x0000000100000000)
  eden space 1536K, 17% used [0x00000000d5580000,0x00000000d55c2f10,0x00000000d5700000)
  from space 512K, 35% used [0x00000000d5780000,0x00000000d57ad200,0x00000000d5800000)
  to   space 512K, 0% used [0x00000000d5800000,0x00000000d5800000,0x00000000d5880000)
 ParOldGen       total 414720K, used 399380K [0x0000000080000000, 0x0000000099500000, 0x00000000d5580000)
  object space 414720K, 96% used [0x0000000080000000,0x0000000098605050,0x0000000099500000)
 Metaspace       used 71581K, committed 73216K, reserved 1114112K
  class space    used 7126K, committed 7872K, reserved 1048576K
GC Heap History (20 events):
Event: 147.572 GC heap before
{Heap before GC invocations=883 (full 3):
 PSYoungGen      total 2048K, used 1664K [0x00000000d5580000, 0x00000000d5900000, 0x0000000100000000)
  eden space 1536K, 100% used [0x00000000d5580000,0x00000000d5700000,0x00000000d5700000)
  from space 512K, 25% used [0x00000000d5800000,0x00000000d5820000,0x00000000d5880000)
  to   space 512K, 0% used [0x00000000d5880000,0x00000000d5880000,0x00000000d5900000)
 ParOldGen       total 414720K, used 397028K [0x0000000080000000, 0x0000000099500000, 0x00000000d5580000)
  object space 414720K, 95% used [0x0000000080000000,0x00000000983b90c0,0x0000000099500000)
 Metaspace       used 71503K, committed 73152K, reserved 1114112K
  class space    used 7125K, committed 7872K, reserved 1048576K
}
Event: 147.574 GC heap after
{Heap after GC invocations=883 (full 3):
 PSYoungGen      total 2048K, used 128K [0x00000000d5580000, 0x00000000d5900000, 0x0000000100000000)
  eden space 1536K, 0% used [0x00000000d5580000,0x00000000d5580000,0x00000000d5700000)
  from space 512K, 25% used [0x00000000d5880000,0x00000000d58a0000,0x00000000d5900000)
  to   space 512K, 0% used [0x00000000d5800000,0x00000000d5800000,0x00000000d5880000)
 ParOldGen       total 414720K, used 397060K [0x0000000080000000, 0x0000000099500000, 0x00000000d5580000)
  object space 414720K, 95% used [0x0000000080000000,0x00000000983c10c0,0x0000000099500000)
 Metaspace       used 71503K, committed 73152K, reserved 1114112K
  class space    used 7125K, committed 7872K, reserved 1048576K
}
Event: 148.564 GC heap before
{Heap before GC invocations=884 (full 3):
 PSYoungGen      total 2048K, used 1663K [0x00000000d5580000, 0x00000000d5900000, 0x0000000100000000)
  eden space 1536K, 99% used [0x00000000d5580000,0x00000000d56fffb8,0x00000000d5700000)
  from space 512K, 25% used [0x00000000d5880000,0x00000000d58a0000,0x00000000d5900000)
  to   space 512K, 0% used [0x00000000d5800000,0x00000000d5800000,0x00000000d5880000)
 ParOldGen       total 414720K, used 397060K [0x0000000080000000, 0x0000000099500000, 0x00000000d5580000)
  object space 414720K, 95% used [0x0000000080000000,0x00000000983c10c0,0x0000000099500000)
 Metaspace       used 71506K, committed 73152K, reserved 1114112K
  class space    used 7125K, committed 7872K, reserved 1048576K
}
Event: 148.565 GC heap after
{Heap after GC invocations=884 (full 3):
 PSYoungGen      total 2048K, used 227K [0x00000000d5580000, 0x00000000d5900000, 0x0000000100000000)
  eden space 1536K, 0% used [0x00000000d5580000,0x00000000d5580000,0x00000000d5700000)
  from space 512K, 44% used [0x00000000d5800000,0x00000000d5838f58,0x00000000d5880000)
  to   space 512K, 0% used [0x00000000d5880000,0x00000000d5880000,0x00000000d5900000)
 ParOldGen       total 414720K, used 397084K [0x0000000080000000, 0x0000000099500000, 0x00000000d5580000)
  object space 414720K, 95% used [0x0000000080000000,0x00000000983c70c0,0x0000000099500000)
 Metaspace       used 71506K, committed 73152K, reserved 1114112K
  class space    used 7125K, committed 7872K, reserved 1048576K
}
Event: 148.577 GC heap before
{Heap before GC invocations=885 (full 3):
 PSYoungGen      total 2048K, used 1763K [0x00000000d5580000, 0x00000000d5900000, 0x0000000100000000)
  eden space 1536K, 100% used [0x00000000d5580000,0x00000000d5700000,0x00000000d5700000)
  from space 512K, 44% used [0x00000000d5800000,0x00000000d5838f58,0x00000000d5880000)
  to   space 512K, 0% used [0x00000000d5880000,0x00000000d5880000,0x00000000d5900000)
 ParOldGen       total 414720K, used 397084K [0x0000000080000000, 0x0000000099500000, 0x00000000d5580000)
  object space 414720K, 95% used [0x0000000080000000,0x00000000983c70c0,0x0000000099500000)
 Metaspace       used 71513K, committed 73152K, reserved 1114112K
  class space    used 7125K, committed 7872K, reserved 1048576K
}
Event: 148.580 GC heap after
{Heap after GC invocations=885 (full 3):
 PSYoungGen      total 2048K, used 184K [0x00000000d5580000, 0x00000000d5900000, 0x0000000100000000)
  eden space 1536K, 0% used [0x00000000d5580000,0x00000000d5580000,0x00000000d5700000)
  from space 512K, 36% used [0x00000000d5880000,0x00000000d58ae158,0x00000000d5900000)
  to   space 512K, 0% used [0x00000000d5800000,0x00000000d5800000,0x00000000d5880000)
 ParOldGen       total 414720K, used 397116K [0x0000000080000000, 0x0000000099500000, 0x00000000d5580000)
  object space 414720K, 95% used [0x0000000080000000,0x00000000983cf0c0,0x0000000099500000)
 Metaspace       used 71513K, committed 73152K, reserved 1114112K
  class space    used 7125K, committed 7872K, reserved 1048576K
}
Event: 148.586 GC heap before
{Heap before GC invocations=886 (full 3):
 PSYoungGen      total 2048K, used 1720K [0x00000000d5580000, 0x00000000d5900000, 0x0000000100000000)
  eden space 1536K, 100% used [0x00000000d5580000,0x00000000d5700000,0x00000000d5700000)
  from space 512K, 36% used [0x00000000d5880000,0x00000000d58ae158,0x00000000d5900000)
  to   space 512K, 0% used [0x00000000d5800000,0x00000000d5800000,0x00000000d5880000)
 ParOldGen       total 414720K, used 397116K [0x0000000080000000, 0x0000000099500000, 0x00000000d5580000)
  object space 414720K, 95% used [0x0000000080000000,0x00000000983cf0c0,0x0000000099500000)
 Metaspace       used 71513K, committed 73152K, reserved 1114112K
  class space    used 7125K, committed 7872K, reserved 1048576K
}
Event: 148.589 GC heap after
{Heap after GC invocations=886 (full 3):
 PSYoungGen      total 2048K, used 416K [0x00000000d5580000, 0x00000000d5900000, 0x0000000100000000)
  eden space 1536K, 0% used [0x00000000d5580000,0x00000000d5580000,0x00000000d5700000)
  from space 512K, 81% used [0x00000000d5800000,0x00000000d5868000,0x00000000d5880000)
  to   space 512K, 0% used [0x00000000d5880000,0x00000000d5880000,0x00000000d5900000)
 ParOldGen       total 414720K, used 397260K [0x0000000080000000, 0x0000000099500000, 0x00000000d5580000)
  object space 414720K, 95% used [0x0000000080000000,0x00000000983f3218,0x0000000099500000)
 Metaspace       used 71513K, committed 73152K, reserved 1114112K
  class space    used 7125K, committed 7872K, reserved 1048576K
}
Event: 148.602 GC heap before
{Heap before GC invocations=887 (full 3):
 PSYoungGen      total 2048K, used 1952K [0x00000000d5580000, 0x00000000d5900000, 0x0000000100000000)
  eden space 1536K, 100% used [0x00000000d5580000,0x00000000d5700000,0x00000000d5700000)
  from space 512K, 81% used [0x00000000d5800000,0x00000000d5868000,0x00000000d5880000)
  to   space 512K, 0% used [0x00000000d5880000,0x00000000d5880000,0x00000000d5900000)
 ParOldGen       total 414720K, used 397260K [0x0000000080000000, 0x0000000099500000, 0x00000000d5580000)
  object space 414720K, 95% used [0x0000000080000000,0x00000000983f3218,0x0000000099500000)
 Metaspace       used 71517K, committed 73152K, reserved 1114112K
  class space    used 7126K, committed 7872K, reserved 1048576K
}
Event: 148.604 GC heap after
{Heap after GC invocations=887 (full 3):
 PSYoungGen      total 2048K, used 416K [0x00000000d5580000, 0x00000000d5900000, 0x0000000100000000)
  eden space 1536K, 0% used [0x00000000d5580000,0x00000000d5580000,0x00000000d5700000)
  from space 512K, 81% used [0x00000000d5880000,0x00000000d58e8000,0x00000000d5900000)
  to   space 512K, 0% used [0x00000000d5800000,0x00000000d5800000,0x00000000d5880000)
 ParOldGen       total 414720K, used 397628K [0x0000000080000000, 0x0000000099500000, 0x00000000d5580000)
  object space 414720K, 95% used [0x0000000080000000,0x000000009844f228,0x0000000099500000)
 Metaspace       used 71517K, committed 73152K, reserved 1114112K
  class space    used 7126K, committed 7872K, reserved 1048576K
}
Event: 148.623 GC heap before
{Heap before GC invocations=888 (full 3):
 PSYoungGen      total 2048K, used 1951K [0x00000000d5580000, 0x00000000d5900000, 0x0000000100000000)
  eden space 1536K, 99% used [0x00000000d5580000,0x00000000d56fffb0,0x00000000d5700000)
  from space 512K, 81% used [0x00000000d5880000,0x00000000d58e8000,0x00000000d5900000)
  to   space 512K, 0% used [0x00000000d5800000,0x00000000d5800000,0x00000000d5880000)
 ParOldGen       total 414720K, used 397628K [0x0000000080000000, 0x0000000099500000, 0x00000000d5580000)
  object space 414720K, 95% used [0x0000000080000000,0x000000009844f228,0x0000000099500000)
 Metaspace       used 71535K, committed 73152K, reserved 1114112K
  class space    used 7126K, committed 7872K, reserved 1048576K
}
Event: 148.624 GC heap after
{Heap after GC invocations=888 (full 3):
 PSYoungGen      total 2048K, used 416K [0x00000000d5580000, 0x00000000d5900000, 0x0000000100000000)
  eden space 1536K, 0% used [0x00000000d5580000,0x00000000d5580000,0x00000000d5700000)
  from space 512K, 81% used [0x00000000d5800000,0x00000000d5868000,0x00000000d5880000)
  to   space 512K, 0% used [0x00000000d5880000,0x00000000d5880000,0x00000000d5900000)
 ParOldGen       total 414720K, used 397988K [0x0000000080000000, 0x0000000099500000, 0x00000000d5580000)
  object space 414720K, 95% used [0x0000000080000000,0x00000000984a9248,0x0000000099500000)
 Metaspace       used 71535K, committed 73152K, reserved 1114112K
  class space    used 7126K, committed 7872K, reserved 1048576K
}
Event: 148.645 GC heap before
{Heap before GC invocations=889 (full 3):
 PSYoungGen      total 2048K, used 1952K [0x00000000d5580000, 0x00000000d5900000, 0x0000000100000000)
  eden space 1536K, 100% used [0x00000000d5580000,0x00000000d5700000,0x00000000d5700000)
  from space 512K, 81% used [0x00000000d5800000,0x00000000d5868000,0x00000000d5880000)
  to   space 512K, 0% used [0x00000000d5880000,0x00000000d5880000,0x00000000d5900000)
 ParOldGen       total 414720K, used 397988K [0x0000000080000000, 0x0000000099500000, 0x00000000d5580000)
  object space 414720K, 95% used [0x0000000080000000,0x00000000984a9248,0x0000000099500000)
 Metaspace       used 71537K, committed 73152K, reserved 1114112K
  class space    used 7126K, committed 7872K, reserved 1048576K
}
Event: 148.648 GC heap after
{Heap after GC invocations=889 (full 3):
 PSYoungGen      total 2048K, used 512K [0x00000000d5580000, 0x00000000d5900000, 0x0000000100000000)
  eden space 1536K, 0% used [0x00000000d5580000,0x00000000d5580000,0x00000000d5700000)
  from space 512K, 100% used [0x00000000d5880000,0x00000000d5900000,0x00000000d5900000)
  to   space 1024K, 0% used [0x00000000d5700000,0x00000000d5700000,0x00000000d5800000)
 ParOldGen       total 414720K, used 398388K [0x0000000080000000, 0x0000000099500000, 0x00000000d5580000)
  object space 414720K, 96% used [0x0000000080000000,0x000000009850d248,0x0000000099500000)
 Metaspace       used 71537K, committed 73152K, reserved 1114112K
  class space    used 7126K, committed 7872K, reserved 1048576K
}
Event: 148.728 GC heap before
{Heap before GC invocations=890 (full 3):
 PSYoungGen      total 2048K, used 2048K [0x00000000d5580000, 0x00000000d5900000, 0x0000000100000000)
  eden space 1536K, 100% used [0x00000000d5580000,0x00000000d5700000,0x00000000d5700000)
  from space 512K, 100% used [0x00000000d5880000,0x00000000d5900000,0x00000000d5900000)
  to   space 1024K, 0% used [0x00000000d5700000,0x00000000d5700000,0x00000000d5800000)
 ParOldGen       total 414720K, used 398388K [0x0000000080000000, 0x0000000099500000, 0x00000000d5580000)
  object space 414720K, 96% used [0x0000000080000000,0x000000009850d248,0x0000000099500000)
 Metaspace       used 71541K, committed 73152K, reserved 1114112K
  class space    used 7126K, committed 7872K, reserved 1048576K
}
Event: 148.730 GC heap after
{Heap after GC invocations=890 (full 3):
 PSYoungGen      total 2560K, used 544K [0x00000000d5580000, 0x00000000d5900000, 0x0000000100000000)
  eden space 1536K, 0% used [0x00000000d5580000,0x00000000d5580000,0x00000000d5700000)
  from space 1024K, 53% used [0x00000000d5700000,0x00000000d5788000,0x00000000d5800000)
  to   space 1024K, 0% used [0x00000000d5800000,0x00000000d5800000,0x00000000d5900000)
 ParOldGen       total 414720K, used 398868K [0x0000000080000000, 0x0000000099500000, 0x00000000d5580000)
  object space 414720K, 96% used [0x0000000080000000,0x0000000098585258,0x0000000099500000)
 Metaspace       used 71541K, committed 73152K, reserved 1114112K
  class space    used 7126K, committed 7872K, reserved 1048576K
}
Event: 149.280 GC heap before
{Heap before GC invocations=891 (full 3):
 PSYoungGen      total 2560K, used 2078K [0x00000000d5580000, 0x00000000d5900000, 0x0000000100000000)
  eden space 1536K, 99% used [0x00000000d5580000,0x00000000d56ff8c0,0x00000000d5700000)
  from space 1024K, 53% used [0x00000000d5700000,0x00000000d5788000,0x00000000d5800000)
  to   space 1024K, 0% used [0x00000000d5800000,0x00000000d5800000,0x00000000d5900000)
 ParOldGen       total 414720K, used 398868K [0x0000000080000000, 0x0000000099500000, 0x00000000d5580000)
  object space 414720K, 96% used [0x0000000080000000,0x0000000098585258,0x0000000099500000)
 Metaspace       used 71579K, committed 73216K, reserved 1114112K
  class space    used 7126K, committed 7872K, reserved 1048576K
}
Event: 149.283 GC heap after
{Heap after GC invocations=891 (full 3):
 PSYoungGen      total 2048K, used 67K [0x00000000d5580000, 0x00000000d5880000, 0x0000000100000000)
  eden space 1536K, 0% used [0x00000000d5580000,0x00000000d5580000,0x00000000d5700000)
  from space 512K, 13% used [0x00000000d5800000,0x00000000d5810f58,0x00000000d5880000)
  to   space 512K, 0% used [0x00000000d5780000,0x00000000d5780000,0x00000000d5800000)
 ParOldGen       total 414720K, used 399344K [0x0000000080000000, 0x0000000099500000, 0x00000000d5580000)
  object space 414720K, 96% used [0x0000000080000000,0x00000000985fc0f8,0x0000000099500000)
 Metaspace       used 71579K, committed 73216K, reserved 1114112K
  class space    used 7126K, committed 7872K, reserved 1048576K
}
Event: 150.240 GC heap before
{Heap before GC invocations=892 (full 3):
 PSYoungGen      total 2048K, used 1603K [0x00000000d5580000, 0x00000000d5880000, 0x0000000100000000)
  eden space 1536K, 99% used [0x00000000d5580000,0x00000000d56ffff0,0x00000000d5700000)
  from space 512K, 13% used [0x00000000d5800000,0x00000000d5810f58,0x00000000d5880000)
  to   space 512K, 0% used [0x00000000d5780000,0x00000000d5780000,0x00000000d5800000)
 ParOldGen       total 414720K, used 399344K [0x0000000080000000, 0x0000000099500000, 0x00000000d5580000)
  object space 414720K, 96% used [0x0000000080000000,0x00000000985fc0f8,0x0000000099500000)
 Metaspace       used 71581K, committed 73216K, reserved 1114112K
  class space    used 7126K, committed 7872K, reserved 1048576K
}
Event: 150.248 GC heap after
{Heap after GC invocations=892 (full 3):
 PSYoungGen      total 2048K, used 180K [0x00000000d5580000, 0x00000000d5880000, 0x0000000100000000)
  eden space 1536K, 0% used [0x00000000d5580000,0x00000000d5580000,0x00000000d5700000)
  from space 512K, 35% used [0x00000000d5780000,0x00000000d57ad200,0x00000000d5800000)
  to   space 512K, 0% used [0x00000000d5800000,0x00000000d5800000,0x00000000d5880000)
 ParOldGen       total 414720K, used 399380K [0x0000000080000000, 0x0000000099500000, 0x00000000d5580000)
  object space 414720K, 96% used [0x0000000080000000,0x0000000098605050,0x0000000099500000)
 Metaspace       used 71581K, committed 73216K, reserved 1114112K
  class space    used 7126K, committed 7872K, reserved 1048576K
}

