# JRE version: OpenJDK Runtime Environment Temurin-21.0.7+6 (21.0.7+6) (build 21.0.7+6-LTS)
# Java VM: OpenJDK 64-Bit Server VM Temurin-21.0.7+6 (21.0.7+6-LTS, mixed mode, sharing, tiered, compressed oops, compressed class ptrs, parallel gc, windows-amd64)
GC Precious Log:
 CardTable entry size: 512
 CPUs: 4 total, 4 available
 Memory: 8101M
 Large Page Support: Disabled
 NUMA Support: Disabled
 Compressed Oops: Enabled (32-bit)
 Alignments: Space 512K, Generation 512K, Heap 2M
 Heap Min Capacity: 100M
 Heap Initial Capacity: 100M
 Heap Max Capacity: 2G
 Pre-touch: Disabled
 Parallel Workers: 4
Heap:
 PSYoungGen      total 2560K, used 2233K [0x00000000d5580000, 0x00000000d5a00000, 0x0000000100000000)
  eden space 2048K, 99% used [0x00000000d5580000,0x00000000d577fe30,0x00000000d5780000)
  from space 512K, 36% used [0x00000000d5780000,0x00000000d57ae900,0x00000000d5800000)
  to   space 1024K, 0% used [0x00000000d5900000,0x00000000d5900000,0x00000000d5a00000)
 ParOldGen       total 732160K, used 446011K [0x0000000080000000, 0x00000000acb00000, 0x00000000d5580000)
  object space 732160K, 60% used [0x0000000080000000,0x000000009b38ed68,0x00000000acb00000)
 Metaspace       used 85775K, committed 87424K, reserved 1179648K
  class space    used 8435K, committed 9280K, reserved 1048576K
GC Heap History (20 events):
Event: 18033.147 GC heap before
{Heap before GC invocations=1611 (full 5):
 PSYoungGen      total 4096K, used 3885K [0x00000000d5580000, 0x00000000d5a80000, 0x0000000100000000)
  eden space 3072K, 100% used [0x00000000d5580000,0x00000000d5880000,0x00000000d5880000)
  from space 1024K, 79% used [0x00000000d5880000,0x00000000d594b5d8,0x00000000d5980000)
  to   space 1024K, 0% used [0x00000000d5980000,0x00000000d5980000,0x00000000d5a80000)
 ParOldGen       total 732160K, used 442449K [0x0000000080000000, 0x00000000acb00000, 0x00000000d5580000)
  object space 732160K, 60% used [0x0000000080000000,0x000000009b014758,0x00000000acb00000)
 Metaspace       used 85650K, committed 87232K, reserved 1179648K
  class space    used 8430K, committed 9280K, reserved 1048576K
}
Event: 18033.150 GC heap after
{Heap after GC invocations=1611 (full 5):
 PSYoungGen      total 3584K, used 128K [0x00000000d5580000, 0x00000000d5a00000, 0x0000000100000000)
  eden space 3072K, 0% used [0x00000000d5580000,0x00000000d5580000,0x00000000d5880000)
  from space 512K, 25% used [0x00000000d5980000,0x00000000d59a0000,0x00000000d5a00000)
  to   space 512K, 0% used [0x00000000d5900000,0x00000000d5900000,0x00000000d5980000)
 ParOldGen       total 732160K, used 442519K [0x0000000080000000, 0x00000000acb00000, 0x00000000d5580000)
  object space 732160K, 60% used [0x0000000080000000,0x000000009b025d10,0x00000000acb00000)
 Metaspace       used 85650K, committed 87232K, reserved 1179648K
  class space    used 8430K, committed 9280K, reserved 1048576K
}
Event: 18033.220 GC heap before
{Heap before GC invocations=1612 (full 5):
 PSYoungGen      total 3584K, used 3200K [0x00000000d5580000, 0x00000000d5a00000, 0x0000000100000000)
  eden space 3072K, 100% used [0x00000000d5580000,0x00000000d5880000,0x00000000d5880000)
  from space 512K, 25% used [0x00000000d5980000,0x00000000d59a0000,0x00000000d5a00000)
  to   space 512K, 0% used [0x00000000d5900000,0x00000000d5900000,0x00000000d5980000)
 ParOldGen       total 732160K, used 442519K [0x0000000080000000, 0x00000000acb00000, 0x00000000d5580000)
  object space 732160K, 60% used [0x0000000080000000,0x000000009b025d10,0x00000000acb00000)
 Metaspace       used 85661K, committed 87232K, reserved 1179648K
  class space    used 8431K, committed 9280K, reserved 1048576K
}
Event: 18033.222 GC heap after
{Heap after GC invocations=1612 (full 5):
 PSYoungGen      total 3584K, used 503K [0x00000000d5580000, 0x00000000d5a80000, 0x0000000100000000)
  eden space 3072K, 0% used [0x00000000d5580000,0x00000000d5580000,0x00000000d5880000)
  from space 512K, 98% used [0x00000000d5900000,0x00000000d597dec8,0x00000000d5980000)
  to   space 1024K, 0% used [0x00000000d5980000,0x00000000d5980000,0x00000000d5a80000)
 ParOldGen       total 732160K, used 442551K [0x0000000080000000, 0x00000000acb00000, 0x00000000d5580000)
  object space 732160K, 60% used [0x0000000080000000,0x000000009b02dd10,0x00000000acb00000)
 Metaspace       used 85661K, committed 87232K, reserved 1179648K
  class space    used 8431K, committed 9280K, reserved 1048576K
}
Event: 18033.235 GC heap before
{Heap before GC invocations=1613 (full 5):
 PSYoungGen      total 3584K, used 3575K [0x00000000d5580000, 0x00000000d5a80000, 0x0000000100000000)
  eden space 3072K, 100% used [0x00000000d5580000,0x00000000d5880000,0x00000000d5880000)
  from space 512K, 98% used [0x00000000d5900000,0x00000000d597dec8,0x00000000d5980000)
  to   space 1024K, 0% used [0x00000000d5980000,0x00000000d5980000,0x00000000d5a80000)
 ParOldGen       total 732160K, used 442551K [0x0000000080000000, 0x00000000acb00000, 0x00000000d5580000)
  object space 732160K, 60% used [0x0000000080000000,0x000000009b02dd10,0x00000000acb00000)
 Metaspace       used 85661K, committed 87232K, reserved 1179648K
  class space    used 8431K, committed 9280K, reserved 1048576K
}
Event: 18033.238 GC heap after
{Heap after GC invocations=1613 (full 5):
 PSYoungGen      total 4096K, used 816K [0x00000000d5580000, 0x00000000d5a80000, 0x0000000100000000)
  eden space 3072K, 0% used [0x00000000d5580000,0x00000000d5580000,0x00000000d5880000)
  from space 1024K, 79% used [0x00000000d5980000,0x00000000d5a4c010,0x00000000d5a80000)
  to   space 1024K, 0% used [0x00000000d5880000,0x00000000d5880000,0x00000000d5980000)
 ParOldGen       total 732160K, used 443013K [0x0000000080000000, 0x00000000acb00000, 0x00000000d5580000)
  object space 732160K, 60% used [0x0000000080000000,0x000000009b0a14e8,0x00000000acb00000)
 Metaspace       used 85661K, committed 87232K, reserved 1179648K
  class space    used 8431K, committed 9280K, reserved 1048576K
}
Event: 18033.256 GC heap before
{Heap before GC invocations=1614 (full 5):
 PSYoungGen      total 4096K, used 3888K [0x00000000d5580000, 0x00000000d5a80000, 0x0000000100000000)
  eden space 3072K, 100% used [0x00000000d5580000,0x00000000d5880000,0x00000000d5880000)
  from space 1024K, 79% used [0x00000000d5980000,0x00000000d5a4c010,0x00000000d5a80000)
  to   space 1024K, 0% used [0x00000000d5880000,0x00000000d5880000,0x00000000d5980000)
 ParOldGen       total 732160K, used 443013K [0x0000000080000000, 0x00000000acb00000, 0x00000000d5580000)
  object space 732160K, 60% used [0x0000000080000000,0x000000009b0a14e8,0x00000000acb00000)
 Metaspace       used 85714K, committed 87296K, reserved 1179648K
  class space    used 8431K, committed 9280K, reserved 1048576K
}
Event: 18033.258 GC heap after
{Heap after GC invocations=1614 (full 5):
 PSYoungGen      total 4096K, used 576K [0x00000000d5580000, 0x00000000d5a80000, 0x0000000100000000)
  eden space 3072K, 0% used [0x00000000d5580000,0x00000000d5580000,0x00000000d5880000)
  from space 1024K, 56% used [0x00000000d5880000,0x00000000d5910000,0x00000000d5980000)
  to   space 1024K, 0% used [0x00000000d5980000,0x00000000d5980000,0x00000000d5a80000)
 ParOldGen       total 732160K, used 443757K [0x0000000080000000, 0x00000000acb00000, 0x00000000d5580000)
  object space 732160K, 60% used [0x0000000080000000,0x000000009b15b508,0x00000000acb00000)
 Metaspace       used 85714K, committed 87296K, reserved 1179648K
  class space    used 8431K, committed 9280K, reserved 1048576K
}
Event: 18036.982 GC heap before
{Heap before GC invocations=1615 (full 5):
 PSYoungGen      total 4096K, used 3648K [0x00000000d5580000, 0x00000000d5a80000, 0x0000000100000000)
  eden space 3072K, 100% used [0x00000000d5580000,0x00000000d5880000,0x00000000d5880000)
  from space 1024K, 56% used [0x00000000d5880000,0x00000000d5910000,0x00000000d5980000)
  to   space 1024K, 0% used [0x00000000d5980000,0x00000000d5980000,0x00000000d5a80000)
 ParOldGen       total 732160K, used 443757K [0x0000000080000000, 0x00000000acb00000, 0x00000000d5580000)
  object space 732160K, 60% used [0x0000000080000000,0x000000009b15b508,0x00000000acb00000)
 Metaspace       used 85734K, committed 87360K, reserved 1179648K
  class space    used 8431K, committed 9280K, reserved 1048576K
}
Event: 18036.989 GC heap after
{Heap after GC invocations=1615 (full 5):
 PSYoungGen      total 3584K, used 282K [0x00000000d5580000, 0x00000000d5a00000, 0x0000000100000000)
  eden space 3072K, 0% used [0x00000000d5580000,0x00000000d5580000,0x00000000d5880000)
  from space 512K, 55% used [0x00000000d5980000,0x00000000d59c6900,0x00000000d5a00000)
  to   space 512K, 0% used [0x00000000d5900000,0x00000000d5900000,0x00000000d5980000)
 ParOldGen       total 732160K, used 444264K [0x0000000080000000, 0x00000000acb00000, 0x00000000d5580000)
  object space 732160K, 60% used [0x0000000080000000,0x000000009b1da218,0x00000000acb00000)
 Metaspace       used 85734K, committed 87360K, reserved 1179648K
  class space    used 8431K, committed 9280K, reserved 1048576K
}
Event: 18037.666 GC heap before
{Heap before GC invocations=1616 (full 5):
 PSYoungGen      total 3584K, used 3354K [0x00000000d5580000, 0x00000000d5a00000, 0x0000000100000000)
  eden space 3072K, 100% used [0x00000000d5580000,0x00000000d5880000,0x00000000d5880000)
  from space 512K, 55% used [0x00000000d5980000,0x00000000d59c6900,0x00000000d5a00000)
  to   space 512K, 0% used [0x00000000d5900000,0x00000000d5900000,0x00000000d5980000)
 ParOldGen       total 732160K, used 444264K [0x0000000080000000, 0x00000000acb00000, 0x00000000d5580000)
  object space 732160K, 60% used [0x0000000080000000,0x000000009b1da218,0x00000000acb00000)
 Metaspace       used 85740K, committed 87360K, reserved 1179648K
  class space    used 8431K, committed 9280K, reserved 1048576K
}
Event: 18037.670 GC heap after
{Heap after GC invocations=1616 (full 5):
 PSYoungGen      total 3584K, used 239K [0x00000000d5580000, 0x00000000d5a00000, 0x0000000100000000)
  eden space 3072K, 0% used [0x00000000d5580000,0x00000000d5580000,0x00000000d5880000)
  from space 512K, 46% used [0x00000000d5900000,0x00000000d593bd70,0x00000000d5980000)
  to   space 512K, 0% used [0x00000000d5980000,0x00000000d5980000,0x00000000d5a00000)
 ParOldGen       total 732160K, used 444280K [0x0000000080000000, 0x00000000acb00000, 0x00000000d5580000)
  object space 732160K, 60% used [0x0000000080000000,0x000000009b1de218,0x00000000acb00000)
 Metaspace       used 85740K, committed 87360K, reserved 1179648K
  class space    used 8431K, committed 9280K, reserved 1048576K
}
Event: 18038.591 GC heap before
{Heap before GC invocations=1617 (full 5):
 PSYoungGen      total 3584K, used 3311K [0x00000000d5580000, 0x00000000d5a00000, 0x0000000100000000)
  eden space 3072K, 100% used [0x00000000d5580000,0x00000000d5880000,0x00000000d5880000)
  from space 512K, 46% used [0x00000000d5900000,0x00000000d593bd70,0x00000000d5980000)
  to   space 512K, 0% used [0x00000000d5980000,0x00000000d5980000,0x00000000d5a00000)
 ParOldGen       total 732160K, used 444280K [0x0000000080000000, 0x00000000acb00000, 0x00000000d5580000)
  object space 732160K, 60% used [0x0000000080000000,0x000000009b1de218,0x00000000acb00000)
 Metaspace       used 85755K, committed 87360K, reserved 1179648K
  class space    used 8431K, committed 9280K, reserved 1048576K
}
Event: 18038.592 GC heap after
{Heap after GC invocations=1617 (full 5):
 PSYoungGen      total 3584K, used 205K [0x00000000d5580000, 0x00000000d5a00000, 0x0000000100000000)
  eden space 3072K, 0% used [0x00000000d5580000,0x00000000d5580000,0x00000000d5880000)
  from space 512K, 40% used [0x00000000d5980000,0x00000000d59b35b8,0x00000000d5a00000)
  to   space 512K, 0% used [0x00000000d5900000,0x00000000d5900000,0x00000000d5980000)
 ParOldGen       total 732160K, used 444288K [0x0000000080000000, 0x00000000acb00000, 0x00000000d5580000)
  object space 732160K, 60% used [0x0000000080000000,0x000000009b1e0218,0x00000000acb00000)
 Metaspace       used 85755K, committed 87360K, reserved 1179648K
  class space    used 8431K, committed 9280K, reserved 1048576K
}
Event: 18038.603 GC heap before
{Heap before GC invocations=1618 (full 5):
 PSYoungGen      total 3584K, used 3277K [0x00000000d5580000, 0x00000000d5a00000, 0x0000000100000000)
  eden space 3072K, 100% used [0x00000000d5580000,0x00000000d5880000,0x00000000d5880000)
  from space 512K, 40% used [0x00000000d5980000,0x00000000d59b35b8,0x00000000d5a00000)
  to   space 512K, 0% used [0x00000000d5900000,0x00000000d5900000,0x00000000d5980000)
 ParOldGen       total 732160K, used 444288K [0x0000000080000000, 0x00000000acb00000, 0x00000000d5580000)
  object space 732160K, 60% used [0x0000000080000000,0x000000009b1e0218,0x00000000acb00000)
 Metaspace       used 85755K, committed 87360K, reserved 1179648K
  class space    used 8431K, committed 9280K, reserved 1048576K
}
Event: 18038.605 GC heap after
{Heap after GC invocations=1618 (full 5):
 PSYoungGen      total 3584K, used 506K [0x00000000d5580000, 0x00000000d5a80000, 0x0000000100000000)
  eden space 3072K, 0% used [0x00000000d5580000,0x00000000d5580000,0x00000000d5880000)
  from space 512K, 98% used [0x00000000d5900000,0x00000000d597e900,0x00000000d5980000)
  to   space 1024K, 0% used [0x00000000d5980000,0x00000000d5980000,0x00000000d5a80000)
 ParOldGen       total 732160K, used 444525K [0x0000000080000000, 0x00000000acb00000, 0x00000000d5580000)
  object space 732160K, 60% used [0x0000000080000000,0x000000009b21b7d0,0x00000000acb00000)
 Metaspace       used 85755K, committed 87360K, reserved 1179648K
  class space    used 8431K, committed 9280K, reserved 1048576K
}
Event: 18038.620 GC heap before
{Heap before GC invocations=1619 (full 5):
 PSYoungGen      total 3584K, used 3578K [0x00000000d5580000, 0x00000000d5a80000, 0x0000000100000000)
  eden space 3072K, 100% used [0x00000000d5580000,0x00000000d5880000,0x00000000d5880000)
  from space 512K, 98% used [0x00000000d5900000,0x00000000d597e900,0x00000000d5980000)
  to   space 1024K, 0% used [0x00000000d5980000,0x00000000d5980000,0x00000000d5a80000)
 ParOldGen       total 732160K, used 444525K [0x0000000080000000, 0x00000000acb00000, 0x00000000d5580000)
  object space 732160K, 60% used [0x0000000080000000,0x000000009b21b7d0,0x00000000acb00000)
 Metaspace       used 85758K, committed 87424K, reserved 1179648K
  class space    used 8431K, committed 9280K, reserved 1048576K
}
Event: 18038.624 GC heap after
{Heap after GC invocations=1619 (full 5):
 PSYoungGen      total 3072K, used 1024K [0x00000000d5580000, 0x00000000d5c80000, 0x0000000100000000)
  eden space 2048K, 0% used [0x00000000d5580000,0x00000000d5580000,0x00000000d5780000)
  from space 1024K, 100% used [0x00000000d5980000,0x00000000d5a80000,0x00000000d5a80000)
  to   space 2048K, 0% used [0x00000000d5780000,0x00000000d5780000,0x00000000d5980000)
 ParOldGen       total 732160K, used 445026K [0x0000000080000000, 0x00000000acb00000, 0x00000000d5580000)
  object space 732160K, 60% used [0x0000000080000000,0x000000009b298a00,0x00000000acb00000)
 Metaspace       used 85758K, committed 87424K, reserved 1179648K
  class space    used 8431K, committed 9280K, reserved 1048576K
}
Event: 18038.924 GC heap before
{Heap before GC invocations=1620 (full 5):
 PSYoungGen      total 3072K, used 3072K [0x00000000d5580000, 0x00000000d5c80000, 0x0000000100000000)
  eden space 2048K, 100% used [0x00000000d5580000,0x00000000d5780000,0x00000000d5780000)
  from space 1024K, 100% used [0x00000000d5980000,0x00000000d5a80000,0x00000000d5a80000)
  to   space 2048K, 0% used [0x00000000d5780000,0x00000000d5780000,0x00000000d5980000)
 ParOldGen       total 732160K, used 445026K [0x0000000080000000, 0x00000000acb00000, 0x00000000d5580000)
  object space 732160K, 60% used [0x0000000080000000,0x000000009b298a00,0x00000000acb00000)
 Metaspace       used 85775K, committed 87424K, reserved 1179648K
  class space    used 8435K, committed 9280K, reserved 1048576K
}
Event: 18038.931 GC heap after
{Heap after GC invocations=1620 (full 5):
 PSYoungGen      total 2560K, used 186K [0x00000000d5580000, 0x00000000d5a00000, 0x0000000100000000)
  eden space 2048K, 0% used [0x00000000d5580000,0x00000000d5580000,0x00000000d5780000)
  from space 512K, 36% used [0x00000000d5780000,0x00000000d57ae900,0x00000000d5800000)
  to   space 1024K, 0% used [0x00000000d5900000,0x00000000d5900000,0x00000000d5a00000)
 ParOldGen       total 732160K, used 446011K [0x0000000080000000, 0x00000000acb00000, 0x00000000d5580000)
  object space 732160K, 60% used [0x0000000080000000,0x000000009b38ed68,0x00000000acb00000)
 Metaspace       used 85775K, committed 87424K, reserved 1179648K
  class space    used 8435K, committed 9280K, reserved 1048576K
}

