# JRE version: OpenJDK Runtime Environment Temurin-21.0.7+6 (21.0.7+6) (build 21.0.7+6-LTS)
# Java VM: OpenJDK 64-Bit Server VM Temurin-21.0.7+6 (21.0.7+6-LTS, mixed mode, sharing, tiered, compressed oops, compressed class ptrs, parallel gc, windows-amd64)
GC Precious Log:
 CardTable entry size: 512
 CPUs: 4 total, 4 available
 Memory: 8101M
 Large Page Support: Disabled
 NUMA Support: Disabled
 Compressed Oops: Enabled (32-bit)
 Alignments: Space 512K, Generation 512K, Heap 2M
 Heap Min Capacity: 100M
 Heap Initial Capacity: 100M
 Heap Max Capacity: 2G
 Pre-touch: Disabled
 Parallel Workers: 4
Heap:
 PSYoungGen      total 7168K, used 5215K [0x00000000d5580000, 0x00000000d5f00000, 0x0000000100000000)
  eden space 5632K, 65% used [0x00000000d5580000,0x00000000d5917c18,0x00000000d5b00000)
  from space 1536K, 100% used [0x00000000d5b00000,0x00000000d5c80000,0x00000000d5c80000)
  to   space 2048K, 0% used [0x00000000d5d00000,0x00000000d5d00000,0x00000000d5f00000)
 ParOldGen       total 811520K, used 232733K [0x0000000080000000, 0x00000000b1880000, 0x00000000d5580000)
  object space 811520K, 28% used [0x0000000080000000,0x000000008e3477e8,0x00000000b1880000)
 Metaspace       used 75065K, committed 76672K, reserved 1179648K
  class space    used 7439K, committed 8128K, reserved 1048576K
GC Heap History (20 events):
Event: 800.488 GC heap before
{Heap before GC invocations=1112 (full 4):
 PSYoungGen      total 6656K, used 6336K [0x00000000d5580000, 0x00000000d5e80000, 0x0000000100000000)
  eden space 5120K, 100% used [0x00000000d5580000,0x00000000d5a80000,0x00000000d5a80000)
  from space 1536K, 79% used [0x00000000d5a80000,0x00000000d5bb0000,0x00000000d5c00000)
  to   space 1536K, 0% used [0x00000000d5d00000,0x00000000d5d00000,0x00000000d5e80000)
 ParOldGen       total 811520K, used 227131K [0x0000000080000000, 0x00000000b1880000, 0x00000000d5580000)
  object space 811520K, 27% used [0x0000000080000000,0x000000008ddcee60,0x00000000b1880000)
 Metaspace       used 74843K, committed 76416K, reserved 1179648K
  class space    used 7429K, committed 8128K, reserved 1048576K
}
Event: 800.499 GC heap after
{Heap after GC invocations=1112 (full 4):
 PSYoungGen      total 6656K, used 349K [0x00000000d5580000, 0x00000000d5d80000, 0x0000000100000000)
  eden space 6144K, 0% used [0x00000000d5580000,0x00000000d5580000,0x00000000d5b80000)
  from space 512K, 68% used [0x00000000d5d00000,0x00000000d5d57468,0x00000000d5d80000)
  to   space 1024K, 0% used [0x00000000d5b80000,0x00000000d5b80000,0x00000000d5c80000)
 ParOldGen       total 811520K, used 228263K [0x0000000080000000, 0x00000000b1880000, 0x00000000d5580000)
  object space 811520K, 28% used [0x0000000080000000,0x000000008dee9e80,0x00000000b1880000)
 Metaspace       used 74843K, committed 76416K, reserved 1179648K
  class space    used 7429K, committed 8128K, reserved 1048576K
}
Event: 800.598 GC heap before
{Heap before GC invocations=1113 (full 4):
 PSYoungGen      total 6656K, used 6493K [0x00000000d5580000, 0x00000000d5d80000, 0x0000000100000000)
  eden space 6144K, 100% used [0x00000000d5580000,0x00000000d5b80000,0x00000000d5b80000)
  from space 512K, 68% used [0x00000000d5d00000,0x00000000d5d57468,0x00000000d5d80000)
  to   space 1024K, 0% used [0x00000000d5b80000,0x00000000d5b80000,0x00000000d5c80000)
 ParOldGen       total 811520K, used 228263K [0x0000000080000000, 0x00000000b1880000, 0x00000000d5580000)
  object space 811520K, 28% used [0x0000000080000000,0x000000008dee9e80,0x00000000b1880000)
 Metaspace       used 74860K, committed 76480K, reserved 1179648K
  class space    used 7433K, committed 8128K, reserved 1048576K
}
Event: 800.603 GC heap after
{Heap after GC invocations=1113 (full 4):
 PSYoungGen      total 7168K, used 1018K [0x00000000d5580000, 0x00000000d5e80000, 0x0000000100000000)
  eden space 6144K, 0% used [0x00000000d5580000,0x00000000d5580000,0x00000000d5b80000)
  from space 1024K, 99% used [0x00000000d5b80000,0x00000000d5c7e900,0x00000000d5c80000)
  to   space 1536K, 0% used [0x00000000d5d00000,0x00000000d5d00000,0x00000000d5e80000)
 ParOldGen       total 811520K, used 228544K [0x0000000080000000, 0x00000000b1880000, 0x00000000d5580000)
  object space 811520K, 28% used [0x0000000080000000,0x000000008df30208,0x00000000b1880000)
 Metaspace       used 74860K, committed 76480K, reserved 1179648K
  class space    used 7433K, committed 8128K, reserved 1048576K
}
Event: 800.767 GC heap before
{Heap before GC invocations=1114 (full 4):
 PSYoungGen      total 7168K, used 7162K [0x00000000d5580000, 0x00000000d5e80000, 0x0000000100000000)
  eden space 6144K, 100% used [0x00000000d5580000,0x00000000d5b80000,0x00000000d5b80000)
  from space 1024K, 99% used [0x00000000d5b80000,0x00000000d5c7e900,0x00000000d5c80000)
  to   space 1536K, 0% used [0x00000000d5d00000,0x00000000d5d00000,0x00000000d5e80000)
 ParOldGen       total 811520K, used 228544K [0x0000000080000000, 0x00000000b1880000, 0x00000000d5580000)
  object space 811520K, 28% used [0x0000000080000000,0x000000008df30208,0x00000000b1880000)
 Metaspace       used 74891K, committed 76480K, reserved 1179648K
  class space    used 7433K, committed 8128K, reserved 1048576K
}
Event: 800.780 GC heap after
{Heap after GC invocations=1114 (full 4):
 PSYoungGen      total 7680K, used 1456K [0x00000000d5580000, 0x00000000d5e80000, 0x0000000100000000)
  eden space 6144K, 0% used [0x00000000d5580000,0x00000000d5580000,0x00000000d5b80000)
  from space 1536K, 94% used [0x00000000d5d00000,0x00000000d5e6c110,0x00000000d5e80000)
  to   space 1536K, 0% used [0x00000000d5b80000,0x00000000d5b80000,0x00000000d5d00000)
 ParOldGen       total 811520K, used 229561K [0x0000000080000000, 0x00000000b1880000, 0x00000000d5580000)
  object space 811520K, 28% used [0x0000000080000000,0x000000008e02e608,0x00000000b1880000)
 Metaspace       used 74891K, committed 76480K, reserved 1179648K
  class space    used 7433K, committed 8128K, reserved 1048576K
}
Event: 801.000 GC heap before
{Heap before GC invocations=1115 (full 4):
 PSYoungGen      total 7680K, used 7600K [0x00000000d5580000, 0x00000000d5e80000, 0x0000000100000000)
  eden space 6144K, 100% used [0x00000000d5580000,0x00000000d5b80000,0x00000000d5b80000)
  from space 1536K, 94% used [0x00000000d5d00000,0x00000000d5e6c110,0x00000000d5e80000)
  to   space 1536K, 0% used [0x00000000d5b80000,0x00000000d5b80000,0x00000000d5d00000)
 ParOldGen       total 811520K, used 229561K [0x0000000080000000, 0x00000000b1880000, 0x00000000d5580000)
  object space 811520K, 28% used [0x0000000080000000,0x000000008e02e608,0x00000000b1880000)
 Metaspace       used 74919K, committed 76544K, reserved 1179648K
  class space    used 7433K, committed 8128K, reserved 1048576K
}
Event: 801.010 GC heap after
{Heap after GC invocations=1115 (full 4):
 PSYoungGen      total 6656K, used 160K [0x00000000d5580000, 0x00000000d5d80000, 0x0000000100000000)
  eden space 6144K, 0% used [0x00000000d5580000,0x00000000d5580000,0x00000000d5b80000)
  from space 512K, 31% used [0x00000000d5b80000,0x00000000d5ba8000,0x00000000d5c00000)
  to   space 1024K, 0% used [0x00000000d5c80000,0x00000000d5c80000,0x00000000d5d80000)
 ParOldGen       total 811520K, used 230381K [0x0000000080000000, 0x00000000b1880000, 0x00000000d5580000)
  object space 811520K, 28% used [0x0000000080000000,0x000000008e0fb748,0x00000000b1880000)
 Metaspace       used 74919K, committed 76544K, reserved 1179648K
  class space    used 7433K, committed 8128K, reserved 1048576K
}
Event: 801.619 GC heap before
{Heap before GC invocations=1116 (full 4):
 PSYoungGen      total 6656K, used 6304K [0x00000000d5580000, 0x00000000d5d80000, 0x0000000100000000)
  eden space 6144K, 100% used [0x00000000d5580000,0x00000000d5b80000,0x00000000d5b80000)
  from space 512K, 31% used [0x00000000d5b80000,0x00000000d5ba8000,0x00000000d5c00000)
  to   space 1024K, 0% used [0x00000000d5c80000,0x00000000d5c80000,0x00000000d5d80000)
 ParOldGen       total 811520K, used 230381K [0x0000000080000000, 0x00000000b1880000, 0x00000000d5580000)
  object space 811520K, 28% used [0x0000000080000000,0x000000008e0fb748,0x00000000b1880000)
 Metaspace       used 74958K, committed 76544K, reserved 1179648K
  class space    used 7438K, committed 8128K, reserved 1048576K
}
Event: 801.621 GC heap after
{Heap after GC invocations=1116 (full 4):
 PSYoungGen      total 6656K, used 897K [0x00000000d5580000, 0x00000000d5e80000, 0x0000000100000000)
  eden space 5632K, 0% used [0x00000000d5580000,0x00000000d5580000,0x00000000d5b00000)
  from space 1024K, 87% used [0x00000000d5c80000,0x00000000d5d60750,0x00000000d5d80000)
  to   space 1536K, 0% used [0x00000000d5b00000,0x00000000d5b00000,0x00000000d5c80000)
 ParOldGen       total 811520K, used 230421K [0x0000000080000000, 0x00000000b1880000, 0x00000000d5580000)
  object space 811520K, 28% used [0x0000000080000000,0x000000008e105748,0x00000000b1880000)
 Metaspace       used 74958K, committed 76544K, reserved 1179648K
  class space    used 7438K, committed 8128K, reserved 1048576K
}
Event: 801.674 GC heap before
{Heap before GC invocations=1117 (full 4):
 PSYoungGen      total 6656K, used 6529K [0x00000000d5580000, 0x00000000d5e80000, 0x0000000100000000)
  eden space 5632K, 100% used [0x00000000d5580000,0x00000000d5b00000,0x00000000d5b00000)
  from space 1024K, 87% used [0x00000000d5c80000,0x00000000d5d60750,0x00000000d5d80000)
  to   space 1536K, 0% used [0x00000000d5b00000,0x00000000d5b00000,0x00000000d5c80000)
 ParOldGen       total 811520K, used 230421K [0x0000000080000000, 0x00000000b1880000, 0x00000000d5580000)
  object space 811520K, 28% used [0x0000000080000000,0x000000008e105748,0x00000000b1880000)
 Metaspace       used 74976K, committed 76544K, reserved 1179648K
  class space    used 7438K, committed 8128K, reserved 1048576K
}
Event: 801.677 GC heap after
{Heap after GC invocations=1117 (full 4):
 PSYoungGen      total 6656K, used 512K [0x00000000d5580000, 0x00000000d5d00000, 0x0000000100000000)
  eden space 5632K, 0% used [0x00000000d5580000,0x00000000d5580000,0x00000000d5b00000)
  from space 1024K, 50% used [0x00000000d5b00000,0x00000000d5b80120,0x00000000d5c00000)
  to   space 1024K, 0% used [0x00000000d5c00000,0x00000000d5c00000,0x00000000d5d00000)
 ParOldGen       total 811520K, used 230505K [0x0000000080000000, 0x00000000b1880000, 0x00000000d5580000)
  object space 811520K, 28% used [0x0000000080000000,0x000000008e11a658,0x00000000b1880000)
 Metaspace       used 74976K, committed 76544K, reserved 1179648K
  class space    used 7438K, committed 8128K, reserved 1048576K
}
Event: 802.018 GC heap before
{Heap before GC invocations=1118 (full 4):
 PSYoungGen      total 6656K, used 6144K [0x00000000d5580000, 0x00000000d5d00000, 0x0000000100000000)
  eden space 5632K, 99% used [0x00000000d5580000,0x00000000d5affff0,0x00000000d5b00000)
  from space 1024K, 50% used [0x00000000d5b00000,0x00000000d5b80120,0x00000000d5c00000)
  to   space 1024K, 0% used [0x00000000d5c00000,0x00000000d5c00000,0x00000000d5d00000)
 ParOldGen       total 811520K, used 230505K [0x0000000080000000, 0x00000000b1880000, 0x00000000d5580000)
  object space 811520K, 28% used [0x0000000080000000,0x000000008e11a658,0x00000000b1880000)
 Metaspace       used 74985K, committed 76608K, reserved 1179648K
  class space    used 7438K, committed 8128K, reserved 1048576K
}
Event: 802.019 GC heap after
{Heap after GC invocations=1118 (full 4):
 PSYoungGen      total 6144K, used 187K [0x00000000d5580000, 0x00000000d5c80000, 0x0000000100000000)
  eden space 5632K, 0% used [0x00000000d5580000,0x00000000d5580000,0x00000000d5b00000)
  from space 512K, 36% used [0x00000000d5c00000,0x00000000d5c2ef10,0x00000000d5c80000)
  to   space 512K, 0% used [0x00000000d5b80000,0x00000000d5b80000,0x00000000d5c00000)
 ParOldGen       total 811520K, used 230529K [0x0000000080000000, 0x00000000b1880000, 0x00000000d5580000)
  object space 811520K, 28% used [0x0000000080000000,0x000000008e120658,0x00000000b1880000)
 Metaspace       used 74985K, committed 76608K, reserved 1179648K
  class space    used 7438K, committed 8128K, reserved 1048576K
}
Event: 802.051 GC heap before
{Heap before GC invocations=1119 (full 4):
 PSYoungGen      total 6144K, used 5819K [0x00000000d5580000, 0x00000000d5c80000, 0x0000000100000000)
  eden space 5632K, 100% used [0x00000000d5580000,0x00000000d5b00000,0x00000000d5b00000)
  from space 512K, 36% used [0x00000000d5c00000,0x00000000d5c2ef10,0x00000000d5c80000)
  to   space 512K, 0% used [0x00000000d5b80000,0x00000000d5b80000,0x00000000d5c00000)
 ParOldGen       total 811520K, used 230529K [0x0000000080000000, 0x00000000b1880000, 0x00000000d5580000)
  object space 811520K, 28% used [0x0000000080000000,0x000000008e120658,0x00000000b1880000)
 Metaspace       used 74988K, committed 76608K, reserved 1179648K
  class space    used 7438K, committed 8128K, reserved 1048576K
}
Event: 802.060 GC heap after
{Heap after GC invocations=1119 (full 4):
 PSYoungGen      total 6144K, used 500K [0x00000000d5580000, 0x00000000d5f00000, 0x0000000100000000)
  eden space 5632K, 0% used [0x00000000d5580000,0x00000000d5580000,0x00000000d5b00000)
  from space 512K, 97% used [0x00000000d5b80000,0x00000000d5bfd200,0x00000000d5c00000)
  to   space 2048K, 0% used [0x00000000d5d00000,0x00000000d5d00000,0x00000000d5f00000)
 ParOldGen       total 811520K, used 231401K [0x0000000080000000, 0x00000000b1880000, 0x00000000d5580000)
  object space 811520K, 28% used [0x0000000080000000,0x000000008e1fa798,0x00000000b1880000)
 Metaspace       used 74988K, committed 76608K, reserved 1179648K
  class space    used 7438K, committed 8128K, reserved 1048576K
}
Event: 802.555 GC heap before
{Heap before GC invocations=1120 (full 4):
 PSYoungGen      total 6144K, used 6132K [0x00000000d5580000, 0x00000000d5f00000, 0x0000000100000000)
  eden space 5632K, 100% used [0x00000000d5580000,0x00000000d5b00000,0x00000000d5b00000)
  from space 512K, 97% used [0x00000000d5b80000,0x00000000d5bfd200,0x00000000d5c00000)
  to   space 2048K, 0% used [0x00000000d5d00000,0x00000000d5d00000,0x00000000d5f00000)
 ParOldGen       total 811520K, used 231401K [0x0000000080000000, 0x00000000b1880000, 0x00000000d5580000)
  object space 811520K, 28% used [0x0000000080000000,0x000000008e1fa798,0x00000000b1880000)
 Metaspace       used 75004K, committed 76608K, reserved 1179648K
  class space    used 7438K, committed 8128K, reserved 1048576K
}
Event: 802.561 GC heap after
{Heap after GC invocations=1120 (full 4):
 PSYoungGen      total 6656K, used 848K [0x00000000d5580000, 0x00000000d5e00000, 0x0000000100000000)
  eden space 5632K, 0% used [0x00000000d5580000,0x00000000d5580000,0x00000000d5b00000)
  from space 1024K, 82% used [0x00000000d5d00000,0x00000000d5dd4110,0x00000000d5e00000)
  to   space 1536K, 0% used [0x00000000d5b00000,0x00000000d5b00000,0x00000000d5c80000)
 ParOldGen       total 811520K, used 231926K [0x0000000080000000, 0x00000000b1880000, 0x00000000d5580000)
  object space 811520K, 28% used [0x0000000080000000,0x000000008e27d998,0x00000000b1880000)
 Metaspace       used 75004K, committed 76608K, reserved 1179648K
  class space    used 7438K, committed 8128K, reserved 1048576K
}
Event: 802.604 GC heap before
{Heap before GC invocations=1121 (full 4):
 PSYoungGen      total 6656K, used 6480K [0x00000000d5580000, 0x00000000d5e00000, 0x0000000100000000)
  eden space 5632K, 100% used [0x00000000d5580000,0x00000000d5b00000,0x00000000d5b00000)
  from space 1024K, 82% used [0x00000000d5d00000,0x00000000d5dd4110,0x00000000d5e00000)
  to   space 1536K, 0% used [0x00000000d5b00000,0x00000000d5b00000,0x00000000d5c80000)
 ParOldGen       total 811520K, used 231926K [0x0000000080000000, 0x00000000b1880000, 0x00000000d5580000)
  object space 811520K, 28% used [0x0000000080000000,0x000000008e27d998,0x00000000b1880000)
 Metaspace       used 75012K, committed 76608K, reserved 1179648K
  class space    used 7439K, committed 8128K, reserved 1048576K
}
Event: 802.611 GC heap after
{Heap after GC invocations=1121 (full 4):
 PSYoungGen      total 7168K, used 1536K [0x00000000d5580000, 0x00000000d5f00000, 0x0000000100000000)
  eden space 5632K, 0% used [0x00000000d5580000,0x00000000d5580000,0x00000000d5b00000)
  from space 1536K, 100% used [0x00000000d5b00000,0x00000000d5c80000,0x00000000d5c80000)
  to   space 2048K, 0% used [0x00000000d5d00000,0x00000000d5d00000,0x00000000d5f00000)
 ParOldGen       total 811520K, used 232733K [0x0000000080000000, 0x00000000b1880000, 0x00000000d5580000)
  object space 811520K, 28% used [0x0000000080000000,0x000000008e3477e8,0x00000000b1880000)
 Metaspace       used 75012K, committed 76608K, reserved 1179648K
  class space    used 7439K, committed 8128K, reserved 1048576K
}

