# JRE version: OpenJDK Runtime Environment Temurin-21.0.7+6 (21.0.7+6) (build 21.0.7+6-LTS)
# Java VM: OpenJDK 64-Bit Server VM Temurin-21.0.7+6 (21.0.7+6-LTS, mixed mode, sharing, tiered, compressed oops, compressed class ptrs, parallel gc, windows-amd64)
GC Precious Log:
 CardTable entry size: 512
 CPUs: 4 total, 4 available
 Memory: 8101M
 Large Page Support: Disabled
 NUMA Support: Disabled
 Compressed Oops: Enabled (32-bit)
 Alignments: Space 512K, Generation 512K, Heap 2M
 Heap Min Capacity: 100M
 Heap Initial Capacity: 100M
 Heap Max Capacity: 2G
 Pre-touch: Disabled
 Parallel Workers: 4
Heap:
 PSYoungGen      total 2560K, used 1918K [0x00000000d5580000, 0x00000000d5900000, 0x0000000100000000)
  eden space 2048K, 87% used [0x00000000d5580000,0x00000000d573f8b8,0x00000000d5780000)
  from space 512K, 25% used [0x00000000d5880000,0x00000000d58a0000,0x00000000d5900000)
  to   space 512K, 0% used [0x00000000d5800000,0x00000000d5800000,0x00000000d5880000)
 ParOldGen       total 288256K, used 288092K [0x0000000080000000, 0x0000000091980000, 0x00000000d5580000)
  object space 288256K, 99% used [0x0000000080000000,0x0000000091957310,0x0000000091980000)
 Metaspace       used 71363K, committed 72960K, reserved 1114112K
  class space    used 7070K, committed 7808K, reserved 1048576K
GC Heap History (20 events):
Event: 407.031 GC heap before
{Heap before GC invocations=430 (full 3):
 PSYoungGen      total 2560K, used 2176K [0x00000000d5580000, 0x00000000d5900000, 0x0000000100000000)
  eden space 2048K, 100% used [0x00000000d5580000,0x00000000d5780000,0x00000000d5780000)
  from space 512K, 25% used [0x00000000d5880000,0x00000000d58a0000,0x00000000d5900000)
  to   space 512K, 0% used [0x00000000d5800000,0x00000000d5800000,0x00000000d5880000)
 ParOldGen       total 287744K, used 287538K [0x0000000080000000, 0x0000000091900000, 0x00000000d5580000)
  object space 287744K, 99% used [0x0000000080000000,0x00000000918ccb60,0x0000000091900000)
 Metaspace       used 71345K, committed 72960K, reserved 1114112K
  class space    used 7070K, committed 7808K, reserved 1048576K
}
Event: 407.035 GC heap after
{Heap after GC invocations=430 (full 3):
 PSYoungGen      total 2560K, used 128K [0x00000000d5580000, 0x00000000d5900000, 0x0000000100000000)
  eden space 2048K, 0% used [0x00000000d5580000,0x00000000d5580000,0x00000000d5780000)
  from space 512K, 25% used [0x00000000d5800000,0x00000000d5820000,0x00000000d5880000)
  to   space 512K, 0% used [0x00000000d5880000,0x00000000d5880000,0x00000000d5900000)
 ParOldGen       total 287744K, used 287538K [0x0000000080000000, 0x0000000091900000, 0x00000000d5580000)
  object space 287744K, 99% used [0x0000000080000000,0x00000000918ccb60,0x0000000091900000)
 Metaspace       used 71345K, committed 72960K, reserved 1114112K
  class space    used 7070K, committed 7808K, reserved 1048576K
}
Event: 407.129 GC heap before
{Heap before GC invocations=431 (full 3):
 PSYoungGen      total 2560K, used 2176K [0x00000000d5580000, 0x00000000d5900000, 0x0000000100000000)
  eden space 2048K, 100% used [0x00000000d5580000,0x00000000d5780000,0x00000000d5780000)
  from space 512K, 25% used [0x00000000d5800000,0x00000000d5820000,0x00000000d5880000)
  to   space 512K, 0% used [0x00000000d5880000,0x00000000d5880000,0x00000000d5900000)
 ParOldGen       total 287744K, used 287538K [0x0000000080000000, 0x0000000091900000, 0x00000000d5580000)
  object space 287744K, 99% used [0x0000000080000000,0x00000000918ccb60,0x0000000091900000)
 Metaspace       used 71345K, committed 72960K, reserved 1114112K
  class space    used 7070K, committed 7808K, reserved 1048576K
}
Event: 407.132 GC heap after
{Heap after GC invocations=431 (full 3):
 PSYoungGen      total 2560K, used 222K [0x00000000d5580000, 0x00000000d5900000, 0x0000000100000000)
  eden space 2048K, 0% used [0x00000000d5580000,0x00000000d5580000,0x00000000d5780000)
  from space 512K, 43% used [0x00000000d5880000,0x00000000d58b7b48,0x00000000d5900000)
  to   space 512K, 0% used [0x00000000d5800000,0x00000000d5800000,0x00000000d5880000)
 ParOldGen       total 287744K, used 287538K [0x0000000080000000, 0x0000000091900000, 0x00000000d5580000)
  object space 287744K, 99% used [0x0000000080000000,0x00000000918ccb60,0x0000000091900000)
 Metaspace       used 71345K, committed 72960K, reserved 1114112K
  class space    used 7070K, committed 7808K, reserved 1048576K
}
Event: 407.138 GC heap before
{Heap before GC invocations=432 (full 3):
 PSYoungGen      total 2560K, used 2270K [0x00000000d5580000, 0x00000000d5900000, 0x0000000100000000)
  eden space 2048K, 99% used [0x00000000d5580000,0x00000000d577fff8,0x00000000d5780000)
  from space 512K, 43% used [0x00000000d5880000,0x00000000d58b7b48,0x00000000d5900000)
  to   space 512K, 0% used [0x00000000d5800000,0x00000000d5800000,0x00000000d5880000)
 ParOldGen       total 287744K, used 287538K [0x0000000080000000, 0x0000000091900000, 0x00000000d5580000)
  object space 287744K, 99% used [0x0000000080000000,0x00000000918ccb60,0x0000000091900000)
 Metaspace       used 71345K, committed 72960K, reserved 1114112K
  class space    used 7070K, committed 7808K, reserved 1048576K
}
Event: 407.140 GC heap after
{Heap after GC invocations=432 (full 3):
 PSYoungGen      total 2560K, used 128K [0x00000000d5580000, 0x00000000d5900000, 0x0000000100000000)
  eden space 2048K, 0% used [0x00000000d5580000,0x00000000d5580000,0x00000000d5780000)
  from space 512K, 25% used [0x00000000d5800000,0x00000000d5820000,0x00000000d5880000)
  to   space 512K, 0% used [0x00000000d5880000,0x00000000d5880000,0x00000000d5900000)
 ParOldGen       total 287744K, used 287707K [0x0000000080000000, 0x0000000091900000, 0x00000000d5580000)
  object space 287744K, 99% used [0x0000000080000000,0x00000000918f6f38,0x0000000091900000)
 Metaspace       used 71345K, committed 72960K, reserved 1114112K
  class space    used 7070K, committed 7808K, reserved 1048576K
}
Event: 407.305 GC heap before
{Heap before GC invocations=433 (full 3):
 PSYoungGen      total 2560K, used 2176K [0x00000000d5580000, 0x00000000d5900000, 0x0000000100000000)
  eden space 2048K, 100% used [0x00000000d5580000,0x00000000d5780000,0x00000000d5780000)
  from space 512K, 25% used [0x00000000d5800000,0x00000000d5820000,0x00000000d5880000)
  to   space 512K, 0% used [0x00000000d5880000,0x00000000d5880000,0x00000000d5900000)
 ParOldGen       total 287744K, used 287707K [0x0000000080000000, 0x0000000091900000, 0x00000000d5580000)
  object space 287744K, 99% used [0x0000000080000000,0x00000000918f6f38,0x0000000091900000)
 Metaspace       used 71347K, committed 72960K, reserved 1114112K
  class space    used 7070K, committed 7808K, reserved 1048576K
}
Event: 407.306 GC heap after
{Heap after GC invocations=433 (full 3):
 PSYoungGen      total 2560K, used 128K [0x00000000d5580000, 0x00000000d5900000, 0x0000000100000000)
  eden space 2048K, 0% used [0x00000000d5580000,0x00000000d5580000,0x00000000d5780000)
  from space 512K, 25% used [0x00000000d5880000,0x00000000d58a0000,0x00000000d5900000)
  to   space 512K, 0% used [0x00000000d5800000,0x00000000d5800000,0x00000000d5880000)
 ParOldGen       total 288256K, used 287763K [0x0000000080000000, 0x0000000091980000, 0x00000000d5580000)
  object space 288256K, 99% used [0x0000000080000000,0x0000000091904f38,0x0000000091980000)
 Metaspace       used 71347K, committed 72960K, reserved 1114112K
  class space    used 7070K, committed 7808K, reserved 1048576K
}
Event: 407.441 GC heap before
{Heap before GC invocations=434 (full 3):
 PSYoungGen      total 2560K, used 2176K [0x00000000d5580000, 0x00000000d5900000, 0x0000000100000000)
  eden space 2048K, 100% used [0x00000000d5580000,0x00000000d5780000,0x00000000d5780000)
  from space 512K, 25% used [0x00000000d5880000,0x00000000d58a0000,0x00000000d5900000)
  to   space 512K, 0% used [0x00000000d5800000,0x00000000d5800000,0x00000000d5880000)
 ParOldGen       total 288256K, used 287763K [0x0000000080000000, 0x0000000091980000, 0x00000000d5580000)
  object space 288256K, 99% used [0x0000000080000000,0x0000000091904f38,0x0000000091980000)
 Metaspace       used 71351K, committed 72960K, reserved 1114112K
  class space    used 7070K, committed 7808K, reserved 1048576K
}
Event: 407.444 GC heap after
{Heap after GC invocations=434 (full 3):
 PSYoungGen      total 2560K, used 222K [0x00000000d5580000, 0x00000000d5900000, 0x0000000100000000)
  eden space 2048K, 0% used [0x00000000d5580000,0x00000000d5580000,0x00000000d5780000)
  from space 512K, 43% used [0x00000000d5800000,0x00000000d5837b48,0x00000000d5880000)
  to   space 512K, 0% used [0x00000000d5880000,0x00000000d5880000,0x00000000d5900000)
 ParOldGen       total 288256K, used 287803K [0x0000000080000000, 0x0000000091980000, 0x00000000d5580000)
  object space 288256K, 99% used [0x0000000080000000,0x000000009190ef38,0x0000000091980000)
 Metaspace       used 71351K, committed 72960K, reserved 1114112K
  class space    used 7070K, committed 7808K, reserved 1048576K
}
Event: 407.454 GC heap before
{Heap before GC invocations=435 (full 3):
 PSYoungGen      total 2560K, used 2270K [0x00000000d5580000, 0x00000000d5900000, 0x0000000100000000)
  eden space 2048K, 100% used [0x00000000d5580000,0x00000000d5780000,0x00000000d5780000)
  from space 512K, 43% used [0x00000000d5800000,0x00000000d5837b48,0x00000000d5880000)
  to   space 512K, 0% used [0x00000000d5880000,0x00000000d5880000,0x00000000d5900000)
 ParOldGen       total 288256K, used 287803K [0x0000000080000000, 0x0000000091980000, 0x00000000d5580000)
  object space 288256K, 99% used [0x0000000080000000,0x000000009190ef38,0x0000000091980000)
 Metaspace       used 71351K, committed 72960K, reserved 1114112K
  class space    used 7070K, committed 7808K, reserved 1048576K
}
Event: 407.456 GC heap after
{Heap after GC invocations=435 (full 3):
 PSYoungGen      total 2560K, used 128K [0x00000000d5580000, 0x00000000d5900000, 0x0000000100000000)
  eden space 2048K, 0% used [0x00000000d5580000,0x00000000d5580000,0x00000000d5780000)
  from space 512K, 25% used [0x00000000d5880000,0x00000000d58a0000,0x00000000d5900000)
  to   space 512K, 0% used [0x00000000d5800000,0x00000000d5800000,0x00000000d5880000)
 ParOldGen       total 288256K, used 287940K [0x0000000080000000, 0x0000000091980000, 0x00000000d5580000)
  object space 288256K, 99% used [0x0000000080000000,0x0000000091931310,0x0000000091980000)
 Metaspace       used 71351K, committed 72960K, reserved 1114112K
  class space    used 7070K, committed 7808K, reserved 1048576K
}
Event: 407.469 GC heap before
{Heap before GC invocations=436 (full 3):
 PSYoungGen      total 2560K, used 2176K [0x00000000d5580000, 0x00000000d5900000, 0x0000000100000000)
  eden space 2048K, 100% used [0x00000000d5580000,0x00000000d5780000,0x00000000d5780000)
  from space 512K, 25% used [0x00000000d5880000,0x00000000d58a0000,0x00000000d5900000)
  to   space 512K, 0% used [0x00000000d5800000,0x00000000d5800000,0x00000000d5880000)
 ParOldGen       total 288256K, used 287940K [0x0000000080000000, 0x0000000091980000, 0x00000000d5580000)
  object space 288256K, 99% used [0x0000000080000000,0x0000000091931310,0x0000000091980000)
 Metaspace       used 71351K, committed 72960K, reserved 1114112K
  class space    used 7070K, committed 7808K, reserved 1048576K
}
Event: 407.471 GC heap after
{Heap after GC invocations=436 (full 3):
 PSYoungGen      total 2560K, used 128K [0x00000000d5580000, 0x00000000d5900000, 0x0000000100000000)
  eden space 2048K, 0% used [0x00000000d5580000,0x00000000d5580000,0x00000000d5780000)
  from space 512K, 25% used [0x00000000d5800000,0x00000000d5820000,0x00000000d5880000)
  to   space 512K, 0% used [0x00000000d5880000,0x00000000d5880000,0x00000000d5900000)
 ParOldGen       total 288256K, used 287996K [0x0000000080000000, 0x0000000091980000, 0x00000000d5580000)
  object space 288256K, 99% used [0x0000000080000000,0x000000009193f310,0x0000000091980000)
 Metaspace       used 71351K, committed 72960K, reserved 1114112K
  class space    used 7070K, committed 7808K, reserved 1048576K
}
Event: 411.349 GC heap before
{Heap before GC invocations=437 (full 3):
 PSYoungGen      total 2560K, used 2174K [0x00000000d5580000, 0x00000000d5900000, 0x0000000100000000)
  eden space 2048K, 99% used [0x00000000d5580000,0x00000000d577faf0,0x00000000d5780000)
  from space 512K, 25% used [0x00000000d5800000,0x00000000d5820000,0x00000000d5880000)
  to   space 512K, 0% used [0x00000000d5880000,0x00000000d5880000,0x00000000d5900000)
 ParOldGen       total 288256K, used 287996K [0x0000000080000000, 0x0000000091980000, 0x00000000d5580000)
  object space 288256K, 99% used [0x0000000080000000,0x000000009193f310,0x0000000091980000)
 Metaspace       used 71359K, committed 72960K, reserved 1114112K
  class space    used 7070K, committed 7808K, reserved 1048576K
}
Event: 411.356 GC heap after
{Heap after GC invocations=437 (full 3):
 PSYoungGen      total 2560K, used 96K [0x00000000d5580000, 0x00000000d5900000, 0x0000000100000000)
  eden space 2048K, 0% used [0x00000000d5580000,0x00000000d5580000,0x00000000d5780000)
  from space 512K, 18% used [0x00000000d5880000,0x00000000d5898000,0x00000000d5900000)
  to   space 512K, 0% used [0x00000000d5800000,0x00000000d5800000,0x00000000d5880000)
 ParOldGen       total 288256K, used 288060K [0x0000000080000000, 0x0000000091980000, 0x00000000d5580000)
  object space 288256K, 99% used [0x0000000080000000,0x000000009194f310,0x0000000091980000)
 Metaspace       used 71359K, committed 72960K, reserved 1114112K
  class space    used 7070K, committed 7808K, reserved 1048576K
}
Event: 413.424 GC heap before
{Heap before GC invocations=438 (full 3):
 PSYoungGen      total 2560K, used 2144K [0x00000000d5580000, 0x00000000d5900000, 0x0000000100000000)
  eden space 2048K, 100% used [0x00000000d5580000,0x00000000d5780000,0x00000000d5780000)
  from space 512K, 18% used [0x00000000d5880000,0x00000000d5898000,0x00000000d5900000)
  to   space 512K, 0% used [0x00000000d5800000,0x00000000d5800000,0x00000000d5880000)
 ParOldGen       total 288256K, used 288060K [0x0000000080000000, 0x0000000091980000, 0x00000000d5580000)
  object space 288256K, 99% used [0x0000000080000000,0x000000009194f310,0x0000000091980000)
 Metaspace       used 71360K, committed 72960K, reserved 1114112K
  class space    used 7070K, committed 7808K, reserved 1048576K
}
Event: 413.426 GC heap after
{Heap after GC invocations=438 (full 3):
 PSYoungGen      total 2560K, used 128K [0x00000000d5580000, 0x00000000d5900000, 0x0000000100000000)
  eden space 2048K, 0% used [0x00000000d5580000,0x00000000d5580000,0x00000000d5780000)
  from space 512K, 25% used [0x00000000d5800000,0x00000000d5820000,0x00000000d5880000)
  to   space 512K, 0% used [0x00000000d5880000,0x00000000d5880000,0x00000000d5900000)
 ParOldGen       total 288256K, used 288076K [0x0000000080000000, 0x0000000091980000, 0x00000000d5580000)
  object space 288256K, 99% used [0x0000000080000000,0x0000000091953310,0x0000000091980000)
 Metaspace       used 71360K, committed 72960K, reserved 1114112K
  class space    used 7070K, committed 7808K, reserved 1048576K
}
Event: 414.122 GC heap before
{Heap before GC invocations=439 (full 3):
 PSYoungGen      total 2560K, used 2176K [0x00000000d5580000, 0x00000000d5900000, 0x0000000100000000)
  eden space 2048K, 100% used [0x00000000d5580000,0x00000000d5780000,0x00000000d5780000)
  from space 512K, 25% used [0x00000000d5800000,0x00000000d5820000,0x00000000d5880000)
  to   space 512K, 0% used [0x00000000d5880000,0x00000000d5880000,0x00000000d5900000)
 ParOldGen       total 288256K, used 288076K [0x0000000080000000, 0x0000000091980000, 0x00000000d5580000)
  object space 288256K, 99% used [0x0000000080000000,0x0000000091953310,0x0000000091980000)
 Metaspace       used 71360K, committed 72960K, reserved 1114112K
  class space    used 7070K, committed 7808K, reserved 1048576K
}
Event: 414.124 GC heap after
{Heap after GC invocations=439 (full 3):
 PSYoungGen      total 2560K, used 128K [0x00000000d5580000, 0x00000000d5900000, 0x0000000100000000)
  eden space 2048K, 0% used [0x00000000d5580000,0x00000000d5580000,0x00000000d5780000)
  from space 512K, 25% used [0x00000000d5880000,0x00000000d58a0000,0x00000000d5900000)
  to   space 512K, 0% used [0x00000000d5800000,0x00000000d5800000,0x00000000d5880000)
 ParOldGen       total 288256K, used 288092K [0x0000000080000000, 0x0000000091980000, 0x00000000d5580000)
  object space 288256K, 99% used [0x0000000080000000,0x0000000091957310,0x0000000091980000)
 Metaspace       used 71360K, committed 72960K, reserved 1114112K
  class space    used 7070K, committed 7808K, reserved 1048576K
}

