# JRE version: OpenJDK Runtime Environment Temurin-21.0.7+6 (21.0.7+6) (build 21.0.7+6-LTS)
# Java VM: OpenJDK 64-Bit Server VM Temurin-21.0.7+6 (21.0.7+6-LTS, mixed mode, sharing, tiered, compressed oops, compressed class ptrs, parallel gc, windows-amd64)
GC Precious Log:
 CardTable entry size: 512
 CPUs: 4 total, 4 available
 Memory: 8101M
 Large Page Support: Disabled
 NUMA Support: Disabled
 Compressed Oops: Enabled (32-bit)
 Alignments: Space 512K, Generation 512K, Heap 2M
 Heap Min Capacity: 100M
 Heap Initial Capacity: 100M
 Heap Max Capacity: 2G
 Pre-touch: Disabled
 Parallel Workers: 4
Heap:
 PSYoungGen      total 11776K, used 789K [0x00000000d5580000, 0x00000000d6200000, 0x0000000100000000)
  eden space 10240K, 5% used [0x00000000d5580000,0x00000000d560d7e0,0x00000000d5f80000)
  from space 1536K, 14% used [0x00000000d5f80000,0x00000000d5fb8000,0x00000000d6100000)
  to   space 1024K, 0% used [0x00000000d6100000,0x00000000d6100000,0x00000000d6200000)
 ParOldGen       total 857088K, used 856826K [0x0000000080000000, 0x00000000b4500000, 0x00000000d5580000)
  object space 857088K, 99% used [0x0000000080000000,0x00000000b44be910,0x00000000b4500000)
 Metaspace       used 83134K, committed 84736K, reserved 1179648K
  class space    used 8007K, committed 8768K, reserved 1048576K
GC Heap History (20 events):
Event: 3975.389 GC heap before
{Heap before GC invocations=2687 (full 5):
 PSYoungGen      total 11264K, used 10880K [0x00000000d5580000, 0x00000000d6380000, 0x0000000100000000)
  eden space 10752K, 100% used [0x00000000d5580000,0x00000000d6000000,0x00000000d6000000)
  from space 512K, 25% used [0x00000000d6280000,0x00000000d62a0000,0x00000000d6300000)
  to   space 512K, 0% used [0x00000000d6300000,0x00000000d6300000,0x00000000d6380000)
 ParOldGen       total 852992K, used 852909K [0x0000000080000000, 0x00000000b4100000, 0x00000000d5580000)
  object space 852992K, 99% used [0x0000000080000000,0x00000000b40eb5d0,0x00000000b4100000)
 Metaspace       used 82977K, committed 84608K, reserved 1179648K
  class space    used 8002K, committed 8768K, reserved 1048576K
}
Event: 3975.391 GC heap after
{Heap after GC invocations=2687 (full 5):
 PSYoungGen      total 11264K, used 128K [0x00000000d5580000, 0x00000000d6380000, 0x0000000100000000)
  eden space 10752K, 0% used [0x00000000d5580000,0x00000000d5580000,0x00000000d6000000)
  from space 512K, 25% used [0x00000000d6300000,0x00000000d6320000,0x00000000d6380000)
  to   space 512K, 0% used [0x00000000d6280000,0x00000000d6280000,0x00000000d6300000)
 ParOldGen       total 852992K, used 852909K [0x0000000080000000, 0x00000000b4100000, 0x00000000d5580000)
  object space 852992K, 99% used [0x0000000080000000,0x00000000b40eb5d0,0x00000000b4100000)
 Metaspace       used 82977K, committed 84608K, reserved 1179648K
  class space    used 8002K, committed 8768K, reserved 1048576K
}
Event: 3981.090 GC heap before
{Heap before GC invocations=2688 (full 5):
 PSYoungGen      total 11264K, used 10880K [0x00000000d5580000, 0x00000000d6380000, 0x0000000100000000)
  eden space 10752K, 100% used [0x00000000d5580000,0x00000000d6000000,0x00000000d6000000)
  from space 512K, 25% used [0x00000000d6300000,0x00000000d6320000,0x00000000d6380000)
  to   space 512K, 0% used [0x00000000d6280000,0x00000000d6280000,0x00000000d6300000)
 ParOldGen       total 852992K, used 852909K [0x0000000080000000, 0x00000000b4100000, 0x00000000d5580000)
  object space 852992K, 99% used [0x0000000080000000,0x00000000b40eb5d0,0x00000000b4100000)
 Metaspace       used 82977K, committed 84608K, reserved 1179648K
  class space    used 8002K, committed 8768K, reserved 1048576K
}
Event: 3981.094 GC heap after
{Heap after GC invocations=2688 (full 5):
 PSYoungGen      total 11264K, used 128K [0x00000000d5580000, 0x00000000d6380000, 0x0000000100000000)
  eden space 10752K, 0% used [0x00000000d5580000,0x00000000d5580000,0x00000000d6000000)
  from space 512K, 25% used [0x00000000d6280000,0x00000000d62a0000,0x00000000d6300000)
  to   space 512K, 0% used [0x00000000d6300000,0x00000000d6300000,0x00000000d6380000)
 ParOldGen       total 852992K, used 852909K [0x0000000080000000, 0x00000000b4100000, 0x00000000d5580000)
  object space 852992K, 99% used [0x0000000080000000,0x00000000b40eb5d0,0x00000000b4100000)
 Metaspace       used 82977K, committed 84608K, reserved 1179648K
  class space    used 8002K, committed 8768K, reserved 1048576K
}
Event: 3988.111 GC heap before
{Heap before GC invocations=2689 (full 5):
 PSYoungGen      total 11264K, used 10880K [0x00000000d5580000, 0x00000000d6380000, 0x0000000100000000)
  eden space 10752K, 100% used [0x00000000d5580000,0x00000000d6000000,0x00000000d6000000)
  from space 512K, 25% used [0x00000000d6280000,0x00000000d62a0000,0x00000000d6300000)
  to   space 512K, 0% used [0x00000000d6300000,0x00000000d6300000,0x00000000d6380000)
 ParOldGen       total 852992K, used 852909K [0x0000000080000000, 0x00000000b4100000, 0x00000000d5580000)
  object space 852992K, 99% used [0x0000000080000000,0x00000000b40eb5d0,0x00000000b4100000)
 Metaspace       used 82977K, committed 84608K, reserved 1179648K
  class space    used 8002K, committed 8768K, reserved 1048576K
}
Event: 3988.114 GC heap after
{Heap after GC invocations=2689 (full 5):
 PSYoungGen      total 11264K, used 468K [0x00000000d5580000, 0x00000000d6380000, 0x0000000100000000)
  eden space 10752K, 0% used [0x00000000d5580000,0x00000000d5580000,0x00000000d6000000)
  from space 512K, 91% used [0x00000000d6300000,0x00000000d6375200,0x00000000d6380000)
  to   space 1024K, 0% used [0x00000000d6180000,0x00000000d6180000,0x00000000d6280000)
 ParOldGen       total 852992K, used 852917K [0x0000000080000000, 0x00000000b4100000, 0x00000000d5580000)
  object space 852992K, 99% used [0x0000000080000000,0x00000000b40ed5d0,0x00000000b4100000)
 Metaspace       used 82977K, committed 84608K, reserved 1179648K
  class space    used 8002K, committed 8768K, reserved 1048576K
}
Event: 3988.984 GC heap before
{Heap before GC invocations=2690 (full 5):
 PSYoungGen      total 11264K, used 11220K [0x00000000d5580000, 0x00000000d6380000, 0x0000000100000000)
  eden space 10752K, 100% used [0x00000000d5580000,0x00000000d6000000,0x00000000d6000000)
  from space 512K, 91% used [0x00000000d6300000,0x00000000d6375200,0x00000000d6380000)
  to   space 1024K, 0% used [0x00000000d6180000,0x00000000d6180000,0x00000000d6280000)
 ParOldGen       total 852992K, used 852917K [0x0000000080000000, 0x00000000b4100000, 0x00000000d5580000)
  object space 852992K, 99% used [0x0000000080000000,0x00000000b40ed5d0,0x00000000b4100000)
 Metaspace       used 83079K, committed 84736K, reserved 1179648K
  class space    used 8007K, committed 8768K, reserved 1048576K
}
Event: 3988.986 GC heap after
{Heap after GC invocations=2690 (full 5):
 PSYoungGen      total 11776K, used 580K [0x00000000d5580000, 0x00000000d6380000, 0x0000000100000000)
  eden space 10752K, 0% used [0x00000000d5580000,0x00000000d5580000,0x00000000d6000000)
  from space 1024K, 56% used [0x00000000d6180000,0x00000000d6211210,0x00000000d6280000)
  to   space 1024K, 0% used [0x00000000d6280000,0x00000000d6280000,0x00000000d6380000)
 ParOldGen       total 852992K, used 852941K [0x0000000080000000, 0x00000000b4100000, 0x00000000d5580000)
  object space 852992K, 99% used [0x0000000080000000,0x00000000b40f35d0,0x00000000b4100000)
 Metaspace       used 83079K, committed 84736K, reserved 1179648K
  class space    used 8007K, committed 8768K, reserved 1048576K
}
Event: 3990.728 GC heap before
{Heap before GC invocations=2691 (full 5):
 PSYoungGen      total 11776K, used 11332K [0x00000000d5580000, 0x00000000d6380000, 0x0000000100000000)
  eden space 10752K, 100% used [0x00000000d5580000,0x00000000d6000000,0x00000000d6000000)
  from space 1024K, 56% used [0x00000000d6180000,0x00000000d6211210,0x00000000d6280000)
  to   space 1024K, 0% used [0x00000000d6280000,0x00000000d6280000,0x00000000d6380000)
 ParOldGen       total 852992K, used 852941K [0x0000000080000000, 0x00000000b4100000, 0x00000000d5580000)
  object space 852992K, 99% used [0x0000000080000000,0x00000000b40f35d0,0x00000000b4100000)
 Metaspace       used 83088K, committed 84736K, reserved 1179648K
  class space    used 8007K, committed 8768K, reserved 1048576K
}
Event: 3990.733 GC heap after
{Heap after GC invocations=2691 (full 5):
 PSYoungGen      total 11264K, used 404K [0x00000000d5580000, 0x00000000d6300000, 0x0000000100000000)
  eden space 10752K, 0% used [0x00000000d5580000,0x00000000d5580000,0x00000000d6000000)
  from space 512K, 79% used [0x00000000d6280000,0x00000000d62e5200,0x00000000d6300000)
  to   space 512K, 0% used [0x00000000d6200000,0x00000000d6200000,0x00000000d6280000)
 ParOldGen       total 852992K, used 852957K [0x0000000080000000, 0x00000000b4100000, 0x00000000d5580000)
  object space 852992K, 99% used [0x0000000080000000,0x00000000b40f75d0,0x00000000b4100000)
 Metaspace       used 83088K, committed 84736K, reserved 1179648K
  class space    used 8007K, committed 8768K, reserved 1048576K
}
Event: 3991.004 GC heap before
{Heap before GC invocations=2692 (full 5):
 PSYoungGen      total 11264K, used 11156K [0x00000000d5580000, 0x00000000d6300000, 0x0000000100000000)
  eden space 10752K, 100% used [0x00000000d5580000,0x00000000d6000000,0x00000000d6000000)
  from space 512K, 79% used [0x00000000d6280000,0x00000000d62e5200,0x00000000d6300000)
  to   space 512K, 0% used [0x00000000d6200000,0x00000000d6200000,0x00000000d6280000)
 ParOldGen       total 852992K, used 852957K [0x0000000080000000, 0x00000000b4100000, 0x00000000d5580000)
  object space 852992K, 99% used [0x0000000080000000,0x00000000b40f75d0,0x00000000b4100000)
 Metaspace       used 83099K, committed 84736K, reserved 1179648K
  class space    used 8007K, committed 8768K, reserved 1048576K
}
Event: 3991.006 GC heap after
{Heap after GC invocations=2692 (full 5):
 PSYoungGen      total 11264K, used 500K [0x00000000d5580000, 0x00000000d6300000, 0x0000000100000000)
  eden space 10752K, 0% used [0x00000000d5580000,0x00000000d5580000,0x00000000d6000000)
  from space 512K, 97% used [0x00000000d6200000,0x00000000d627d220,0x00000000d6280000)
  to   space 512K, 0% used [0x00000000d6280000,0x00000000d6280000,0x00000000d6300000)
 ParOldGen       total 853504K, used 853021K [0x0000000080000000, 0x00000000b4180000, 0x00000000d5580000)
  object space 853504K, 99% used [0x0000000080000000,0x00000000b41075d0,0x00000000b4180000)
 Metaspace       used 83099K, committed 84736K, reserved 1179648K
  class space    used 8007K, committed 8768K, reserved 1048576K
}
Event: 3991.429 GC heap before
{Heap before GC invocations=2693 (full 5):
 PSYoungGen      total 11264K, used 11252K [0x00000000d5580000, 0x00000000d6300000, 0x0000000100000000)
  eden space 10752K, 99% used [0x00000000d5580000,0x00000000d5fffff8,0x00000000d6000000)
  from space 512K, 97% used [0x00000000d6200000,0x00000000d627d220,0x00000000d6280000)
  to   space 512K, 0% used [0x00000000d6280000,0x00000000d6280000,0x00000000d6300000)
 ParOldGen       total 853504K, used 853021K [0x0000000080000000, 0x00000000b4180000, 0x00000000d5580000)
  object space 853504K, 99% used [0x0000000080000000,0x00000000b41075d0,0x00000000b4180000)
 Metaspace       used 83099K, committed 84736K, reserved 1179648K
  class space    used 8007K, committed 8768K, reserved 1048576K
}
Event: 3991.435 GC heap after
{Heap after GC invocations=2693 (full 5):
 PSYoungGen      total 10752K, used 500K [0x00000000d5580000, 0x00000000d6600000, 0x0000000100000000)
  eden space 10240K, 0% used [0x00000000d5580000,0x00000000d5580000,0x00000000d5f80000)
  from space 512K, 97% used [0x00000000d6280000,0x00000000d62fd200,0x00000000d6300000)
  to   space 3072K, 0% used [0x00000000d5f80000,0x00000000d5f80000,0x00000000d6280000)
 ParOldGen       total 855040K, used 854990K [0x0000000080000000, 0x00000000b4300000, 0x00000000d5580000)
  object space 855040K, 99% used [0x0000000080000000,0x00000000b42f3838,0x00000000b4300000)
 Metaspace       used 83099K, committed 84736K, reserved 1179648K
  class space    used 8007K, committed 8768K, reserved 1048576K
}
Event: 3991.599 GC heap before
{Heap before GC invocations=2694 (full 5):
 PSYoungGen      total 10752K, used 10740K [0x00000000d5580000, 0x00000000d6600000, 0x0000000100000000)
  eden space 10240K, 100% used [0x00000000d5580000,0x00000000d5f80000,0x00000000d5f80000)
  from space 512K, 97% used [0x00000000d6280000,0x00000000d62fd200,0x00000000d6300000)
  to   space 3072K, 0% used [0x00000000d5f80000,0x00000000d5f80000,0x00000000d6280000)
 ParOldGen       total 855040K, used 854990K [0x0000000080000000, 0x00000000b4300000, 0x00000000d5580000)
  object space 855040K, 99% used [0x0000000080000000,0x00000000b42f3838,0x00000000b4300000)
 Metaspace       used 83101K, committed 84736K, reserved 1179648K
  class space    used 8007K, committed 8768K, reserved 1048576K
}
Event: 3991.604 GC heap after
{Heap after GC invocations=2694 (full 5):
 PSYoungGen      total 11264K, used 916K [0x00000000d5580000, 0x00000000d6300000, 0x0000000100000000)
  eden space 10240K, 0% used [0x00000000d5580000,0x00000000d5580000,0x00000000d5f80000)
  from space 1024K, 89% used [0x00000000d5f80000,0x00000000d6065200,0x00000000d6080000)
  to   space 1536K, 0% used [0x00000000d6180000,0x00000000d6180000,0x00000000d6300000)
 ParOldGen       total 855552K, used 855486K [0x0000000080000000, 0x00000000b4380000, 0x00000000d5580000)
  object space 855552K, 99% used [0x0000000080000000,0x00000000b436f920,0x00000000b4380000)
 Metaspace       used 83101K, committed 84736K, reserved 1179648K
  class space    used 8007K, committed 8768K, reserved 1048576K
}
Event: 3992.029 GC heap before
{Heap before GC invocations=2695 (full 5):
 PSYoungGen      total 11264K, used 11156K [0x00000000d5580000, 0x00000000d6300000, 0x0000000100000000)
  eden space 10240K, 100% used [0x00000000d5580000,0x00000000d5f80000,0x00000000d5f80000)
  from space 1024K, 89% used [0x00000000d5f80000,0x00000000d6065200,0x00000000d6080000)
  to   space 1536K, 0% used [0x00000000d6180000,0x00000000d6180000,0x00000000d6300000)
 ParOldGen       total 855552K, used 855486K [0x0000000080000000, 0x00000000b4380000, 0x00000000d5580000)
  object space 855552K, 99% used [0x0000000080000000,0x00000000b436f920,0x00000000b4380000)
 Metaspace       used 83124K, committed 84736K, reserved 1179648K
  class space    used 8007K, committed 8768K, reserved 1048576K
}
Event: 3992.033 GC heap after
{Heap after GC invocations=2695 (full 5):
 PSYoungGen      total 11264K, used 1012K [0x00000000d5580000, 0x00000000d6280000, 0x0000000100000000)
  eden space 10240K, 0% used [0x00000000d5580000,0x00000000d5580000,0x00000000d5f80000)
  from space 1024K, 98% used [0x00000000d6180000,0x00000000d627d200,0x00000000d6280000)
  to   space 1536K, 0% used [0x00000000d5f80000,0x00000000d5f80000,0x00000000d6100000)
 ParOldGen       total 856576K, used 856298K [0x0000000080000000, 0x00000000b4480000, 0x00000000d5580000)
  object space 856576K, 99% used [0x0000000080000000,0x00000000b443aa28,0x00000000b4480000)
 Metaspace       used 83124K, committed 84736K, reserved 1179648K
  class space    used 8007K, committed 8768K, reserved 1048576K
}
Event: 3992.688 GC heap before
{Heap before GC invocations=2696 (full 5):
 PSYoungGen      total 11264K, used 11252K [0x00000000d5580000, 0x00000000d6280000, 0x0000000100000000)
  eden space 10240K, 99% used [0x00000000d5580000,0x00000000d5f7ff88,0x00000000d5f80000)
  from space 1024K, 98% used [0x00000000d6180000,0x00000000d627d200,0x00000000d6280000)
  to   space 1536K, 0% used [0x00000000d5f80000,0x00000000d5f80000,0x00000000d6100000)
 ParOldGen       total 856576K, used 856298K [0x0000000080000000, 0x00000000b4480000, 0x00000000d5580000)
  object space 856576K, 99% used [0x0000000080000000,0x00000000b443aa28,0x00000000b4480000)
 Metaspace       used 83134K, committed 84736K, reserved 1179648K
  class space    used 8007K, committed 8768K, reserved 1048576K
}
Event: 3992.692 GC heap after
{Heap after GC invocations=2696 (full 5):
 PSYoungGen      total 11776K, used 224K [0x00000000d5580000, 0x00000000d6200000, 0x0000000100000000)
  eden space 10240K, 0% used [0x00000000d5580000,0x00000000d5580000,0x00000000d5f80000)
  from space 1536K, 14% used [0x00000000d5f80000,0x00000000d5fb8000,0x00000000d6100000)
  to   space 1024K, 0% used [0x00000000d6100000,0x00000000d6100000,0x00000000d6200000)
 ParOldGen       total 857088K, used 856826K [0x0000000080000000, 0x00000000b4500000, 0x00000000d5580000)
  object space 857088K, 99% used [0x0000000080000000,0x00000000b44be910,0x00000000b4500000)
 Metaspace       used 83134K, committed 84736K, reserved 1179648K
  class space    used 8007K, committed 8768K, reserved 1048576K
}

