# JRE version: OpenJDK Runtime Environment Temurin-21.0.7+6 (21.0.7+6) (build 21.0.7+6-LTS)
# Java VM: OpenJDK 64-Bit Server VM Temurin-21.0.7+6 (21.0.7+6-LTS, mixed mode, sharing, tiered, compressed oops, compressed class ptrs, parallel gc, windows-amd64)
GC Precious Log:
 CardTable entry size: 512
 CPUs: 4 total, 4 available
 Memory: 8101M
 Large Page Support: Disabled
 NUMA Support: Disabled
 Compressed Oops: Enabled (32-bit)
 Alignments: Space 512K, Generation 512K, Heap 2M
 Heap Min Capacity: 100M
 Heap Initial Capacity: 100M
 Heap Max Capacity: 2G
 Pre-touch: Disabled
 Parallel Workers: 4
Heap:
 PSYoungGen      total 3584K, used 3200K [0x00000000d5580000, 0x00000000d5a80000, 0x0000000100000000)
  eden space 3072K, 100% used [0x00000000d5580000,0x00000000d5880000,0x00000000d5880000)
  from space 512K, 25% used [0x00000000d5a00000,0x00000000d5a20000,0x00000000d5a80000)
  to   space 512K, 0% used [0x00000000d5980000,0x00000000d5980000,0x00000000d5a00000)
 ParOldGen       total 275456K, used 257661K [0x0000000080000000, 0x0000000090d00000, 0x00000000d5580000)
  object space 275456K, 93% used [0x0000000080000000,0x000000008fb9f730,0x0000000090d00000)
 Metaspace       used 76239K, committed 77760K, reserved 1179648K
  class space    used 7459K, committed 8192K, reserved 1048576K
GC Heap History (20 events):
Event: 5118.046 GC heap before
{Heap before GC invocations=691 (full 4):
 PSYoungGen      total 3584K, used 3584K [0x00000000d5580000, 0x00000000d5b80000, 0x0000000100000000)
  eden space 3072K, 100% used [0x00000000d5580000,0x00000000d5880000,0x00000000d5880000)
  from space 512K, 100% used [0x00000000d5a00000,0x00000000d5a80000,0x00000000d5a80000)
  to   space 1536K, 0% used [0x00000000d5880000,0x00000000d5880000,0x00000000d5a00000)
 ParOldGen       total 275456K, used 251261K [0x0000000080000000, 0x0000000090d00000, 0x00000000d5580000)
  object space 275456K, 91% used [0x0000000080000000,0x000000008f55f608,0x0000000090d00000)
 Metaspace       used 76215K, committed 77760K, reserved 1179648K
  class space    used 7459K, committed 8192K, reserved 1048576K
}
Event: 5118.049 GC heap after
{Heap after GC invocations=691 (full 4):
 PSYoungGen      total 4096K, used 529K [0x00000000d5580000, 0x00000000d5a80000, 0x0000000100000000)
  eden space 3072K, 0% used [0x00000000d5580000,0x00000000d5580000,0x00000000d5880000)
  from space 1024K, 51% used [0x00000000d5880000,0x00000000d5904450,0x00000000d5980000)
  to   space 1024K, 0% used [0x00000000d5980000,0x00000000d5980000,0x00000000d5a80000)
 ParOldGen       total 275456K, used 251729K [0x0000000080000000, 0x0000000090d00000, 0x00000000d5580000)
  object space 275456K, 91% used [0x0000000080000000,0x000000008f5d4668,0x0000000090d00000)
 Metaspace       used 76215K, committed 77760K, reserved 1179648K
  class space    used 7459K, committed 8192K, reserved 1048576K
}
Event: 5118.074 GC heap before
{Heap before GC invocations=692 (full 4):
 PSYoungGen      total 4096K, used 3601K [0x00000000d5580000, 0x00000000d5a80000, 0x0000000100000000)
  eden space 3072K, 100% used [0x00000000d5580000,0x00000000d5880000,0x00000000d5880000)
  from space 1024K, 51% used [0x00000000d5880000,0x00000000d5904450,0x00000000d5980000)
  to   space 1024K, 0% used [0x00000000d5980000,0x00000000d5980000,0x00000000d5a80000)
 ParOldGen       total 275456K, used 251729K [0x0000000080000000, 0x0000000090d00000, 0x00000000d5580000)
  object space 275456K, 91% used [0x0000000080000000,0x000000008f5d4668,0x0000000090d00000)
 Metaspace       used 76216K, committed 77760K, reserved 1179648K
  class space    used 7459K, committed 8192K, reserved 1048576K
}
Event: 5118.076 GC heap after
{Heap after GC invocations=692 (full 4):
 PSYoungGen      total 4096K, used 944K [0x00000000d5580000, 0x00000000d5a80000, 0x0000000100000000)
  eden space 3072K, 0% used [0x00000000d5580000,0x00000000d5580000,0x00000000d5880000)
  from space 1024K, 92% used [0x00000000d5980000,0x00000000d5a6c010,0x00000000d5a80000)
  to   space 1024K, 0% used [0x00000000d5880000,0x00000000d5880000,0x00000000d5980000)
 ParOldGen       total 275456K, used 252234K [0x0000000080000000, 0x0000000090d00000, 0x00000000d5580000)
  object space 275456K, 91% used [0x0000000080000000,0x000000008f652ab8,0x0000000090d00000)
 Metaspace       used 76216K, committed 77760K, reserved 1179648K
  class space    used 7459K, committed 8192K, reserved 1048576K
}
Event: 5118.092 GC heap before
{Heap before GC invocations=693 (full 4):
 PSYoungGen      total 4096K, used 4016K [0x00000000d5580000, 0x00000000d5a80000, 0x0000000100000000)
  eden space 3072K, 100% used [0x00000000d5580000,0x00000000d5880000,0x00000000d5880000)
  from space 1024K, 92% used [0x00000000d5980000,0x00000000d5a6c010,0x00000000d5a80000)
  to   space 1024K, 0% used [0x00000000d5880000,0x00000000d5880000,0x00000000d5980000)
 ParOldGen       total 275456K, used 252234K [0x0000000080000000, 0x0000000090d00000, 0x00000000d5580000)
  object space 275456K, 91% used [0x0000000080000000,0x000000008f652ab8,0x0000000090d00000)
 Metaspace       used 76220K, committed 77760K, reserved 1179648K
  class space    used 7459K, committed 8192K, reserved 1048576K
}
Event: 5118.095 GC heap after
{Heap after GC invocations=693 (full 4):
 PSYoungGen      total 4096K, used 647K [0x00000000d5580000, 0x00000000d5a80000, 0x0000000100000000)
  eden space 3072K, 0% used [0x00000000d5580000,0x00000000d5580000,0x00000000d5880000)
  from space 1024K, 63% used [0x00000000d5880000,0x00000000d5921de0,0x00000000d5980000)
  to   space 1024K, 0% used [0x00000000d5980000,0x00000000d5980000,0x00000000d5a80000)
 ParOldGen       total 275456K, used 253133K [0x0000000080000000, 0x0000000090d00000, 0x00000000d5580000)
  object space 275456K, 91% used [0x0000000080000000,0x000000008f733578,0x0000000090d00000)
 Metaspace       used 76220K, committed 77760K, reserved 1179648K
  class space    used 7459K, committed 8192K, reserved 1048576K
}
Event: 5119.039 GC heap before
{Heap before GC invocations=694 (full 4):
 PSYoungGen      total 4096K, used 3719K [0x00000000d5580000, 0x00000000d5a80000, 0x0000000100000000)
  eden space 3072K, 100% used [0x00000000d5580000,0x00000000d5880000,0x00000000d5880000)
  from space 1024K, 63% used [0x00000000d5880000,0x00000000d5921de0,0x00000000d5980000)
  to   space 1024K, 0% used [0x00000000d5980000,0x00000000d5980000,0x00000000d5a80000)
 ParOldGen       total 275456K, used 253133K [0x0000000080000000, 0x0000000090d00000, 0x00000000d5580000)
  object space 275456K, 91% used [0x0000000080000000,0x000000008f733578,0x0000000090d00000)
 Metaspace       used 76226K, committed 77760K, reserved 1179648K
  class space    used 7459K, committed 8192K, reserved 1048576K
}
Event: 5119.042 GC heap after
{Heap after GC invocations=694 (full 4):
 PSYoungGen      total 3584K, used 272K [0x00000000d5580000, 0x00000000d5a00000, 0x0000000100000000)
  eden space 3072K, 0% used [0x00000000d5580000,0x00000000d5580000,0x00000000d5880000)
  from space 512K, 53% used [0x00000000d5980000,0x00000000d59c41b8,0x00000000d5a00000)
  to   space 512K, 0% used [0x00000000d5900000,0x00000000d5900000,0x00000000d5980000)
 ParOldGen       total 275456K, used 253727K [0x0000000080000000, 0x0000000090d00000, 0x00000000d5580000)
  object space 275456K, 92% used [0x0000000080000000,0x000000008f7c7e78,0x0000000090d00000)
 Metaspace       used 76226K, committed 77760K, reserved 1179648K
  class space    used 7459K, committed 8192K, reserved 1048576K
}
Event: 5119.055 GC heap before
{Heap before GC invocations=695 (full 4):
 PSYoungGen      total 3584K, used 3344K [0x00000000d5580000, 0x00000000d5a00000, 0x0000000100000000)
  eden space 3072K, 100% used [0x00000000d5580000,0x00000000d5880000,0x00000000d5880000)
  from space 512K, 53% used [0x00000000d5980000,0x00000000d59c41b8,0x00000000d5a00000)
  to   space 512K, 0% used [0x00000000d5900000,0x00000000d5900000,0x00000000d5980000)
 ParOldGen       total 275456K, used 253727K [0x0000000080000000, 0x0000000090d00000, 0x00000000d5580000)
  object space 275456K, 92% used [0x0000000080000000,0x000000008f7c7e78,0x0000000090d00000)
 Metaspace       used 76226K, committed 77760K, reserved 1179648K
  class space    used 7459K, committed 8192K, reserved 1048576K
}
Event: 5119.058 GC heap after
{Heap after GC invocations=695 (full 4):
 PSYoungGen      total 3584K, used 512K [0x00000000d5580000, 0x00000000d5b80000, 0x0000000100000000)
  eden space 3072K, 0% used [0x00000000d5580000,0x00000000d5580000,0x00000000d5880000)
  from space 512K, 100% used [0x00000000d5900000,0x00000000d5980000,0x00000000d5980000)
  to   space 1536K, 0% used [0x00000000d5a00000,0x00000000d5a00000,0x00000000d5b80000)
 ParOldGen       total 275456K, used 254128K [0x0000000080000000, 0x0000000090d00000, 0x00000000d5580000)
  object space 275456K, 92% used [0x0000000080000000,0x000000008f82c060,0x0000000090d00000)
 Metaspace       used 76226K, committed 77760K, reserved 1179648K
  class space    used 7459K, committed 8192K, reserved 1048576K
}
Event: 5119.087 GC heap before
{Heap before GC invocations=696 (full 4):
 PSYoungGen      total 3584K, used 3584K [0x00000000d5580000, 0x00000000d5b80000, 0x0000000100000000)
  eden space 3072K, 100% used [0x00000000d5580000,0x00000000d5880000,0x00000000d5880000)
  from space 512K, 100% used [0x00000000d5900000,0x00000000d5980000,0x00000000d5980000)
  to   space 1536K, 0% used [0x00000000d5a00000,0x00000000d5a00000,0x00000000d5b80000)
 ParOldGen       total 275456K, used 254128K [0x0000000080000000, 0x0000000090d00000, 0x00000000d5580000)
  object space 275456K, 92% used [0x0000000080000000,0x000000008f82c060,0x0000000090d00000)
 Metaspace       used 76226K, committed 77760K, reserved 1179648K
  class space    used 7459K, committed 8192K, reserved 1048576K
}
Event: 5119.090 GC heap after
{Heap after GC invocations=696 (full 4):
 PSYoungGen      total 4608K, used 1024K [0x00000000d5580000, 0x00000000d5b80000, 0x0000000100000000)
  eden space 3072K, 0% used [0x00000000d5580000,0x00000000d5580000,0x00000000d5880000)
  from space 1536K, 66% used [0x00000000d5a00000,0x00000000d5b00000,0x00000000d5b80000)
  to   space 1536K, 0% used [0x00000000d5880000,0x00000000d5880000,0x00000000d5a00000)
 ParOldGen       total 275456K, used 254646K [0x0000000080000000, 0x0000000090d00000, 0x00000000d5580000)
  object space 275456K, 92% used [0x0000000080000000,0x000000008f8ada20,0x0000000090d00000)
 Metaspace       used 76226K, committed 77760K, reserved 1179648K
  class space    used 7459K, committed 8192K, reserved 1048576K
}
Event: 5119.119 GC heap before
{Heap before GC invocations=697 (full 4):
 PSYoungGen      total 4608K, used 4096K [0x00000000d5580000, 0x00000000d5b80000, 0x0000000100000000)
  eden space 3072K, 100% used [0x00000000d5580000,0x00000000d5880000,0x00000000d5880000)
  from space 1536K, 66% used [0x00000000d5a00000,0x00000000d5b00000,0x00000000d5b80000)
  to   space 1536K, 0% used [0x00000000d5880000,0x00000000d5880000,0x00000000d5a00000)
 ParOldGen       total 275456K, used 254646K [0x0000000080000000, 0x0000000090d00000, 0x00000000d5580000)
  object space 275456K, 92% used [0x0000000080000000,0x000000008f8ada20,0x0000000090d00000)
 Metaspace       used 76226K, committed 77760K, reserved 1179648K
  class space    used 7459K, committed 8192K, reserved 1048576K
}
Event: 5119.121 GC heap after
{Heap after GC invocations=697 (full 4):
 PSYoungGen      total 4096K, used 593K [0x00000000d5580000, 0x00000000d5a80000, 0x0000000100000000)
  eden space 3072K, 0% used [0x00000000d5580000,0x00000000d5580000,0x00000000d5880000)
  from space 1024K, 57% used [0x00000000d5880000,0x00000000d5914628,0x00000000d5980000)
  to   space 1024K, 0% used [0x00000000d5980000,0x00000000d5980000,0x00000000d5a80000)
 ParOldGen       total 275456K, used 255585K [0x0000000080000000, 0x0000000090d00000, 0x00000000d5580000)
  object space 275456K, 92% used [0x0000000080000000,0x000000008f998510,0x0000000090d00000)
 Metaspace       used 76226K, committed 77760K, reserved 1179648K
  class space    used 7459K, committed 8192K, reserved 1048576K
}
Event: 5119.143 GC heap before
{Heap before GC invocations=698 (full 4):
 PSYoungGen      total 4096K, used 3665K [0x00000000d5580000, 0x00000000d5a80000, 0x0000000100000000)
  eden space 3072K, 100% used [0x00000000d5580000,0x00000000d5880000,0x00000000d5880000)
  from space 1024K, 57% used [0x00000000d5880000,0x00000000d5914628,0x00000000d5980000)
  to   space 1024K, 0% used [0x00000000d5980000,0x00000000d5980000,0x00000000d5a80000)
 ParOldGen       total 275456K, used 255585K [0x0000000080000000, 0x0000000090d00000, 0x00000000d5580000)
  object space 275456K, 92% used [0x0000000080000000,0x000000008f998510,0x0000000090d00000)
 Metaspace       used 76229K, committed 77760K, reserved 1179648K
  class space    used 7459K, committed 8192K, reserved 1048576K
}
Event: 5119.145 GC heap after
{Heap after GC invocations=698 (full 4):
 PSYoungGen      total 4096K, used 688K [0x00000000d5580000, 0x00000000d5a80000, 0x0000000100000000)
  eden space 3072K, 0% used [0x00000000d5580000,0x00000000d5580000,0x00000000d5880000)
  from space 1024K, 67% used [0x00000000d5980000,0x00000000d5a2c010,0x00000000d5a80000)
  to   space 1024K, 0% used [0x00000000d5880000,0x00000000d5880000,0x00000000d5980000)
 ParOldGen       total 275456K, used 256138K [0x0000000080000000, 0x0000000090d00000, 0x00000000d5580000)
  object space 275456K, 92% used [0x0000000080000000,0x000000008fa22b48,0x0000000090d00000)
 Metaspace       used 76229K, committed 77760K, reserved 1179648K
  class space    used 7459K, committed 8192K, reserved 1048576K
}
Event: 5119.181 GC heap before
{Heap before GC invocations=699 (full 4):
 PSYoungGen      total 4096K, used 3760K [0x00000000d5580000, 0x00000000d5a80000, 0x0000000100000000)
  eden space 3072K, 100% used [0x00000000d5580000,0x00000000d5880000,0x00000000d5880000)
  from space 1024K, 67% used [0x00000000d5980000,0x00000000d5a2c010,0x00000000d5a80000)
  to   space 1024K, 0% used [0x00000000d5880000,0x00000000d5880000,0x00000000d5980000)
 ParOldGen       total 275456K, used 256138K [0x0000000080000000, 0x0000000090d00000, 0x00000000d5580000)
  object space 275456K, 92% used [0x0000000080000000,0x000000008fa22b48,0x0000000090d00000)
 Metaspace       used 76235K, committed 77760K, reserved 1179648K
  class space    used 7459K, committed 8192K, reserved 1048576K
}
Event: 5119.183 GC heap after
{Heap after GC invocations=699 (full 4):
 PSYoungGen      total 4096K, used 989K [0x00000000d5580000, 0x00000000d5b80000, 0x0000000100000000)
  eden space 3072K, 0% used [0x00000000d5580000,0x00000000d5580000,0x00000000d5880000)
  from space 1024K, 96% used [0x00000000d5880000,0x00000000d5977428,0x00000000d5980000)
  to   space 1536K, 0% used [0x00000000d5a00000,0x00000000d5a00000,0x00000000d5b80000)
 ParOldGen       total 275456K, used 256777K [0x0000000080000000, 0x0000000090d00000, 0x00000000d5580000)
  object space 275456K, 93% used [0x0000000080000000,0x000000008fac2528,0x0000000090d00000)
 Metaspace       used 76235K, committed 77760K, reserved 1179648K
  class space    used 7459K, committed 8192K, reserved 1048576K
}
Event: 5119.262 GC heap before
{Heap before GC invocations=700 (full 4):
 PSYoungGen      total 4096K, used 4061K [0x00000000d5580000, 0x00000000d5b80000, 0x0000000100000000)
  eden space 3072K, 100% used [0x00000000d5580000,0x00000000d5880000,0x00000000d5880000)
  from space 1024K, 96% used [0x00000000d5880000,0x00000000d5977428,0x00000000d5980000)
  to   space 1536K, 0% used [0x00000000d5a00000,0x00000000d5a00000,0x00000000d5b80000)
 ParOldGen       total 275456K, used 256777K [0x0000000080000000, 0x0000000090d00000, 0x00000000d5580000)
  object space 275456K, 93% used [0x0000000080000000,0x000000008fac2528,0x0000000090d00000)
 Metaspace       used 76239K, committed 77760K, reserved 1179648K
  class space    used 7459K, committed 8192K, reserved 1048576K
}
Event: 5119.266 GC heap after
{Heap after GC invocations=700 (full 4):
 PSYoungGen      total 3584K, used 128K [0x00000000d5580000, 0x00000000d5a80000, 0x0000000100000000)
  eden space 3072K, 0% used [0x00000000d5580000,0x00000000d5580000,0x00000000d5880000)
  from space 512K, 25% used [0x00000000d5a00000,0x00000000d5a20000,0x00000000d5a80000)
  to   space 512K, 0% used [0x00000000d5980000,0x00000000d5980000,0x00000000d5a00000)
 ParOldGen       total 275456K, used 257661K [0x0000000080000000, 0x0000000090d00000, 0x00000000d5580000)
  object space 275456K, 93% used [0x0000000080000000,0x000000008fb9f730,0x0000000090d00000)
 Metaspace       used 76239K, committed 77760K, reserved 1179648K
  class space    used 7459K, committed 8192K, reserved 1048576K
}

