# JRE version: OpenJDK Runtime Environment Temurin-21.0.7+6 (21.0.7+6) (build 21.0.7+6-LTS)
# Java VM: OpenJDK 64-Bit Server VM Temurin-21.0.7+6 (21.0.7+6-LTS, mixed mode, sharing, tiered, compressed oops, compressed class ptrs, parallel gc, windows-amd64)
GC Precious Log:
 CardTable entry size: 512
 CPUs: 4 total, 4 available
 Memory: 8101M
 Large Page Support: Disabled
 NUMA Support: Disabled
 Compressed Oops: Enabled (32-bit)
 Alignments: Space 512K, Generation 512K, Heap 2M
 Heap Min Capacity: 100M
 Heap Initial Capacity: 100M
 Heap Max Capacity: 2G
 Pre-touch: Disabled
 Parallel Workers: 4
Heap:
 PSYoungGen      total 15872K, used 15849K [0x00000000d5580000, 0x00000000d6a80000, 0x0000000100000000)
  eden space 14336K, 100% used [0x00000000d5580000,0x00000000d6380000,0x00000000d6380000)
  from space 1536K, 98% used [0x00000000d6400000,0x00000000d657a558,0x00000000d6580000)
  to   space 3584K, 0% used [0x00000000d6700000,0x00000000d6700000,0x00000000d6a80000)
 ParOldGen       total 814592K, used 430679K [0x0000000080000000, 0x00000000b1b80000, 0x00000000d5580000)
  object space 814592K, 52% used [0x0000000080000000,0x000000009a495da8,0x00000000b1b80000)
 Metaspace       used 84647K, committed 86208K, reserved 1179648K
  class space    used 8369K, committed 9152K, reserved 1048576K
GC Heap History (20 events):
Event: 19360.454 GC heap before
{Heap before GC invocations=1152 (full 4):
 PSYoungGen      total 14848K, used 14840K [0x00000000d5580000, 0x00000000d6a00000, 0x0000000100000000)
  eden space 14336K, 100% used [0x00000000d5580000,0x00000000d6380000,0x00000000d6380000)
  from space 512K, 98% used [0x00000000d6900000,0x00000000d697e260,0x00000000d6980000)
  to   space 512K, 0% used [0x00000000d6980000,0x00000000d6980000,0x00000000d6a00000)
 ParOldGen       total 814592K, used 425077K [0x0000000080000000, 0x00000000b1b80000, 0x00000000d5580000)
  object space 814592K, 52% used [0x0000000080000000,0x0000000099f1d7d0,0x00000000b1b80000)
 Metaspace       used 84386K, committed 85888K, reserved 1179648K
  class space    used 8353K, committed 9088K, reserved 1048576K
}
Event: 19360.456 GC heap after
{Heap after GC invocations=1152 (full 4):
 PSYoungGen      total 14848K, used 250K [0x00000000d5580000, 0x00000000d6a00000, 0x0000000100000000)
  eden space 14336K, 0% used [0x00000000d5580000,0x00000000d5580000,0x00000000d6380000)
  from space 512K, 48% used [0x00000000d6980000,0x00000000d69be900,0x00000000d6a00000)
  to   space 1024K, 0% used [0x00000000d6800000,0x00000000d6800000,0x00000000d6900000)
 ParOldGen       total 814592K, used 425152K [0x0000000080000000, 0x00000000b1b80000, 0x00000000d5580000)
  object space 814592K, 52% used [0x0000000080000000,0x0000000099f300d0,0x00000000b1b80000)
 Metaspace       used 84386K, committed 85888K, reserved 1179648K
  class space    used 8353K, committed 9088K, reserved 1048576K
}
Event: 19361.925 GC heap before
{Heap before GC invocations=1153 (full 4):
 PSYoungGen      total 14848K, used 14586K [0x00000000d5580000, 0x00000000d6a00000, 0x0000000100000000)
  eden space 14336K, 100% used [0x00000000d5580000,0x00000000d6380000,0x00000000d6380000)
  from space 512K, 48% used [0x00000000d6980000,0x00000000d69be900,0x00000000d6a00000)
  to   space 1024K, 0% used [0x00000000d6800000,0x00000000d6800000,0x00000000d6900000)
 ParOldGen       total 814592K, used 425152K [0x0000000080000000, 0x00000000b1b80000, 0x00000000d5580000)
  object space 814592K, 52% used [0x0000000080000000,0x0000000099f300d0,0x00000000b1b80000)
 Metaspace       used 84392K, committed 85888K, reserved 1179648K
  class space    used 8353K, committed 9088K, reserved 1048576K
}
Event: 19361.928 GC heap after
{Heap after GC invocations=1153 (full 4):
 PSYoungGen      total 15360K, used 521K [0x00000000d5580000, 0x00000000d6a00000, 0x0000000100000000)
  eden space 14336K, 0% used [0x00000000d5580000,0x00000000d5580000,0x00000000d6380000)
  from space 1024K, 50% used [0x00000000d6800000,0x00000000d6882540,0x00000000d6900000)
  to   space 1024K, 0% used [0x00000000d6900000,0x00000000d6900000,0x00000000d6a00000)
 ParOldGen       total 814592K, used 425184K [0x0000000080000000, 0x00000000b1b80000, 0x00000000d5580000)
  object space 814592K, 52% used [0x0000000080000000,0x0000000099f380d0,0x00000000b1b80000)
 Metaspace       used 84392K, committed 85888K, reserved 1179648K
  class space    used 8353K, committed 9088K, reserved 1048576K
}
Event: 19362.171 GC heap before
{Heap before GC invocations=1154 (full 4):
 PSYoungGen      total 15360K, used 14857K [0x00000000d5580000, 0x00000000d6a00000, 0x0000000100000000)
  eden space 14336K, 100% used [0x00000000d5580000,0x00000000d6380000,0x00000000d6380000)
  from space 1024K, 50% used [0x00000000d6800000,0x00000000d6882540,0x00000000d6900000)
  to   space 1024K, 0% used [0x00000000d6900000,0x00000000d6900000,0x00000000d6a00000)
 ParOldGen       total 814592K, used 425184K [0x0000000080000000, 0x00000000b1b80000, 0x00000000d5580000)
  object space 814592K, 52% used [0x0000000080000000,0x0000000099f380d0,0x00000000b1b80000)
 Metaspace       used 84448K, committed 85952K, reserved 1179648K
  class space    used 8353K, committed 9088K, reserved 1048576K
}
Event: 19362.187 GC heap after
{Heap after GC invocations=1154 (full 4):
 PSYoungGen      total 15360K, used 999K [0x00000000d5580000, 0x00000000d6c80000, 0x0000000100000000)
  eden space 14336K, 0% used [0x00000000d5580000,0x00000000d5580000,0x00000000d6380000)
  from space 1024K, 97% used [0x00000000d6900000,0x00000000d69f9ea0,0x00000000d6a00000)
  to   space 4608K, 0% used [0x00000000d6380000,0x00000000d6380000,0x00000000d6800000)
 ParOldGen       total 814592K, used 428013K [0x0000000080000000, 0x00000000b1b80000, 0x00000000d5580000)
  object space 814592K, 52% used [0x0000000080000000,0x000000009a1fb410,0x00000000b1b80000)
 Metaspace       used 84448K, committed 85952K, reserved 1179648K
  class space    used 8353K, committed 9088K, reserved 1048576K
}
Event: 19362.225 GC heap before
{Heap before GC invocations=1155 (full 4):
 PSYoungGen      total 15360K, used 15335K [0x00000000d5580000, 0x00000000d6c80000, 0x0000000100000000)
  eden space 14336K, 100% used [0x00000000d5580000,0x00000000d6380000,0x00000000d6380000)
  from space 1024K, 97% used [0x00000000d6900000,0x00000000d69f9ea0,0x00000000d6a00000)
  to   space 4608K, 0% used [0x00000000d6380000,0x00000000d6380000,0x00000000d6800000)
 ParOldGen       total 814592K, used 428013K [0x0000000080000000, 0x00000000b1b80000, 0x00000000d5580000)
  object space 814592K, 52% used [0x0000000080000000,0x000000009a1fb410,0x00000000b1b80000)
 Metaspace       used 84455K, committed 85952K, reserved 1179648K
  class space    used 8353K, committed 9088K, reserved 1048576K
}
Event: 19362.230 GC heap after
{Heap after GC invocations=1155 (full 4):
 PSYoungGen      total 17408K, used 2704K [0x00000000d5580000, 0x00000000d6a80000, 0x0000000100000000)
  eden space 14336K, 0% used [0x00000000d5580000,0x00000000d5580000,0x00000000d6380000)
  from space 3072K, 88% used [0x00000000d6380000,0x00000000d66243e0,0x00000000d6680000)
  to   space 3584K, 0% used [0x00000000d6700000,0x00000000d6700000,0x00000000d6a80000)
 ParOldGen       total 814592K, used 428278K [0x0000000080000000, 0x00000000b1b80000, 0x00000000d5580000)
  object space 814592K, 52% used [0x0000000080000000,0x000000009a23d950,0x00000000b1b80000)
 Metaspace       used 84455K, committed 85952K, reserved 1179648K
  class space    used 8353K, committed 9088K, reserved 1048576K
}
Event: 19429.643 GC heap before
{Heap before GC invocations=1156 (full 4):
 PSYoungGen      total 17408K, used 17040K [0x00000000d5580000, 0x00000000d6a80000, 0x0000000100000000)
  eden space 14336K, 100% used [0x00000000d5580000,0x00000000d6380000,0x00000000d6380000)
  from space 3072K, 88% used [0x00000000d6380000,0x00000000d66243e0,0x00000000d6680000)
  to   space 3584K, 0% used [0x00000000d6700000,0x00000000d6700000,0x00000000d6a80000)
 ParOldGen       total 814592K, used 428278K [0x0000000080000000, 0x00000000b1b80000, 0x00000000d5580000)
  object space 814592K, 52% used [0x0000000080000000,0x000000009a23d950,0x00000000b1b80000)
 Metaspace       used 84483K, committed 86016K, reserved 1179648K
  class space    used 8354K, committed 9088K, reserved 1048576K
}
Event: 19429.646 GC heap after
{Heap after GC invocations=1156 (full 4):
 PSYoungGen      total 14848K, used 160K [0x00000000d5580000, 0x00000000d6780000, 0x0000000100000000)
  eden space 14336K, 0% used [0x00000000d5580000,0x00000000d5580000,0x00000000d6380000)
  from space 512K, 31% used [0x00000000d6700000,0x00000000d6728000,0x00000000d6780000)
  to   space 1536K, 0% used [0x00000000d6480000,0x00000000d6480000,0x00000000d6600000)
 ParOldGen       total 814592K, used 428318K [0x0000000080000000, 0x00000000b1b80000, 0x00000000d5580000)
  object space 814592K, 52% used [0x0000000080000000,0x000000009a247950,0x00000000b1b80000)
 Metaspace       used 84483K, committed 86016K, reserved 1179648K
  class space    used 8354K, committed 9088K, reserved 1048576K
}
Event: 19600.116 GC heap before
{Heap before GC invocations=1157 (full 4):
 PSYoungGen      total 14848K, used 14496K [0x00000000d5580000, 0x00000000d6780000, 0x0000000100000000)
  eden space 14336K, 100% used [0x00000000d5580000,0x00000000d6380000,0x00000000d6380000)
  from space 512K, 31% used [0x00000000d6700000,0x00000000d6728000,0x00000000d6780000)
  to   space 1536K, 0% used [0x00000000d6480000,0x00000000d6480000,0x00000000d6600000)
 ParOldGen       total 814592K, used 428318K [0x0000000080000000, 0x00000000b1b80000, 0x00000000d5580000)
  object space 814592K, 52% used [0x0000000080000000,0x000000009a247950,0x00000000b1b80000)
 Metaspace       used 84584K, committed 86144K, reserved 1179648K
  class space    used 8368K, committed 9152K, reserved 1048576K
}
Event: 19600.135 GC heap after
{Heap after GC invocations=1157 (full 4):
 PSYoungGen      total 15872K, used 772K [0x00000000d5580000, 0x00000000d6780000, 0x0000000100000000)
  eden space 14336K, 0% used [0x00000000d5580000,0x00000000d5580000,0x00000000d6380000)
  from space 1536K, 50% used [0x00000000d6480000,0x00000000d6541230,0x00000000d6600000)
  to   space 1024K, 0% used [0x00000000d6680000,0x00000000d6680000,0x00000000d6780000)
 ParOldGen       total 814592K, used 428414K [0x0000000080000000, 0x00000000b1b80000, 0x00000000d5580000)
  object space 814592K, 52% used [0x0000000080000000,0x000000009a25f950,0x00000000b1b80000)
 Metaspace       used 84584K, committed 86144K, reserved 1179648K
  class space    used 8368K, committed 9152K, reserved 1048576K
}
Event: 19600.301 GC heap before
{Heap before GC invocations=1158 (full 4):
 PSYoungGen      total 15872K, used 15108K [0x00000000d5580000, 0x00000000d6780000, 0x0000000100000000)
  eden space 14336K, 100% used [0x00000000d5580000,0x00000000d6380000,0x00000000d6380000)
  from space 1536K, 50% used [0x00000000d6480000,0x00000000d6541230,0x00000000d6600000)
  to   space 1024K, 0% used [0x00000000d6680000,0x00000000d6680000,0x00000000d6780000)
 ParOldGen       total 814592K, used 428414K [0x0000000080000000, 0x00000000b1b80000, 0x00000000d5580000)
  object space 814592K, 52% used [0x0000000080000000,0x000000009a25f950,0x00000000b1b80000)
 Metaspace       used 84584K, committed 86144K, reserved 1179648K
  class space    used 8368K, committed 9152K, reserved 1048576K
}
Event: 19600.305 GC heap after
{Heap after GC invocations=1158 (full 4):
 PSYoungGen      total 14848K, used 308K [0x00000000d5580000, 0x00000000d6700000, 0x0000000100000000)
  eden space 14336K, 0% used [0x00000000d5580000,0x00000000d5580000,0x00000000d6380000)
  from space 512K, 60% used [0x00000000d6680000,0x00000000d66cd220,0x00000000d6700000)
  to   space 512K, 0% used [0x00000000d6600000,0x00000000d6600000,0x00000000d6680000)
 ParOldGen       total 814592K, used 428731K [0x0000000080000000, 0x00000000b1b80000, 0x00000000d5580000)
  object space 814592K, 52% used [0x0000000080000000,0x000000009a2aecb0,0x00000000b1b80000)
 Metaspace       used 84584K, committed 86144K, reserved 1179648K
  class space    used 8368K, committed 9152K, reserved 1048576K
}
Event: 19601.445 GC heap before
{Heap before GC invocations=1159 (full 4):
 PSYoungGen      total 14848K, used 14644K [0x00000000d5580000, 0x00000000d6700000, 0x0000000100000000)
  eden space 14336K, 100% used [0x00000000d5580000,0x00000000d6380000,0x00000000d6380000)
  from space 512K, 60% used [0x00000000d6680000,0x00000000d66cd220,0x00000000d6700000)
  to   space 512K, 0% used [0x00000000d6600000,0x00000000d6600000,0x00000000d6680000)
 ParOldGen       total 814592K, used 428731K [0x0000000080000000, 0x00000000b1b80000, 0x00000000d5580000)
  object space 814592K, 52% used [0x0000000080000000,0x000000009a2aecb0,0x00000000b1b80000)
 Metaspace       used 84593K, committed 86144K, reserved 1179648K
  class space    used 8368K, committed 9152K, reserved 1048576K
}
Event: 19601.450 GC heap after
{Heap after GC invocations=1159 (full 4):
 PSYoungGen      total 14848K, used 96K [0x00000000d5580000, 0x00000000d6700000, 0x0000000100000000)
  eden space 14336K, 0% used [0x00000000d5580000,0x00000000d5580000,0x00000000d6380000)
  from space 512K, 18% used [0x00000000d6600000,0x00000000d6618000,0x00000000d6680000)
  to   space 512K, 0% used [0x00000000d6680000,0x00000000d6680000,0x00000000d6700000)
 ParOldGen       total 814592K, used 428827K [0x0000000080000000, 0x00000000b1b80000, 0x00000000d5580000)
  object space 814592K, 52% used [0x0000000080000000,0x000000009a2c6cd0,0x00000000b1b80000)
 Metaspace       used 84593K, committed 86144K, reserved 1179648K
  class space    used 8368K, committed 9152K, reserved 1048576K
}
Event: 19602.070 GC heap before
{Heap before GC invocations=1160 (full 4):
 PSYoungGen      total 14848K, used 14432K [0x00000000d5580000, 0x00000000d6700000, 0x0000000100000000)
  eden space 14336K, 100% used [0x00000000d5580000,0x00000000d6380000,0x00000000d6380000)
  from space 512K, 18% used [0x00000000d6600000,0x00000000d6618000,0x00000000d6680000)
  to   space 512K, 0% used [0x00000000d6680000,0x00000000d6680000,0x00000000d6700000)
 ParOldGen       total 814592K, used 428827K [0x0000000080000000, 0x00000000b1b80000, 0x00000000d5580000)
  object space 814592K, 52% used [0x0000000080000000,0x000000009a2c6cd0,0x00000000b1b80000)
 Metaspace       used 84598K, committed 86144K, reserved 1179648K
  class space    used 8368K, committed 9152K, reserved 1048576K
}
Event: 19602.077 GC heap after
{Heap after GC invocations=1160 (full 4):
 PSYoungGen      total 14848K, used 500K [0x00000000d5580000, 0x00000000d6700000, 0x0000000100000000)
  eden space 14336K, 0% used [0x00000000d5580000,0x00000000d5580000,0x00000000d6380000)
  from space 512K, 97% used [0x00000000d6680000,0x00000000d66fd220,0x00000000d6700000)
  to   space 1536K, 0% used [0x00000000d6400000,0x00000000d6400000,0x00000000d6580000)
 ParOldGen       total 814592K, used 429416K [0x0000000080000000, 0x00000000b1b80000, 0x00000000d5580000)
  object space 814592K, 52% used [0x0000000080000000,0x000000009a35a050,0x00000000b1b80000)
 Metaspace       used 84598K, committed 86144K, reserved 1179648K
  class space    used 8368K, committed 9152K, reserved 1048576K
}
Event: 19602.715 GC heap before
{Heap before GC invocations=1161 (full 4):
 PSYoungGen      total 14848K, used 14836K [0x00000000d5580000, 0x00000000d6700000, 0x0000000100000000)
  eden space 14336K, 100% used [0x00000000d5580000,0x00000000d6380000,0x00000000d6380000)
  from space 512K, 97% used [0x00000000d6680000,0x00000000d66fd220,0x00000000d6700000)
  to   space 1536K, 0% used [0x00000000d6400000,0x00000000d6400000,0x00000000d6580000)
 ParOldGen       total 814592K, used 429416K [0x0000000080000000, 0x00000000b1b80000, 0x00000000d5580000)
  object space 814592K, 52% used [0x0000000080000000,0x000000009a35a050,0x00000000b1b80000)
 Metaspace       used 84624K, committed 86208K, reserved 1179648K
  class space    used 8368K, committed 9152K, reserved 1048576K
}
Event: 19602.729 GC heap after
{Heap after GC invocations=1161 (full 4):
 PSYoungGen      total 15872K, used 1513K [0x00000000d5580000, 0x00000000d6a80000, 0x0000000100000000)
  eden space 14336K, 0% used [0x00000000d5580000,0x00000000d5580000,0x00000000d6380000)
  from space 1536K, 98% used [0x00000000d6400000,0x00000000d657a558,0x00000000d6580000)
  to   space 3584K, 0% used [0x00000000d6700000,0x00000000d6700000,0x00000000d6a80000)
 ParOldGen       total 814592K, used 430679K [0x0000000080000000, 0x00000000b1b80000, 0x00000000d5580000)
  object space 814592K, 52% used [0x0000000080000000,0x000000009a495da8,0x00000000b1b80000)
 Metaspace       used 84624K, committed 86208K, reserved 1179648K
  class space    used 8368K, committed 9152K, reserved 1048576K
}

