# JRE version: OpenJDK Runtime Environment Temurin-21.0.7+6 (21.0.7+6) (build 21.0.7+6-LTS)
# Java VM: OpenJDK 64-Bit Server VM Temurin-21.0.7+6 (21.0.7+6-LTS, mixed mode, sharing, tiered, compressed oops, compressed class ptrs, parallel gc, windows-amd64)
GC Precious Log:
 CardTable entry size: 512
 CPUs: 4 total, 4 available
 Memory: 8101M
 Large Page Support: Disabled
 NUMA Support: Disabled
 Compressed Oops: Enabled (32-bit)
 Alignments: Space 512K, Generation 512K, Heap 2M
 Heap Min Capacity: 100M
 Heap Initial Capacity: 100M
 Heap Max Capacity: 2G
 Pre-touch: Disabled
 Parallel Workers: 4
Heap:
 PSYoungGen      total 9216K, used 6663K [0x00000000d5580000, 0x00000000d6200000, 0x0000000100000000)
  eden space 8704K, 75% used [0x00000000d5580000,0x00000000d5be9c88,0x00000000d5e00000)
  from space 512K, 18% used [0x00000000d6100000,0x00000000d6118000,0x00000000d6180000)
  to   space 512K, 0% used [0x00000000d6180000,0x00000000d6180000,0x00000000d6200000)
 ParOldGen       total 980480K, used 368089K [0x0000000080000000, 0x00000000bbd80000, 0x00000000d5580000)
  object space 980480K, 37% used [0x0000000080000000,0x00000000967765e8,0x00000000bbd80000)
 Metaspace       used 78241K, committed 80064K, reserved 1179648K
  class space    used 7723K, committed 8576K, reserved 1048576K
GC Heap History (20 events):
Event: 38274.747 GC heap before
{Heap before GC invocations=1704 (full 4):
 PSYoungGen      total 7680K, used 7296K [0x00000000d5580000, 0x00000000d6200000, 0x0000000100000000)
  eden space 7168K, 100% used [0x00000000d5580000,0x00000000d5c80000,0x00000000d5c80000)
  from space 512K, 25% used [0x00000000d6100000,0x00000000d6120000,0x00000000d6180000)
  to   space 512K, 0% used [0x00000000d6180000,0x00000000d6180000,0x00000000d6200000)
 ParOldGen       total 980480K, used 365530K [0x0000000080000000, 0x00000000bbd80000, 0x00000000d5580000)
  object space 980480K, 37% used [0x0000000080000000,0x00000000964f6bc0,0x00000000bbd80000)
 Metaspace       used 78231K, committed 80064K, reserved 1179648K
  class space    used 7723K, committed 8576K, reserved 1048576K
}
Event: 38274.750 GC heap after
{Heap after GC invocations=1704 (full 4):
 PSYoungGen      total 7680K, used 128K [0x00000000d5580000, 0x00000000d6200000, 0x0000000100000000)
  eden space 7168K, 0% used [0x00000000d5580000,0x00000000d5580000,0x00000000d5c80000)
  from space 512K, 25% used [0x00000000d6180000,0x00000000d61a0000,0x00000000d6200000)
  to   space 512K, 0% used [0x00000000d6100000,0x00000000d6100000,0x00000000d6180000)
 ParOldGen       total 980480K, used 365538K [0x0000000080000000, 0x00000000bbd80000, 0x00000000d5580000)
  object space 980480K, 37% used [0x0000000080000000,0x00000000964f8bc0,0x00000000bbd80000)
 Metaspace       used 78231K, committed 80064K, reserved 1179648K
  class space    used 7723K, committed 8576K, reserved 1048576K
}
Event: 38280.996 GC heap before
{Heap before GC invocations=1705 (full 4):
 PSYoungGen      total 7680K, used 7296K [0x00000000d5580000, 0x00000000d6200000, 0x0000000100000000)
  eden space 7168K, 100% used [0x00000000d5580000,0x00000000d5c80000,0x00000000d5c80000)
  from space 512K, 25% used [0x00000000d6180000,0x00000000d61a0000,0x00000000d6200000)
  to   space 512K, 0% used [0x00000000d6100000,0x00000000d6100000,0x00000000d6180000)
 ParOldGen       total 980480K, used 365538K [0x0000000080000000, 0x00000000bbd80000, 0x00000000d5580000)
  object space 980480K, 37% used [0x0000000080000000,0x00000000964f8bc0,0x00000000bbd80000)
 Metaspace       used 78231K, committed 80064K, reserved 1179648K
  class space    used 7723K, committed 8576K, reserved 1048576K
}
Event: 38280.999 GC heap after
{Heap after GC invocations=1705 (full 4):
 PSYoungGen      total 7680K, used 128K [0x00000000d5580000, 0x00000000d6200000, 0x0000000100000000)
  eden space 7168K, 0% used [0x00000000d5580000,0x00000000d5580000,0x00000000d5c80000)
  from space 512K, 25% used [0x00000000d6100000,0x00000000d6120000,0x00000000d6180000)
  to   space 512K, 0% used [0x00000000d6180000,0x00000000d6180000,0x00000000d6200000)
 ParOldGen       total 980480K, used 365538K [0x0000000080000000, 0x00000000bbd80000, 0x00000000d5580000)
  object space 980480K, 37% used [0x0000000080000000,0x00000000964f8bc0,0x00000000bbd80000)
 Metaspace       used 78231K, committed 80064K, reserved 1179648K
  class space    used 7723K, committed 8576K, reserved 1048576K
}
Event: 38281.449 GC heap before
{Heap before GC invocations=1706 (full 4):
 PSYoungGen      total 7680K, used 5901K [0x00000000d5580000, 0x00000000d6200000, 0x0000000100000000)
  eden space 7168K, 80% used [0x00000000d5580000,0x00000000d5b237c0,0x00000000d5c80000)
  from space 512K, 25% used [0x00000000d6100000,0x00000000d6120000,0x00000000d6180000)
  to   space 512K, 0% used [0x00000000d6180000,0x00000000d6180000,0x00000000d6200000)
 ParOldGen       total 980480K, used 365538K [0x0000000080000000, 0x00000000bbd80000, 0x00000000d5580000)
  object space 980480K, 37% used [0x0000000080000000,0x00000000964f8bc0,0x00000000bbd80000)
 Metaspace       used 78231K, committed 80064K, reserved 1179648K
  class space    used 7723K, committed 8576K, reserved 1048576K
}
Event: 38281.455 GC heap after
{Heap after GC invocations=1706 (full 4):
 PSYoungGen      total 7680K, used 128K [0x00000000d5580000, 0x00000000d6200000, 0x0000000100000000)
  eden space 7168K, 0% used [0x00000000d5580000,0x00000000d5580000,0x00000000d5c80000)
  from space 512K, 25% used [0x00000000d6180000,0x00000000d61a0000,0x00000000d6200000)
  to   space 512K, 0% used [0x00000000d6100000,0x00000000d6100000,0x00000000d6180000)
 ParOldGen       total 980480K, used 365554K [0x0000000080000000, 0x00000000bbd80000, 0x00000000d5580000)
  object space 980480K, 37% used [0x0000000080000000,0x00000000964fcbc0,0x00000000bbd80000)
 Metaspace       used 78231K, committed 80064K, reserved 1179648K
  class space    used 7723K, committed 8576K, reserved 1048576K
}
Event: 38281.491 GC heap before
{Heap before GC invocations=1707 (full 4):
 PSYoungGen      total 7680K, used 6139K [0x00000000d5580000, 0x00000000d6200000, 0x0000000100000000)
  eden space 7168K, 83% used [0x00000000d5580000,0x00000000d5b5ed28,0x00000000d5c80000)
  from space 512K, 25% used [0x00000000d6180000,0x00000000d61a0000,0x00000000d6200000)
  to   space 512K, 0% used [0x00000000d6100000,0x00000000d6100000,0x00000000d6180000)
 ParOldGen       total 980480K, used 365554K [0x0000000080000000, 0x00000000bbd80000, 0x00000000d5580000)
  object space 980480K, 37% used [0x0000000080000000,0x00000000964fcbc0,0x00000000bbd80000)
 Metaspace       used 78231K, committed 80064K, reserved 1179648K
  class space    used 7723K, committed 8576K, reserved 1048576K
}
Event: 38281.493 GC heap after
{Heap after GC invocations=1707 (full 4):
 PSYoungGen      total 7680K, used 379K [0x00000000d5580000, 0x00000000d6200000, 0x0000000100000000)
  eden space 7168K, 0% used [0x00000000d5580000,0x00000000d5580000,0x00000000d5c80000)
  from space 512K, 74% used [0x00000000d6100000,0x00000000d615efb8,0x00000000d6180000)
  to   space 512K, 0% used [0x00000000d6180000,0x00000000d6180000,0x00000000d6200000)
 ParOldGen       total 980480K, used 365626K [0x0000000080000000, 0x00000000bbd80000, 0x00000000d5580000)
  object space 980480K, 37% used [0x0000000080000000,0x000000009650ebc0,0x00000000bbd80000)
 Metaspace       used 78231K, committed 80064K, reserved 1179648K
  class space    used 7723K, committed 8576K, reserved 1048576K
}
Event: 38281.511 GC heap before
{Heap before GC invocations=1708 (full 4):
 PSYoungGen      total 7680K, used 6493K [0x00000000d5580000, 0x00000000d6200000, 0x0000000100000000)
  eden space 7168K, 85% used [0x00000000d5580000,0x00000000d5b784e0,0x00000000d5c80000)
  from space 512K, 74% used [0x00000000d6100000,0x00000000d615efb8,0x00000000d6180000)
  to   space 512K, 0% used [0x00000000d6180000,0x00000000d6180000,0x00000000d6200000)
 ParOldGen       total 980480K, used 365626K [0x0000000080000000, 0x00000000bbd80000, 0x00000000d5580000)
  object space 980480K, 37% used [0x0000000080000000,0x000000009650ebc0,0x00000000bbd80000)
 Metaspace       used 78233K, committed 80064K, reserved 1179648K
  class space    used 7723K, committed 8576K, reserved 1048576K
}
Event: 38281.515 GC heap after
{Heap after GC invocations=1708 (full 4):
 PSYoungGen      total 7680K, used 160K [0x00000000d5580000, 0x00000000d6200000, 0x0000000100000000)
  eden space 7168K, 0% used [0x00000000d5580000,0x00000000d5580000,0x00000000d5c80000)
  from space 512K, 31% used [0x00000000d6180000,0x00000000d61a8000,0x00000000d6200000)
  to   space 512K, 0% used [0x00000000d6100000,0x00000000d6100000,0x00000000d6180000)
 ParOldGen       total 980480K, used 365934K [0x0000000080000000, 0x00000000bbd80000, 0x00000000d5580000)
  object space 980480K, 37% used [0x0000000080000000,0x000000009655bb78,0x00000000bbd80000)
 Metaspace       used 78233K, committed 80064K, reserved 1179648K
  class space    used 7723K, committed 8576K, reserved 1048576K
}
Event: 38281.548 GC heap before
{Heap before GC invocations=1709 (full 4):
 PSYoungGen      total 7680K, used 6038K [0x00000000d5580000, 0x00000000d6200000, 0x0000000100000000)
  eden space 7168K, 82% used [0x00000000d5580000,0x00000000d5b3d820,0x00000000d5c80000)
  from space 512K, 31% used [0x00000000d6180000,0x00000000d61a8000,0x00000000d6200000)
  to   space 512K, 0% used [0x00000000d6100000,0x00000000d6100000,0x00000000d6180000)
 ParOldGen       total 980480K, used 365934K [0x0000000080000000, 0x00000000bbd80000, 0x00000000d5580000)
  object space 980480K, 37% used [0x0000000080000000,0x000000009655bb78,0x00000000bbd80000)
 Metaspace       used 78234K, committed 80064K, reserved 1179648K
  class space    used 7723K, committed 8576K, reserved 1048576K
}
Event: 38281.551 GC heap after
{Heap after GC invocations=1709 (full 4):
 PSYoungGen      total 7680K, used 439K [0x00000000d5580000, 0x00000000d6200000, 0x0000000100000000)
  eden space 7168K, 0% used [0x00000000d5580000,0x00000000d5580000,0x00000000d5c80000)
  from space 512K, 85% used [0x00000000d6100000,0x00000000d616dca8,0x00000000d6180000)
  to   space 512K, 0% used [0x00000000d6180000,0x00000000d6180000,0x00000000d6200000)
 ParOldGen       total 980480K, used 366030K [0x0000000080000000, 0x00000000bbd80000, 0x00000000d5580000)
  object space 980480K, 37% used [0x0000000080000000,0x0000000096573b78,0x00000000bbd80000)
 Metaspace       used 78234K, committed 80064K, reserved 1179648K
  class space    used 7723K, committed 8576K, reserved 1048576K
}
Event: 38281.561 GC heap before
{Heap before GC invocations=1710 (full 4):
 PSYoungGen      total 7680K, used 7605K [0x00000000d5580000, 0x00000000d6200000, 0x0000000100000000)
  eden space 7168K, 99% used [0x00000000d5580000,0x00000000d5c7f968,0x00000000d5c80000)
  from space 512K, 85% used [0x00000000d6100000,0x00000000d616dca8,0x00000000d6180000)
  to   space 512K, 0% used [0x00000000d6180000,0x00000000d6180000,0x00000000d6200000)
 ParOldGen       total 980480K, used 366030K [0x0000000080000000, 0x00000000bbd80000, 0x00000000d5580000)
  object space 980480K, 37% used [0x0000000080000000,0x0000000096573b78,0x00000000bbd80000)
 Metaspace       used 78234K, committed 80064K, reserved 1179648K
  class space    used 7723K, committed 8576K, reserved 1048576K
}
Event: 38281.580 GC heap after
{Heap after GC invocations=1710 (full 4):
 PSYoungGen      total 9216K, used 466K [0x00000000d5580000, 0x00000000d6200000, 0x0000000100000000)
  eden space 8704K, 0% used [0x00000000d5580000,0x00000000d5580000,0x00000000d5e00000)
  from space 512K, 91% used [0x00000000d6180000,0x00000000d61f49f8,0x00000000d6200000)
  to   space 512K, 0% used [0x00000000d6100000,0x00000000d6100000,0x00000000d6180000)
 ParOldGen       total 980480K, used 367849K [0x0000000080000000, 0x00000000bbd80000, 0x00000000d5580000)
  object space 980480K, 37% used [0x0000000080000000,0x000000009673a5c8,0x00000000bbd80000)
 Metaspace       used 78234K, committed 80064K, reserved 1179648K
  class space    used 7723K, committed 8576K, reserved 1048576K
}
Event: 38281.605 GC heap before
{Heap before GC invocations=1711 (full 4):
 PSYoungGen      total 9216K, used 8123K [0x00000000d5580000, 0x00000000d6200000, 0x0000000100000000)
  eden space 8704K, 87% used [0x00000000d5580000,0x00000000d5cfa468,0x00000000d5e00000)
  from space 512K, 91% used [0x00000000d6180000,0x00000000d61f49f8,0x00000000d6200000)
  to   space 512K, 0% used [0x00000000d6100000,0x00000000d6100000,0x00000000d6180000)
 ParOldGen       total 980480K, used 367849K [0x0000000080000000, 0x00000000bbd80000, 0x00000000d5580000)
  object space 980480K, 37% used [0x0000000080000000,0x000000009673a5c8,0x00000000bbd80000)
 Metaspace       used 78236K, committed 80064K, reserved 1179648K
  class space    used 7723K, committed 8576K, reserved 1048576K
}
Event: 38281.607 GC heap after
{Heap after GC invocations=1711 (full 4):
 PSYoungGen      total 9216K, used 304K [0x00000000d5580000, 0x00000000d6200000, 0x0000000100000000)
  eden space 8704K, 0% used [0x00000000d5580000,0x00000000d5580000,0x00000000d5e00000)
  from space 512K, 59% used [0x00000000d6100000,0x00000000d614c358,0x00000000d6180000)
  to   space 512K, 0% used [0x00000000d6180000,0x00000000d6180000,0x00000000d6200000)
 ParOldGen       total 980480K, used 367905K [0x0000000080000000, 0x00000000bbd80000, 0x00000000d5580000)
  object space 980480K, 37% used [0x0000000080000000,0x00000000967485c8,0x00000000bbd80000)
 Metaspace       used 78236K, committed 80064K, reserved 1179648K
  class space    used 7723K, committed 8576K, reserved 1048576K
}
Event: 38293.185 GC heap before
{Heap before GC invocations=1712 (full 4):
 PSYoungGen      total 9216K, used 9008K [0x00000000d5580000, 0x00000000d6200000, 0x0000000100000000)
  eden space 8704K, 100% used [0x00000000d5580000,0x00000000d5e00000,0x00000000d5e00000)
  from space 512K, 59% used [0x00000000d6100000,0x00000000d614c358,0x00000000d6180000)
  to   space 512K, 0% used [0x00000000d6180000,0x00000000d6180000,0x00000000d6200000)
 ParOldGen       total 980480K, used 367905K [0x0000000080000000, 0x00000000bbd80000, 0x00000000d5580000)
  object space 980480K, 37% used [0x0000000080000000,0x00000000967485c8,0x00000000bbd80000)
 Metaspace       used 78237K, committed 80064K, reserved 1179648K
  class space    used 7723K, committed 8576K, reserved 1048576K
}
Event: 38293.190 GC heap after
{Heap after GC invocations=1712 (full 4):
 PSYoungGen      total 9216K, used 128K [0x00000000d5580000, 0x00000000d6200000, 0x0000000100000000)
  eden space 8704K, 0% used [0x00000000d5580000,0x00000000d5580000,0x00000000d5e00000)
  from space 512K, 25% used [0x00000000d6180000,0x00000000d61a0000,0x00000000d6200000)
  to   space 512K, 0% used [0x00000000d6100000,0x00000000d6100000,0x00000000d6180000)
 ParOldGen       total 980480K, used 368041K [0x0000000080000000, 0x00000000bbd80000, 0x00000000d5580000)
  object space 980480K, 37% used [0x0000000080000000,0x000000009676a5e8,0x00000000bbd80000)
 Metaspace       used 78237K, committed 80064K, reserved 1179648K
  class space    used 7723K, committed 8576K, reserved 1048576K
}
Event: 38295.047 GC heap before
{Heap before GC invocations=1713 (full 4):
 PSYoungGen      total 9216K, used 8414K [0x00000000d5580000, 0x00000000d6200000, 0x0000000100000000)
  eden space 8704K, 95% used [0x00000000d5580000,0x00000000d5d979d8,0x00000000d5e00000)
  from space 512K, 25% used [0x00000000d6180000,0x00000000d61a0000,0x00000000d6200000)
  to   space 512K, 0% used [0x00000000d6100000,0x00000000d6100000,0x00000000d6180000)
 ParOldGen       total 980480K, used 368041K [0x0000000080000000, 0x00000000bbd80000, 0x00000000d5580000)
  object space 980480K, 37% used [0x0000000080000000,0x000000009676a5e8,0x00000000bbd80000)
 Metaspace       used 78238K, committed 80064K, reserved 1179648K
  class space    used 7723K, committed 8576K, reserved 1048576K
}
Event: 38295.052 GC heap after
{Heap after GC invocations=1713 (full 4):
 PSYoungGen      total 9216K, used 96K [0x00000000d5580000, 0x00000000d6200000, 0x0000000100000000)
  eden space 8704K, 0% used [0x00000000d5580000,0x00000000d5580000,0x00000000d5e00000)
  from space 512K, 18% used [0x00000000d6100000,0x00000000d6118000,0x00000000d6180000)
  to   space 512K, 0% used [0x00000000d6180000,0x00000000d6180000,0x00000000d6200000)
 ParOldGen       total 980480K, used 368089K [0x0000000080000000, 0x00000000bbd80000, 0x00000000d5580000)
  object space 980480K, 37% used [0x0000000080000000,0x00000000967765e8,0x00000000bbd80000)
 Metaspace       used 78238K, committed 80064K, reserved 1179648K
  class space    used 7723K, committed 8576K, reserved 1048576K
}

