# JRE version: OpenJDK Runtime Environment Temurin-21.0.7+6 (21.0.7+6) (build 21.0.7+6-LTS)
# Java VM: OpenJDK 64-Bit Server VM Temurin-21.0.7+6 (21.0.7+6-LTS, mixed mode, sharing, tiered, compressed oops, compressed class ptrs, parallel gc, windows-amd64)
GC Precious Log:
 CardTable entry size: 512
 CPUs: 4 total, 4 available
 Memory: 8101M
 Large Page Support: Disabled
 NUMA Support: Disabled
 Compressed Oops: Enabled (32-bit)
 Alignments: Space 512K, Generation 512K, Heap 2M
 Heap Min Capacity: 100M
 Heap Initial Capacity: 100M
 Heap Max Capacity: 2G
 Pre-touch: Disabled
 Parallel Workers: 4
Heap:
 PSYoungGen      total 6144K, used 6016K [0x00000000d5580000, 0x00000000d6280000, 0x0000000100000000)
  eden space 5120K, 100% used [0x00000000d5580000,0x00000000d5a80000,0x00000000d5a80000)
  from space 1024K, 87% used [0x00000000d5a80000,0x00000000d5b60000,0x00000000d5b80000)
  to   space 3072K, 0% used [0x00000000d5f80000,0x00000000d5f80000,0x00000000d6280000)
 ParOldGen       total 830976K, used 830508K [0x0000000080000000, 0x00000000b2b80000, 0x00000000d5580000)
  object space 830976K, 99% used [0x0000000080000000,0x00000000b2b0b200,0x00000000b2b80000)
 Metaspace       used 80642K, committed 82304K, reserved 1179648K
  class space    used 7964K, committed 8704K, reserved 1048576K
GC Heap History (20 events):
Event: 4709.653 GC heap before
{Heap before GC invocations=2588 (full 5):
 PSYoungGen      total 6656K, used 6631K [0x00000000d5580000, 0x00000000d6380000, 0x0000000100000000)
  eden space 5120K, 100% used [0x00000000d5580000,0x00000000d5a80000,0x00000000d5a80000)
  from space 1536K, 98% used [0x00000000d5a80000,0x00000000d5bf9f30,0x00000000d5c00000)
  to   space 4608K, 0% used [0x00000000d5f00000,0x00000000d5f00000,0x00000000d6380000)
 ParOldGen       total 801792K, used 801574K [0x0000000080000000, 0x00000000b0f00000, 0x00000000d5580000)
  object space 801792K, 99% used [0x0000000080000000,0x00000000b0ec9b98,0x00000000b0f00000)
 Metaspace       used 80634K, committed 82304K, reserved 1179648K
  class space    used 7964K, committed 8704K, reserved 1048576K
}
Event: 4709.661 GC heap after
{Heap after GC invocations=2588 (full 5):
 PSYoungGen      total 7168K, used 4608K [0x00000000d5580000, 0x00000000d6880000, 0x0000000100000000)
  eden space 2560K, 0% used [0x00000000d5580000,0x00000000d5580000,0x00000000d5800000)
  from space 4608K, 100% used [0x00000000d5f00000,0x00000000d6380000,0x00000000d6380000)
  to   space 7168K, 0% used [0x00000000d5800000,0x00000000d5800000,0x00000000d5f00000)
 ParOldGen       total 803840K, used 803516K [0x0000000080000000, 0x00000000b1100000, 0x00000000d5580000)
  object space 803840K, 99% used [0x0000000080000000,0x00000000b10af2e8,0x00000000b1100000)
 Metaspace       used 80634K, committed 82304K, reserved 1179648K
  class space    used 7964K, committed 8704K, reserved 1048576K
}
Event: 4709.669 GC heap before
{Heap before GC invocations=2589 (full 5):
 PSYoungGen      total 7168K, used 7168K [0x00000000d5580000, 0x00000000d6880000, 0x0000000100000000)
  eden space 2560K, 100% used [0x00000000d5580000,0x00000000d5800000,0x00000000d5800000)
  from space 4608K, 100% used [0x00000000d5f00000,0x00000000d6380000,0x00000000d6380000)
  to   space 7168K, 0% used [0x00000000d5800000,0x00000000d5800000,0x00000000d5f00000)
 ParOldGen       total 803840K, used 803516K [0x0000000080000000, 0x00000000b1100000, 0x00000000d5580000)
  object space 803840K, 99% used [0x0000000080000000,0x00000000b10af2e8,0x00000000b1100000)
 Metaspace       used 80634K, committed 82304K, reserved 1179648K
  class space    used 7964K, committed 8704K, reserved 1048576K
}
Event: 4709.678 GC heap after
{Heap after GC invocations=2589 (full 5):
 PSYoungGen      total 5120K, used 2560K [0x00000000d5580000, 0x00000000d6080000, 0x0000000100000000)
  eden space 2560K, 0% used [0x00000000d5580000,0x00000000d5580000,0x00000000d5800000)
  from space 2560K, 100% used [0x00000000d5800000,0x00000000d5a80000,0x00000000d5a80000)
  to   space 4096K, 0% used [0x00000000d5c80000,0x00000000d5c80000,0x00000000d6080000)
 ParOldGen       total 808448K, used 808172K [0x0000000080000000, 0x00000000b1580000, 0x00000000d5580000)
  object space 808448K, 99% used [0x0000000080000000,0x00000000b153b2e8,0x00000000b1580000)
 Metaspace       used 80634K, committed 82304K, reserved 1179648K
  class space    used 7964K, committed 8704K, reserved 1048576K
}
Event: 4709.693 GC heap before
{Heap before GC invocations=2590 (full 5):
 PSYoungGen      total 5120K, used 4966K [0x00000000d5580000, 0x00000000d6080000, 0x0000000100000000)
  eden space 2560K, 94% used [0x00000000d5580000,0x00000000d57d9a18,0x00000000d5800000)
  from space 2560K, 100% used [0x00000000d5800000,0x00000000d5a80000,0x00000000d5a80000)
  to   space 4096K, 0% used [0x00000000d5c80000,0x00000000d5c80000,0x00000000d6080000)
 ParOldGen       total 808448K, used 808172K [0x0000000080000000, 0x00000000b1580000, 0x00000000d5580000)
  object space 808448K, 99% used [0x0000000080000000,0x00000000b153b2e8,0x00000000b1580000)
 Metaspace       used 80634K, committed 82304K, reserved 1179648K
  class space    used 7964K, committed 8704K, reserved 1048576K
}
Event: 4709.698 GC heap after
{Heap after GC invocations=2590 (full 5):
 PSYoungGen      total 5632K, used 2050K [0x00000000d5580000, 0x00000000d5f00000, 0x0000000100000000)
  eden space 3072K, 0% used [0x00000000d5580000,0x00000000d5580000,0x00000000d5880000)
  from space 2560K, 80% used [0x00000000d5c80000,0x00000000d5e80800,0x00000000d5f00000)
  to   space 2560K, 0% used [0x00000000d5a00000,0x00000000d5a00000,0x00000000d5c80000)
 ParOldGen       total 811008K, used 810724K [0x0000000080000000, 0x00000000b1800000, 0x00000000d5580000)
  object space 811008K, 99% used [0x0000000080000000,0x00000000b17b92e8,0x00000000b1800000)
 Metaspace       used 80634K, committed 82304K, reserved 1179648K
  class space    used 7964K, committed 8704K, reserved 1048576K
}
Event: 4709.726 GC heap before
{Heap before GC invocations=2591 (full 5):
 PSYoungGen      total 5632K, used 5122K [0x00000000d5580000, 0x00000000d5f00000, 0x0000000100000000)
  eden space 3072K, 100% used [0x00000000d5580000,0x00000000d5880000,0x00000000d5880000)
  from space 2560K, 80% used [0x00000000d5c80000,0x00000000d5e80800,0x00000000d5f00000)
  to   space 2560K, 0% used [0x00000000d5a00000,0x00000000d5a00000,0x00000000d5c80000)
 ParOldGen       total 811008K, used 810724K [0x0000000080000000, 0x00000000b1800000, 0x00000000d5580000)
  object space 811008K, 99% used [0x0000000080000000,0x00000000b17b92e8,0x00000000b1800000)
 Metaspace       used 80634K, committed 82304K, reserved 1179648K
  class space    used 7964K, committed 8704K, reserved 1048576K
}
Event: 4709.733 GC heap after
{Heap after GC invocations=2591 (full 5):
 PSYoungGen      total 6656K, used 2533K [0x00000000d5580000, 0x00000000d6380000, 0x0000000100000000)
  eden space 4096K, 0% used [0x00000000d5580000,0x00000000d5580000,0x00000000d5980000)
  from space 2560K, 98% used [0x00000000d5a00000,0x00000000d5c79400,0x00000000d5c80000)
  to   space 5120K, 0% used [0x00000000d5e80000,0x00000000d5e80000,0x00000000d6380000)
 ParOldGen       total 812544K, used 812469K [0x0000000080000000, 0x00000000b1980000, 0x00000000d5580000)
  object space 812544K, 99% used [0x0000000080000000,0x00000000b196d6e8,0x00000000b1980000)
 Metaspace       used 80634K, committed 82304K, reserved 1179648K
  class space    used 7964K, committed 8704K, reserved 1048576K
}
Event: 4709.777 GC heap before
{Heap before GC invocations=2592 (full 5):
 PSYoungGen      total 6656K, used 6629K [0x00000000d5580000, 0x00000000d6380000, 0x0000000100000000)
  eden space 4096K, 100% used [0x00000000d5580000,0x00000000d5980000,0x00000000d5980000)
  from space 2560K, 98% used [0x00000000d5a00000,0x00000000d5c79400,0x00000000d5c80000)
  to   space 5120K, 0% used [0x00000000d5e80000,0x00000000d5e80000,0x00000000d6380000)
 ParOldGen       total 812544K, used 812469K [0x0000000080000000, 0x00000000b1980000, 0x00000000d5580000)
  object space 812544K, 99% used [0x0000000080000000,0x00000000b196d6e8,0x00000000b1980000)
 Metaspace       used 80634K, committed 82304K, reserved 1179648K
  class space    used 7964K, committed 8704K, reserved 1048576K
}
Event: 4709.783 GC heap after
{Heap after GC invocations=2592 (full 5):
 PSYoungGen      total 9216K, used 3668K [0x00000000d5580000, 0x00000000d6280000, 0x0000000100000000)
  eden space 5120K, 0% used [0x00000000d5580000,0x00000000d5580000,0x00000000d5a80000)
  from space 4096K, 89% used [0x00000000d5e80000,0x00000000d6215198,0x00000000d6280000)
  to   space 4096K, 0% used [0x00000000d5a80000,0x00000000d5a80000,0x00000000d5e80000)
 ParOldGen       total 815104K, used 814625K [0x0000000080000000, 0x00000000b1c00000, 0x00000000d5580000)
  object space 815104K, 99% used [0x0000000080000000,0x00000000b1b886e8,0x00000000b1c00000)
 Metaspace       used 80634K, committed 82304K, reserved 1179648K
  class space    used 7964K, committed 8704K, reserved 1048576K
}
Event: 4709.794 GC heap before
{Heap before GC invocations=2593 (full 5):
 PSYoungGen      total 9216K, used 8788K [0x00000000d5580000, 0x00000000d6280000, 0x0000000100000000)
  eden space 5120K, 100% used [0x00000000d5580000,0x00000000d5a80000,0x00000000d5a80000)
  from space 4096K, 89% used [0x00000000d5e80000,0x00000000d6215198,0x00000000d6280000)
  to   space 4096K, 0% used [0x00000000d5a80000,0x00000000d5a80000,0x00000000d5e80000)
 ParOldGen       total 815104K, used 814625K [0x0000000080000000, 0x00000000b1c00000, 0x00000000d5580000)
  object space 815104K, 99% used [0x0000000080000000,0x00000000b1b886e8,0x00000000b1c00000)
 Metaspace       used 80634K, committed 82304K, reserved 1179648K
  class space    used 7964K, committed 8704K, reserved 1048576K
}
Event: 4709.801 GC heap after
{Heap after GC invocations=2593 (full 5):
 PSYoungGen      total 9216K, used 4079K [0x00000000d5580000, 0x00000000d6e80000, 0x0000000100000000)
  eden space 5120K, 0% used [0x00000000d5580000,0x00000000d5580000,0x00000000d5a80000)
  from space 4096K, 99% used [0x00000000d5a80000,0x00000000d5e7bdd0,0x00000000d5e80000)
  to   space 9728K, 0% used [0x00000000d6500000,0x00000000d6500000,0x00000000d6e80000)
 ParOldGen       total 819712K, used 819268K [0x0000000080000000, 0x00000000b2080000, 0x00000000d5580000)
  object space 819712K, 99% used [0x0000000080000000,0x00000000b2011290,0x00000000b2080000)
 Metaspace       used 80634K, committed 82304K, reserved 1179648K
  class space    used 7964K, committed 8704K, reserved 1048576K
}
Event: 4709.820 GC heap before
{Heap before GC invocations=2594 (full 5):
 PSYoungGen      total 9216K, used 8645K [0x00000000d5580000, 0x00000000d6e80000, 0x0000000100000000)
  eden space 5120K, 89% used [0x00000000d5580000,0x00000000d59f56c0,0x00000000d5a80000)
  from space 4096K, 99% used [0x00000000d5a80000,0x00000000d5e7bdd0,0x00000000d5e80000)
  to   space 9728K, 0% used [0x00000000d6500000,0x00000000d6500000,0x00000000d6e80000)
 ParOldGen       total 819712K, used 819268K [0x0000000080000000, 0x00000000b2080000, 0x00000000d5580000)
  object space 819712K, 99% used [0x0000000080000000,0x00000000b2011290,0x00000000b2080000)
 Metaspace       used 80634K, committed 82304K, reserved 1179648K
  class space    used 7964K, committed 8704K, reserved 1048576K
}
Event: 4709.828 GC heap after
{Heap after GC invocations=2594 (full 5):
 PSYoungGen      total 10240K, used 3965K [0x00000000d5580000, 0x00000000d6900000, 0x0000000100000000)
  eden space 6144K, 0% used [0x00000000d5580000,0x00000000d5580000,0x00000000d5b80000)
  from space 4096K, 96% used [0x00000000d6500000,0x00000000d68df630,0x00000000d6900000)
  to   space 6144K, 0% used [0x00000000d5d00000,0x00000000d5d00000,0x00000000d6300000)
 ParOldGen       total 823808K, used 823391K [0x0000000080000000, 0x00000000b2480000, 0x00000000d5580000)
  object space 823808K, 99% used [0x0000000080000000,0x00000000b2417cc0,0x00000000b2480000)
 Metaspace       used 80634K, committed 82304K, reserved 1179648K
  class space    used 7964K, committed 8704K, reserved 1048576K
}
Event: 4709.874 GC heap before
{Heap before GC invocations=2595 (full 5):
 PSYoungGen      total 10240K, used 10109K [0x00000000d5580000, 0x00000000d6900000, 0x0000000100000000)
  eden space 6144K, 100% used [0x00000000d5580000,0x00000000d5b80000,0x00000000d5b80000)
  from space 4096K, 96% used [0x00000000d6500000,0x00000000d68df630,0x00000000d6900000)
  to   space 6144K, 0% used [0x00000000d5d00000,0x00000000d5d00000,0x00000000d6300000)
 ParOldGen       total 823808K, used 823391K [0x0000000080000000, 0x00000000b2480000, 0x00000000d5580000)
  object space 823808K, 99% used [0x0000000080000000,0x00000000b2417cc0,0x00000000b2480000)
 Metaspace       used 80637K, committed 82304K, reserved 1179648K
  class space    used 7964K, committed 8704K, reserved 1048576K
}
Event: 4709.880 GC heap after
{Heap after GC invocations=2595 (full 5):
 PSYoungGen      total 10240K, used 2236K [0x00000000d5580000, 0x00000000d6580000, 0x0000000100000000)
  eden space 7680K, 0% used [0x00000000d5580000,0x00000000d5580000,0x00000000d5d00000)
  from space 2560K, 87% used [0x00000000d5d00000,0x00000000d5f2f050,0x00000000d5f80000)
  to   space 3584K, 0% used [0x00000000d6200000,0x00000000d6200000,0x00000000d6580000)
 ParOldGen       total 826880K, used 826781K [0x0000000080000000, 0x00000000b2780000, 0x00000000d5580000)
  object space 826880K, 99% used [0x0000000080000000,0x00000000b27676a0,0x00000000b2780000)
 Metaspace       used 80637K, committed 82304K, reserved 1179648K
  class space    used 7964K, committed 8704K, reserved 1048576K
}
Event: 4709.922 GC heap before
{Heap before GC invocations=2596 (full 5):
 PSYoungGen      total 10240K, used 9916K [0x00000000d5580000, 0x00000000d6580000, 0x0000000100000000)
  eden space 7680K, 100% used [0x00000000d5580000,0x00000000d5d00000,0x00000000d5d00000)
  from space 2560K, 87% used [0x00000000d5d00000,0x00000000d5f2f050,0x00000000d5f80000)
  to   space 3584K, 0% used [0x00000000d6200000,0x00000000d6200000,0x00000000d6580000)
 ParOldGen       total 826880K, used 826781K [0x0000000080000000, 0x00000000b2780000, 0x00000000d5580000)
  object space 826880K, 99% used [0x0000000080000000,0x00000000b27676a0,0x00000000b2780000)
 Metaspace       used 80638K, committed 82304K, reserved 1179648K
  class space    used 7964K, committed 8704K, reserved 1048576K
}
Event: 4709.929 GC heap after
{Heap after GC invocations=2596 (full 5):
 PSYoungGen      total 8704K, used 3574K [0x00000000d5580000, 0x00000000d6d80000, 0x0000000100000000)
  eden space 5120K, 0% used [0x00000000d5580000,0x00000000d5580000,0x00000000d5a80000)
  from space 3584K, 99% used [0x00000000d6200000,0x00000000d657d910,0x00000000d6580000)
  to   space 7680K, 0% used [0x00000000d5a80000,0x00000000d5a80000,0x00000000d6200000)
 ParOldGen       total 830464K, used 829796K [0x0000000080000000, 0x00000000b2b00000, 0x00000000d5580000)
  object space 830464K, 99% used [0x0000000080000000,0x00000000b2a591f0,0x00000000b2b00000)
 Metaspace       used 80638K, committed 82304K, reserved 1179648K
  class space    used 7964K, committed 8704K, reserved 1048576K
}
Event: 4710.058 GC heap before
{Heap before GC invocations=2597 (full 5):
 PSYoungGen      total 8704K, used 8694K [0x00000000d5580000, 0x00000000d6d80000, 0x0000000100000000)
  eden space 5120K, 100% used [0x00000000d5580000,0x00000000d5a80000,0x00000000d5a80000)
  from space 3584K, 99% used [0x00000000d6200000,0x00000000d657d910,0x00000000d6580000)
  to   space 7680K, 0% used [0x00000000d5a80000,0x00000000d5a80000,0x00000000d6200000)
 ParOldGen       total 830464K, used 829796K [0x0000000080000000, 0x00000000b2b00000, 0x00000000d5580000)
  object space 830464K, 99% used [0x0000000080000000,0x00000000b2a591f0,0x00000000b2b00000)
 Metaspace       used 80640K, committed 82304K, reserved 1179648K
  class space    used 7964K, committed 8704K, reserved 1048576K
}
Event: 4710.064 GC heap after
{Heap after GC invocations=2597 (full 5):
 PSYoungGen      total 6144K, used 896K [0x00000000d5580000, 0x00000000d6280000, 0x0000000100000000)
  eden space 5120K, 0% used [0x00000000d5580000,0x00000000d5580000,0x00000000d5a80000)
  from space 1024K, 87% used [0x00000000d5a80000,0x00000000d5b60000,0x00000000d5b80000)
  to   space 3072K, 0% used [0x00000000d5f80000,0x00000000d5f80000,0x00000000d6280000)
 ParOldGen       total 830976K, used 830508K [0x0000000080000000, 0x00000000b2b80000, 0x00000000d5580000)
  object space 830976K, 99% used [0x0000000080000000,0x00000000b2b0b200,0x00000000b2b80000)
 Metaspace       used 80640K, committed 82304K, reserved 1179648K
  class space    used 7964K, committed 8704K, reserved 1048576K
}

