# JRE version: OpenJDK Runtime Environment Temurin-21.0.7+6 (21.0.7+6) (build 21.0.7+6-LTS)
# Java VM: OpenJDK 64-Bit Server VM Temurin-21.0.7+6 (21.0.7+6-LTS, mixed mode, sharing, tiered, compressed oops, compressed class ptrs, parallel gc, windows-amd64)
GC Precious Log:
 CardTable entry size: 512
 CPUs: 4 total, 4 available
 Memory: 8101M
 Large Page Support: Disabled
 NUMA Support: Disabled
 Compressed Oops: Enabled (32-bit)
 Alignments: Space 512K, Generation 512K, Heap 2M
 Heap Min Capacity: 100M
 Heap Initial Capacity: 100M
 Heap Max Capacity: 2G
 Pre-touch: Disabled
 Parallel Workers: 4
Heap:
 PSYoungGen      total 4096K, used 2260K [0x00000000d5580000, 0x00000000d5b00000, 0x0000000100000000)
  eden space 3584K, 49% used [0x00000000d5580000,0x00000000d5737ff8,0x00000000d5900000)
  from space 512K, 97% used [0x00000000d5a00000,0x00000000d5a7d200,0x00000000d5a80000)
  to   space 1024K, 0% used [0x00000000d5900000,0x00000000d5900000,0x00000000d5a00000)
 ParOldGen       total 718336K, used 647713K [0x0000000080000000, 0x00000000abd80000, 0x00000000d5580000)
  object space 718336K, 90% used [0x0000000080000000,0x00000000a7888708,0x00000000abd80000)
 Metaspace       used 80750K, committed 82624K, reserved 1179648K
  class space    used 8009K, committed 8896K, reserved 1048576K
GC Heap History (20 events):
Event: 740.234 GC heap before
{Heap before GC invocations=1705 (full 4):
 PSYoungGen      total 4096K, used 4096K [0x00000000d5580000, 0x00000000d5b00000, 0x0000000100000000)
  eden space 3584K, 100% used [0x00000000d5580000,0x00000000d5900000,0x00000000d5900000)
  from space 512K, 100% used [0x00000000d5a00000,0x00000000d5a80000,0x00000000d5a80000)
  to   space 1024K, 0% used [0x00000000d5900000,0x00000000d5900000,0x00000000d5a00000)
 ParOldGen       total 718336K, used 645308K [0x0000000080000000, 0x00000000abd80000, 0x00000000d5580000)
  object space 718336K, 89% used [0x0000000080000000,0x00000000a762f2b8,0x00000000abd80000)
 Metaspace       used 80179K, committed 81984K, reserved 1179648K
  class space    used 7907K, committed 8768K, reserved 1048576K
}
Event: 740.237 GC heap after
{Heap after GC invocations=1705 (full 4):
 PSYoungGen      total 4608K, used 698K [0x00000000d5580000, 0x00000000d5b00000, 0x0000000100000000)
  eden space 3584K, 0% used [0x00000000d5580000,0x00000000d5580000,0x00000000d5900000)
  from space 1024K, 68% used [0x00000000d5900000,0x00000000d59ae900,0x00000000d5a00000)
  to   space 1024K, 0% used [0x00000000d5a00000,0x00000000d5a00000,0x00000000d5b00000)
 ParOldGen       total 718336K, used 645788K [0x0000000080000000, 0x00000000abd80000, 0x00000000d5580000)
  object space 718336K, 89% used [0x0000000080000000,0x00000000a76a72b8,0x00000000abd80000)
 Metaspace       used 80179K, committed 81984K, reserved 1179648K
  class space    used 7907K, committed 8768K, reserved 1048576K
}
Event: 740.306 GC heap before
{Heap before GC invocations=1706 (full 4):
 PSYoungGen      total 4608K, used 4282K [0x00000000d5580000, 0x00000000d5b00000, 0x0000000100000000)
  eden space 3584K, 100% used [0x00000000d5580000,0x00000000d5900000,0x00000000d5900000)
  from space 1024K, 68% used [0x00000000d5900000,0x00000000d59ae900,0x00000000d5a00000)
  to   space 1024K, 0% used [0x00000000d5a00000,0x00000000d5a00000,0x00000000d5b00000)
 ParOldGen       total 718336K, used 645788K [0x0000000080000000, 0x00000000abd80000, 0x00000000d5580000)
  object space 718336K, 89% used [0x0000000080000000,0x00000000a76a72b8,0x00000000abd80000)
 Metaspace       used 80528K, committed 82368K, reserved 1179648K
  class space    used 7977K, committed 8832K, reserved 1048576K
}
Event: 740.308 GC heap after
{Heap after GC invocations=1706 (full 4):
 PSYoungGen      total 4608K, used 416K [0x00000000d5580000, 0x00000000d5b00000, 0x0000000100000000)
  eden space 3584K, 0% used [0x00000000d5580000,0x00000000d5580000,0x00000000d5900000)
  from space 1024K, 40% used [0x00000000d5a00000,0x00000000d5a68000,0x00000000d5b00000)
  to   space 1024K, 0% used [0x00000000d5900000,0x00000000d5900000,0x00000000d5a00000)
 ParOldGen       total 718336K, used 646417K [0x0000000080000000, 0x00000000abd80000, 0x00000000d5580000)
  object space 718336K, 89% used [0x0000000080000000,0x00000000a77444c8,0x00000000abd80000)
 Metaspace       used 80528K, committed 82368K, reserved 1179648K
  class space    used 7977K, committed 8832K, reserved 1048576K
}
Event: 740.623 GC heap before
{Heap before GC invocations=1707 (full 4):
 PSYoungGen      total 4608K, used 4000K [0x00000000d5580000, 0x00000000d5b00000, 0x0000000100000000)
  eden space 3584K, 100% used [0x00000000d5580000,0x00000000d5900000,0x00000000d5900000)
  from space 1024K, 40% used [0x00000000d5a00000,0x00000000d5a68000,0x00000000d5b00000)
  to   space 1024K, 0% used [0x00000000d5900000,0x00000000d5900000,0x00000000d5a00000)
 ParOldGen       total 718336K, used 646417K [0x0000000080000000, 0x00000000abd80000, 0x00000000d5580000)
  object space 718336K, 89% used [0x0000000080000000,0x00000000a77444c8,0x00000000abd80000)
 Metaspace       used 80712K, committed 82560K, reserved 1179648K
  class space    used 8008K, committed 8896K, reserved 1048576K
}
Event: 740.626 GC heap after
{Heap after GC invocations=1707 (full 4):
 PSYoungGen      total 4608K, used 192K [0x00000000d5580000, 0x00000000d5a80000, 0x0000000100000000)
  eden space 3584K, 0% used [0x00000000d5580000,0x00000000d5580000,0x00000000d5900000)
  from space 1024K, 18% used [0x00000000d5900000,0x00000000d5930000,0x00000000d5a00000)
  to   space 512K, 0% used [0x00000000d5a00000,0x00000000d5a00000,0x00000000d5a80000)
 ParOldGen       total 718336K, used 646709K [0x0000000080000000, 0x00000000abd80000, 0x00000000d5580000)
  object space 718336K, 90% used [0x0000000080000000,0x00000000a778d4d8,0x00000000abd80000)
 Metaspace       used 80712K, committed 82560K, reserved 1179648K
  class space    used 8008K, committed 8896K, reserved 1048576K
}
Event: 740.640 GC heap before
{Heap before GC invocations=1708 (full 4):
 PSYoungGen      total 4608K, used 3775K [0x00000000d5580000, 0x00000000d5a80000, 0x0000000100000000)
  eden space 3584K, 99% used [0x00000000d5580000,0x00000000d58ffff0,0x00000000d5900000)
  from space 1024K, 18% used [0x00000000d5900000,0x00000000d5930000,0x00000000d5a00000)
  to   space 512K, 0% used [0x00000000d5a00000,0x00000000d5a00000,0x00000000d5a80000)
 ParOldGen       total 718336K, used 646709K [0x0000000080000000, 0x00000000abd80000, 0x00000000d5580000)
  object space 718336K, 90% used [0x0000000080000000,0x00000000a778d4d8,0x00000000abd80000)
 Metaspace       used 80712K, committed 82560K, reserved 1179648K
  class space    used 8008K, committed 8896K, reserved 1048576K
}
Event: 740.644 GC heap after
{Heap after GC invocations=1708 (full 4):
 PSYoungGen      total 4096K, used 500K [0x00000000d5580000, 0x00000000d5b00000, 0x0000000100000000)
  eden space 3584K, 0% used [0x00000000d5580000,0x00000000d5580000,0x00000000d5900000)
  from space 512K, 97% used [0x00000000d5a00000,0x00000000d5a7d200,0x00000000d5a80000)
  to   space 1024K, 0% used [0x00000000d5900000,0x00000000d5900000,0x00000000d5a00000)
 ParOldGen       total 718336K, used 646877K [0x0000000080000000, 0x00000000abd80000, 0x00000000d5580000)
  object space 718336K, 90% used [0x0000000080000000,0x00000000a77b74d8,0x00000000abd80000)
 Metaspace       used 80712K, committed 82560K, reserved 1179648K
  class space    used 8008K, committed 8896K, reserved 1048576K
}
Event: 740.660 GC heap before
{Heap before GC invocations=1709 (full 4):
 PSYoungGen      total 4096K, used 4084K [0x00000000d5580000, 0x00000000d5b00000, 0x0000000100000000)
  eden space 3584K, 100% used [0x00000000d5580000,0x00000000d5900000,0x00000000d5900000)
  from space 512K, 97% used [0x00000000d5a00000,0x00000000d5a7d200,0x00000000d5a80000)
  to   space 1024K, 0% used [0x00000000d5900000,0x00000000d5900000,0x00000000d5a00000)
 ParOldGen       total 718336K, used 646877K [0x0000000080000000, 0x00000000abd80000, 0x00000000d5580000)
  object space 718336K, 90% used [0x0000000080000000,0x00000000a77b74d8,0x00000000abd80000)
 Metaspace       used 80735K, committed 82624K, reserved 1179648K
  class space    used 8008K, committed 8896K, reserved 1048576K
}
Event: 740.665 GC heap after
{Heap after GC invocations=1709 (full 4):
 PSYoungGen      total 4608K, used 708K [0x00000000d5580000, 0x00000000d5b00000, 0x0000000100000000)
  eden space 3584K, 0% used [0x00000000d5580000,0x00000000d5580000,0x00000000d5900000)
  from space 1024K, 69% used [0x00000000d5900000,0x00000000d59b1210,0x00000000d5a00000)
  to   space 1024K, 0% used [0x00000000d5a00000,0x00000000d5a00000,0x00000000d5b00000)
 ParOldGen       total 718336K, used 647369K [0x0000000080000000, 0x00000000abd80000, 0x00000000d5580000)
  object space 718336K, 90% used [0x0000000080000000,0x00000000a78326e8,0x00000000abd80000)
 Metaspace       used 80735K, committed 82624K, reserved 1179648K
  class space    used 8008K, committed 8896K, reserved 1048576K
}
Event: 740.967 GC heap before
{Heap before GC invocations=1710 (full 4):
 PSYoungGen      total 4608K, used 4292K [0x00000000d5580000, 0x00000000d5b00000, 0x0000000100000000)
  eden space 3584K, 100% used [0x00000000d5580000,0x00000000d5900000,0x00000000d5900000)
  from space 1024K, 69% used [0x00000000d5900000,0x00000000d59b1210,0x00000000d5a00000)
  to   space 1024K, 0% used [0x00000000d5a00000,0x00000000d5a00000,0x00000000d5b00000)
 ParOldGen       total 718336K, used 647369K [0x0000000080000000, 0x00000000abd80000, 0x00000000d5580000)
  object space 718336K, 90% used [0x0000000080000000,0x00000000a78326e8,0x00000000abd80000)
 Metaspace       used 80736K, committed 82624K, reserved 1179648K
  class space    used 8008K, committed 8896K, reserved 1048576K
}
Event: 740.970 GC heap after
{Heap after GC invocations=1710 (full 4):
 PSYoungGen      total 4608K, used 474K [0x00000000d5580000, 0x00000000d5b00000, 0x0000000100000000)
  eden space 3584K, 0% used [0x00000000d5580000,0x00000000d5580000,0x00000000d5900000)
  from space 1024K, 46% used [0x00000000d5a00000,0x00000000d5a76900,0x00000000d5b00000)
  to   space 1024K, 0% used [0x00000000d5900000,0x00000000d5900000,0x00000000d5a00000)
 ParOldGen       total 718336K, used 647529K [0x0000000080000000, 0x00000000abd80000, 0x00000000d5580000)
  object space 718336K, 90% used [0x0000000080000000,0x00000000a785a6e8,0x00000000abd80000)
 Metaspace       used 80736K, committed 82624K, reserved 1179648K
  class space    used 8008K, committed 8896K, reserved 1048576K
}
Event: 740.985 GC heap before
{Heap before GC invocations=1711 (full 4):
 PSYoungGen      total 4608K, used 4058K [0x00000000d5580000, 0x00000000d5b00000, 0x0000000100000000)
  eden space 3584K, 100% used [0x00000000d5580000,0x00000000d5900000,0x00000000d5900000)
  from space 1024K, 46% used [0x00000000d5a00000,0x00000000d5a76900,0x00000000d5b00000)
  to   space 1024K, 0% used [0x00000000d5900000,0x00000000d5900000,0x00000000d5a00000)
 ParOldGen       total 718336K, used 647529K [0x0000000080000000, 0x00000000abd80000, 0x00000000d5580000)
  object space 718336K, 90% used [0x0000000080000000,0x00000000a785a6e8,0x00000000abd80000)
 Metaspace       used 80736K, committed 82624K, reserved 1179648K
  class space    used 8008K, committed 8896K, reserved 1048576K
}
Event: 740.988 GC heap after
{Heap after GC invocations=1711 (full 4):
 PSYoungGen      total 4608K, used 218K [0x00000000d5580000, 0x00000000d5a80000, 0x0000000100000000)
  eden space 3584K, 0% used [0x00000000d5580000,0x00000000d5580000,0x00000000d5900000)
  from space 1024K, 21% used [0x00000000d5900000,0x00000000d5936920,0x00000000d5a00000)
  to   space 512K, 0% used [0x00000000d5a00000,0x00000000d5a00000,0x00000000d5a80000)
 ParOldGen       total 718336K, used 647545K [0x0000000080000000, 0x00000000abd80000, 0x00000000d5580000)
  object space 718336K, 90% used [0x0000000080000000,0x00000000a785e6e8,0x00000000abd80000)
 Metaspace       used 80736K, committed 82624K, reserved 1179648K
  class space    used 8008K, committed 8896K, reserved 1048576K
}
Event: 742.559 GC heap before
{Heap before GC invocations=1712 (full 4):
 PSYoungGen      total 4608K, used 3802K [0x00000000d5580000, 0x00000000d5a80000, 0x0000000100000000)
  eden space 3584K, 100% used [0x00000000d5580000,0x00000000d5900000,0x00000000d5900000)
  from space 1024K, 21% used [0x00000000d5900000,0x00000000d5936920,0x00000000d5a00000)
  to   space 512K, 0% used [0x00000000d5a00000,0x00000000d5a00000,0x00000000d5a80000)
 ParOldGen       total 718336K, used 647545K [0x0000000080000000, 0x00000000abd80000, 0x00000000d5580000)
  object space 718336K, 90% used [0x0000000080000000,0x00000000a785e6e8,0x00000000abd80000)
 Metaspace       used 80745K, committed 82624K, reserved 1179648K
  class space    used 8009K, committed 8896K, reserved 1048576K
}
Event: 742.562 GC heap after
{Heap after GC invocations=1712 (full 4):
 PSYoungGen      total 4096K, used 224K [0x00000000d5580000, 0x00000000d5a80000, 0x0000000100000000)
  eden space 3584K, 0% used [0x00000000d5580000,0x00000000d5580000,0x00000000d5900000)
  from space 512K, 43% used [0x00000000d5a00000,0x00000000d5a38000,0x00000000d5a80000)
  to   space 512K, 0% used [0x00000000d5980000,0x00000000d5980000,0x00000000d5a00000)
 ParOldGen       total 718336K, used 647633K [0x0000000080000000, 0x00000000abd80000, 0x00000000d5580000)
  object space 718336K, 90% used [0x0000000080000000,0x00000000a7874708,0x00000000abd80000)
 Metaspace       used 80745K, committed 82624K, reserved 1179648K
  class space    used 8009K, committed 8896K, reserved 1048576K
}
Event: 743.529 GC heap before
{Heap before GC invocations=1713 (full 4):
 PSYoungGen      total 4096K, used 3808K [0x00000000d5580000, 0x00000000d5a80000, 0x0000000100000000)
  eden space 3584K, 100% used [0x00000000d5580000,0x00000000d5900000,0x00000000d5900000)
  from space 512K, 43% used [0x00000000d5a00000,0x00000000d5a38000,0x00000000d5a80000)
  to   space 512K, 0% used [0x00000000d5980000,0x00000000d5980000,0x00000000d5a00000)
 ParOldGen       total 718336K, used 647633K [0x0000000080000000, 0x00000000abd80000, 0x00000000d5580000)
  object space 718336K, 90% used [0x0000000080000000,0x00000000a7874708,0x00000000abd80000)
 Metaspace       used 80749K, committed 82624K, reserved 1179648K
  class space    used 8009K, committed 8896K, reserved 1048576K
}
Event: 743.535 GC heap after
{Heap after GC invocations=1713 (full 4):
 PSYoungGen      total 4096K, used 128K [0x00000000d5580000, 0x00000000d5a80000, 0x0000000100000000)
  eden space 3584K, 0% used [0x00000000d5580000,0x00000000d5580000,0x00000000d5900000)
  from space 512K, 25% used [0x00000000d5980000,0x00000000d59a0000,0x00000000d5a00000)
  to   space 512K, 0% used [0x00000000d5a00000,0x00000000d5a00000,0x00000000d5a80000)
 ParOldGen       total 718336K, used 647665K [0x0000000080000000, 0x00000000abd80000, 0x00000000d5580000)
  object space 718336K, 90% used [0x0000000080000000,0x00000000a787c708,0x00000000abd80000)
 Metaspace       used 80749K, committed 82624K, reserved 1179648K
  class space    used 8009K, committed 8896K, reserved 1048576K
}
Event: 743.554 GC heap before
{Heap before GC invocations=1714 (full 4):
 PSYoungGen      total 4096K, used 3712K [0x00000000d5580000, 0x00000000d5a80000, 0x0000000100000000)
  eden space 3584K, 100% used [0x00000000d5580000,0x00000000d5900000,0x00000000d5900000)
  from space 512K, 25% used [0x00000000d5980000,0x00000000d59a0000,0x00000000d5a00000)
  to   space 512K, 0% used [0x00000000d5a00000,0x00000000d5a00000,0x00000000d5a80000)
 ParOldGen       total 718336K, used 647665K [0x0000000080000000, 0x00000000abd80000, 0x00000000d5580000)
  object space 718336K, 90% used [0x0000000080000000,0x00000000a787c708,0x00000000abd80000)
 Metaspace       used 80749K, committed 82624K, reserved 1179648K
  class space    used 8009K, committed 8896K, reserved 1048576K
}
Event: 743.556 GC heap after
{Heap after GC invocations=1714 (full 4):
 PSYoungGen      total 4096K, used 500K [0x00000000d5580000, 0x00000000d5b00000, 0x0000000100000000)
  eden space 3584K, 0% used [0x00000000d5580000,0x00000000d5580000,0x00000000d5900000)
  from space 512K, 97% used [0x00000000d5a00000,0x00000000d5a7d200,0x00000000d5a80000)
  to   space 1024K, 0% used [0x00000000d5900000,0x00000000d5900000,0x00000000d5a00000)
 ParOldGen       total 718336K, used 647713K [0x0000000080000000, 0x00000000abd80000, 0x00000000d5580000)
  object space 718336K, 90% used [0x0000000080000000,0x00000000a7888708,0x00000000abd80000)
 Metaspace       used 80749K, committed 82624K, reserved 1179648K
  class space    used 8009K, committed 8896K, reserved 1048576K
}

