# JRE version: OpenJDK Runtime Environment Temurin-21.0.7+6 (21.0.7+6) (build 21.0.7+6-LTS)
# Java VM: OpenJDK 64-Bit Server VM Temurin-21.0.7+6 (21.0.7+6-LTS, mixed mode, sharing, tiered, compressed oops, compressed class ptrs, parallel gc, windows-amd64)
GC Precious Log:
 CardTable entry size: 512
 CPUs: 4 total, 4 available
 Memory: 8101M
 Large Page Support: Disabled
 NUMA Support: Disabled
 Compressed Oops: Enabled (32-bit)
 Alignments: Space 512K, Generation 512K, Heap 2M
 Heap Min Capacity: 100M
 Heap Initial Capacity: 100M
 Heap Max Capacity: 2G
 Pre-touch: Disabled
 Parallel Workers: 4
Heap:
 PSYoungGen      total 4608K, used 3751K [0x00000000d5580000, 0x00000000d5c00000, 0x0000000100000000)
  eden space 2560K, 76% used [0x00000000d5580000,0x00000000d5769c58,0x00000000d5800000)
  from space 2048K, 87% used [0x00000000d5a00000,0x00000000d5bc0000,0x00000000d5c00000)
  to   space 2048K, 0% used [0x00000000d5800000,0x00000000d5800000,0x00000000d5a00000)
 ParOldGen       total 307200K, used 306838K [0x0000000080000000, 0x0000000092c00000, 0x00000000d5580000)
  object space 307200K, 99% used [0x0000000080000000,0x0000000092ba5a38,0x0000000092c00000)
 Metaspace       used 74908K, committed 76544K, reserved 1179648K
  class space    used 7453K, committed 8192K, reserved 1048576K
GC Heap History (20 events):
Event: 2482.026 GC heap before
{Heap before GC invocations=358 (full 3):
 PSYoungGen      total 3584K, used 3558K [0x00000000d5580000, 0x00000000d5f00000, 0x0000000100000000)
  eden space 2048K, 100% used [0x00000000d5580000,0x00000000d5780000,0x00000000d5780000)
  from space 1536K, 98% used [0x00000000d5a80000,0x00000000d5bf9800,0x00000000d5c00000)
  to   space 3072K, 0% used [0x00000000d5780000,0x00000000d5780000,0x00000000d5a80000)
 ParOldGen       total 292864K, used 292681K [0x0000000080000000, 0x0000000091e00000, 0x00000000d5580000)
  object space 292864K, 99% used [0x0000000080000000,0x0000000091dd27c8,0x0000000091e00000)
 Metaspace       used 74890K, committed 76480K, reserved 1179648K
  class space    used 7453K, committed 8192K, reserved 1048576K
}
Event: 2482.029 GC heap after
{Heap after GC invocations=358 (full 3):
 PSYoungGen      total 3584K, used 1488K [0x00000000d5580000, 0x00000000d5b80000, 0x0000000100000000)
  eden space 2048K, 0% used [0x00000000d5580000,0x00000000d5580000,0x00000000d5780000)
  from space 1536K, 96% used [0x00000000d5780000,0x00000000d58f4000,0x00000000d5900000)
  to   space 2048K, 0% used [0x00000000d5980000,0x00000000d5980000,0x00000000d5b80000)
 ParOldGen       total 294400K, used 293905K [0x0000000080000000, 0x0000000091f80000, 0x00000000d5580000)
  object space 294400K, 99% used [0x0000000080000000,0x0000000091f047c8,0x0000000091f80000)
 Metaspace       used 74890K, committed 76480K, reserved 1179648K
  class space    used 7453K, committed 8192K, reserved 1048576K
}
Event: 2482.042 GC heap before
{Heap before GC invocations=359 (full 3):
 PSYoungGen      total 3584K, used 2973K [0x00000000d5580000, 0x00000000d5b80000, 0x0000000100000000)
  eden space 2048K, 72% used [0x00000000d5580000,0x00000000d56f3638,0x00000000d5780000)
  from space 1536K, 96% used [0x00000000d5780000,0x00000000d58f4000,0x00000000d5900000)
  to   space 2048K, 0% used [0x00000000d5980000,0x00000000d5980000,0x00000000d5b80000)
 ParOldGen       total 294400K, used 293905K [0x0000000080000000, 0x0000000091f80000, 0x00000000d5580000)
  object space 294400K, 99% used [0x0000000080000000,0x0000000091f047c8,0x0000000091f80000)
 Metaspace       used 74896K, committed 76544K, reserved 1179648K
  class space    used 7453K, committed 8192K, reserved 1048576K
}
Event: 2482.047 GC heap after
{Heap after GC invocations=359 (full 3):
 PSYoungGen      total 2560K, used 512K [0x00000000d5580000, 0x00000000d5a00000, 0x0000000100000000)
  eden space 2048K, 0% used [0x00000000d5580000,0x00000000d5580000,0x00000000d5780000)
  from space 512K, 100% used [0x00000000d5980000,0x00000000d5a00000,0x00000000d5a00000)
  to   space 1024K, 0% used [0x00000000d5800000,0x00000000d5800000,0x00000000d5900000)
 ParOldGen       total 295424K, used 295353K [0x0000000080000000, 0x0000000092080000, 0x00000000d5580000)
  object space 295424K, 99% used [0x0000000080000000,0x000000009206e7c8,0x0000000092080000)
 Metaspace       used 74896K, committed 76544K, reserved 1179648K
  class space    used 7453K, committed 8192K, reserved 1048576K
}
Event: 2482.067 GC heap before
{Heap before GC invocations=360 (full 3):
 PSYoungGen      total 2560K, used 2560K [0x00000000d5580000, 0x00000000d5a00000, 0x0000000100000000)
  eden space 2048K, 100% used [0x00000000d5580000,0x00000000d5780000,0x00000000d5780000)
  from space 512K, 100% used [0x00000000d5980000,0x00000000d5a00000,0x00000000d5a00000)
  to   space 1024K, 0% used [0x00000000d5800000,0x00000000d5800000,0x00000000d5900000)
 ParOldGen       total 295424K, used 295353K [0x0000000080000000, 0x0000000092080000, 0x00000000d5580000)
  object space 295424K, 99% used [0x0000000080000000,0x000000009206e7c8,0x0000000092080000)
 Metaspace       used 74896K, committed 76544K, reserved 1179648K
  class space    used 7453K, committed 8192K, reserved 1048576K
}
Event: 2482.070 GC heap after
{Heap after GC invocations=360 (full 3):
 PSYoungGen      total 3072K, used 912K [0x00000000d5580000, 0x00000000d5a00000, 0x0000000100000000)
  eden space 2048K, 0% used [0x00000000d5580000,0x00000000d5580000,0x00000000d5780000)
  from space 1024K, 89% used [0x00000000d5800000,0x00000000d58e4000,0x00000000d5900000)
  to   space 1024K, 0% used [0x00000000d5900000,0x00000000d5900000,0x00000000d5a00000)
 ParOldGen       total 297984K, used 297393K [0x0000000080000000, 0x0000000092300000, 0x00000000d5580000)
  object space 297984K, 99% used [0x0000000080000000,0x000000009226c7c8,0x0000000092300000)
 Metaspace       used 74896K, committed 76544K, reserved 1179648K
  class space    used 7453K, committed 8192K, reserved 1048576K
}
Event: 2482.118 GC heap before
{Heap before GC invocations=361 (full 3):
 PSYoungGen      total 3072K, used 2960K [0x00000000d5580000, 0x00000000d5a00000, 0x0000000100000000)
  eden space 2048K, 100% used [0x00000000d5580000,0x00000000d5780000,0x00000000d5780000)
  from space 1024K, 89% used [0x00000000d5800000,0x00000000d58e4000,0x00000000d5900000)
  to   space 1024K, 0% used [0x00000000d5900000,0x00000000d5900000,0x00000000d5a00000)
 ParOldGen       total 297984K, used 297393K [0x0000000080000000, 0x0000000092300000, 0x00000000d5580000)
  object space 297984K, 99% used [0x0000000080000000,0x000000009226c7c8,0x0000000092300000)
 Metaspace       used 74898K, committed 76544K, reserved 1179648K
  class space    used 7453K, committed 8192K, reserved 1048576K
}
Event: 2482.121 GC heap after
{Heap after GC invocations=361 (full 3):
 PSYoungGen      total 3072K, used 556K [0x00000000d5580000, 0x00000000d5a00000, 0x0000000100000000)
  eden space 2048K, 0% used [0x00000000d5580000,0x00000000d5580000,0x00000000d5780000)
  from space 1024K, 54% used [0x00000000d5900000,0x00000000d598b240,0x00000000d5a00000)
  to   space 1024K, 0% used [0x00000000d5800000,0x00000000d5800000,0x00000000d5900000)
 ParOldGen       total 299008K, used 298993K [0x0000000080000000, 0x0000000092400000, 0x00000000d5580000)
  object space 299008K, 99% used [0x0000000080000000,0x00000000923fc7c8,0x0000000092400000)
 Metaspace       used 74898K, committed 76544K, reserved 1179648K
  class space    used 7453K, committed 8192K, reserved 1048576K
}
Event: 2482.140 GC heap before
{Heap before GC invocations=362 (full 3):
 PSYoungGen      total 3072K, used 2604K [0x00000000d5580000, 0x00000000d5a00000, 0x0000000100000000)
  eden space 2048K, 100% used [0x00000000d5580000,0x00000000d5780000,0x00000000d5780000)
  from space 1024K, 54% used [0x00000000d5900000,0x00000000d598b240,0x00000000d5a00000)
  to   space 1024K, 0% used [0x00000000d5800000,0x00000000d5800000,0x00000000d5900000)
 ParOldGen       total 299008K, used 298993K [0x0000000080000000, 0x0000000092400000, 0x00000000d5580000)
  object space 299008K, 99% used [0x0000000080000000,0x00000000923fc7c8,0x0000000092400000)
 Metaspace       used 74900K, committed 76544K, reserved 1179648K
  class space    used 7453K, committed 8192K, reserved 1048576K
}
Event: 2482.142 GC heap after
{Heap after GC invocations=362 (full 3):
 PSYoungGen      total 3072K, used 1008K [0x00000000d5580000, 0x00000000d5b80000, 0x0000000100000000)
  eden space 2048K, 0% used [0x00000000d5580000,0x00000000d5580000,0x00000000d5780000)
  from space 1024K, 98% used [0x00000000d5800000,0x00000000d58fc030,0x00000000d5900000)
  to   space 2048K, 0% used [0x00000000d5980000,0x00000000d5980000,0x00000000d5b80000)
 ParOldGen       total 300032K, used 299686K [0x0000000080000000, 0x0000000092500000, 0x00000000d5580000)
  object space 300032K, 99% used [0x0000000080000000,0x00000000924a9a08,0x0000000092500000)
 Metaspace       used 74900K, committed 76544K, reserved 1179648K
  class space    used 7453K, committed 8192K, reserved 1048576K
}
Event: 2482.157 GC heap before
{Heap before GC invocations=363 (full 3):
 PSYoungGen      total 3072K, used 3056K [0x00000000d5580000, 0x00000000d5b80000, 0x0000000100000000)
  eden space 2048K, 100% used [0x00000000d5580000,0x00000000d5780000,0x00000000d5780000)
  from space 1024K, 98% used [0x00000000d5800000,0x00000000d58fc030,0x00000000d5900000)
  to   space 2048K, 0% used [0x00000000d5980000,0x00000000d5980000,0x00000000d5b80000)
 ParOldGen       total 300032K, used 299686K [0x0000000080000000, 0x0000000092500000, 0x00000000d5580000)
  object space 300032K, 99% used [0x0000000080000000,0x00000000924a9a08,0x0000000092500000)
 Metaspace       used 74900K, committed 76544K, reserved 1179648K
  class space    used 7453K, committed 8192K, reserved 1048576K
}
Event: 2482.161 GC heap after
{Heap after GC invocations=363 (full 3):
 PSYoungGen      total 3584K, used 2048K [0x00000000d5580000, 0x00000000d5c80000, 0x0000000100000000)
  eden space 1536K, 0% used [0x00000000d5580000,0x00000000d5580000,0x00000000d5700000)
  from space 2048K, 100% used [0x00000000d5980000,0x00000000d5b80000,0x00000000d5b80000)
  to   space 2560K, 0% used [0x00000000d5700000,0x00000000d5700000,0x00000000d5980000)
 ParOldGen       total 301056K, used 300718K [0x0000000080000000, 0x0000000092600000, 0x00000000d5580000)
  object space 301056K, 99% used [0x0000000080000000,0x00000000925aba38,0x0000000092600000)
 Metaspace       used 74900K, committed 76544K, reserved 1179648K
  class space    used 7453K, committed 8192K, reserved 1048576K
}
Event: 2482.168 GC heap before
{Heap before GC invocations=364 (full 3):
 PSYoungGen      total 3584K, used 3584K [0x00000000d5580000, 0x00000000d5c80000, 0x0000000100000000)
  eden space 1536K, 100% used [0x00000000d5580000,0x00000000d5700000,0x00000000d5700000)
  from space 2048K, 100% used [0x00000000d5980000,0x00000000d5b80000,0x00000000d5b80000)
  to   space 2560K, 0% used [0x00000000d5700000,0x00000000d5700000,0x00000000d5980000)
 ParOldGen       total 301056K, used 300718K [0x0000000080000000, 0x0000000092600000, 0x00000000d5580000)
  object space 301056K, 99% used [0x0000000080000000,0x00000000925aba38,0x0000000092600000)
 Metaspace       used 74900K, committed 76544K, reserved 1179648K
  class space    used 7453K, committed 8192K, reserved 1048576K
}
Event: 2482.173 GC heap after
{Heap after GC invocations=364 (full 3):
 PSYoungGen      total 4096K, used 1568K [0x00000000d5580000, 0x00000000d5b80000, 0x0000000100000000)
  eden space 1536K, 0% used [0x00000000d5580000,0x00000000d5580000,0x00000000d5700000)
  from space 2560K, 61% used [0x00000000d5700000,0x00000000d5888000,0x00000000d5980000)
  to   space 2048K, 0% used [0x00000000d5980000,0x00000000d5980000,0x00000000d5b80000)
 ParOldGen       total 303104K, used 302742K [0x0000000080000000, 0x0000000092800000, 0x00000000d5580000)
  object space 303104K, 99% used [0x0000000080000000,0x00000000927a5a38,0x0000000092800000)
 Metaspace       used 74900K, committed 76544K, reserved 1179648K
  class space    used 7453K, committed 8192K, reserved 1048576K
}
Event: 2482.186 GC heap before
{Heap before GC invocations=365 (full 3):
 PSYoungGen      total 4096K, used 3104K [0x00000000d5580000, 0x00000000d5b80000, 0x0000000100000000)
  eden space 1536K, 100% used [0x00000000d5580000,0x00000000d5700000,0x00000000d5700000)
  from space 2560K, 61% used [0x00000000d5700000,0x00000000d5888000,0x00000000d5980000)
  to   space 2048K, 0% used [0x00000000d5980000,0x00000000d5980000,0x00000000d5b80000)
 ParOldGen       total 303104K, used 302742K [0x0000000080000000, 0x0000000092800000, 0x00000000d5580000)
  object space 303104K, 99% used [0x0000000080000000,0x00000000927a5a38,0x0000000092800000)
 Metaspace       used 74900K, committed 76544K, reserved 1179648K
  class space    used 7453K, committed 8192K, reserved 1048576K
}
Event: 2482.191 GC heap after
{Heap after GC invocations=365 (full 3):
 PSYoungGen      total 4096K, used 1504K [0x00000000d5580000, 0x00000000d5b80000, 0x0000000100000000)
  eden space 2048K, 0% used [0x00000000d5580000,0x00000000d5580000,0x00000000d5780000)
  from space 2048K, 73% used [0x00000000d5980000,0x00000000d5af8000,0x00000000d5b80000)
  to   space 2048K, 0% used [0x00000000d5780000,0x00000000d5780000,0x00000000d5980000)
 ParOldGen       total 304640K, used 304262K [0x0000000080000000, 0x0000000092980000, 0x00000000d5580000)
  object space 304640K, 99% used [0x0000000080000000,0x0000000092921a38,0x0000000092980000)
 Metaspace       used 74900K, committed 76544K, reserved 1179648K
  class space    used 7453K, committed 8192K, reserved 1048576K
}
Event: 2482.201 GC heap before
{Heap before GC invocations=366 (full 3):
 PSYoungGen      total 4096K, used 3469K [0x00000000d5580000, 0x00000000d5b80000, 0x0000000100000000)
  eden space 2048K, 95% used [0x00000000d5580000,0x00000000d576b798,0x00000000d5780000)
  from space 2048K, 73% used [0x00000000d5980000,0x00000000d5af8000,0x00000000d5b80000)
  to   space 2048K, 0% used [0x00000000d5780000,0x00000000d5780000,0x00000000d5980000)
 ParOldGen       total 304640K, used 304262K [0x0000000080000000, 0x0000000092980000, 0x00000000d5580000)
  object space 304640K, 99% used [0x0000000080000000,0x0000000092921a38,0x0000000092980000)
 Metaspace       used 74900K, committed 76544K, reserved 1179648K
  class space    used 7453K, committed 8192K, reserved 1048576K
}
Event: 2482.205 GC heap after
{Heap after GC invocations=366 (full 3):
 PSYoungGen      total 4096K, used 1712K [0x00000000d5580000, 0x00000000d5c00000, 0x0000000100000000)
  eden space 2048K, 0% used [0x00000000d5580000,0x00000000d5580000,0x00000000d5780000)
  from space 2048K, 83% used [0x00000000d5780000,0x00000000d592c000,0x00000000d5980000)
  to   space 2048K, 0% used [0x00000000d5a00000,0x00000000d5a00000,0x00000000d5c00000)
 ParOldGen       total 306176K, used 305726K [0x0000000080000000, 0x0000000092b00000, 0x00000000d5580000)
  object space 306176K, 99% used [0x0000000080000000,0x0000000092a8fa38,0x0000000092b00000)
 Metaspace       used 74900K, committed 76544K, reserved 1179648K
  class space    used 7453K, committed 8192K, reserved 1048576K
}
Event: 2482.250 GC heap before
{Heap before GC invocations=367 (full 3):
 PSYoungGen      total 4096K, used 3760K [0x00000000d5580000, 0x00000000d5c00000, 0x0000000100000000)
  eden space 2048K, 100% used [0x00000000d5580000,0x00000000d5780000,0x00000000d5780000)
  from space 2048K, 83% used [0x00000000d5780000,0x00000000d592c000,0x00000000d5980000)
  to   space 2048K, 0% used [0x00000000d5a00000,0x00000000d5a00000,0x00000000d5c00000)
 ParOldGen       total 306176K, used 305726K [0x0000000080000000, 0x0000000092b00000, 0x00000000d5580000)
  object space 306176K, 99% used [0x0000000080000000,0x0000000092a8fa38,0x0000000092b00000)
 Metaspace       used 74905K, committed 76544K, reserved 1179648K
  class space    used 7453K, committed 8192K, reserved 1048576K
}
Event: 2482.256 GC heap after
{Heap after GC invocations=367 (full 3):
 PSYoungGen      total 4608K, used 1792K [0x00000000d5580000, 0x00000000d5c00000, 0x0000000100000000)
  eden space 2560K, 0% used [0x00000000d5580000,0x00000000d5580000,0x00000000d5800000)
  from space 2048K, 87% used [0x00000000d5a00000,0x00000000d5bc0000,0x00000000d5c00000)
  to   space 2048K, 0% used [0x00000000d5800000,0x00000000d5800000,0x00000000d5a00000)
 ParOldGen       total 307200K, used 306838K [0x0000000080000000, 0x0000000092c00000, 0x00000000d5580000)
  object space 307200K, 99% used [0x0000000080000000,0x0000000092ba5a38,0x0000000092c00000)
 Metaspace       used 74905K, committed 76544K, reserved 1179648K
  class space    used 7453K, committed 8192K, reserved 1048576K
}

